Using pre-set license
Built from '6000.0/staging' branch; Version is '6000.0.42f1 (feb9a7235030) revision 16693671'; Using compiler version '193933523'; Build Type 'Release'
OS: 'Windows 10  (10.0.19045) 64bit ProfessionalWorkstation' Language: 'ru' Physical Memory: 15483 MB
BatchMode: 1, IsHumanControllingUs: 0, StartBugReporterOnCrash: 0, Is64bit: 1, IsPro: 1

COMMAND LINE ARGUMENTS:
C:\Program Files\Unity\Hub\Editor\6000.0.42f1-x86_64\Editor\Unity.exe
-adb2
-batchMode
-noUpm
-name
AssetImportWorker8
-projectPath
C:/Users/User794/Documents/My Games/A3DSlesher/URP3DSlesher
-logFile
Logs/AssetImportWorker8.log
-srvPort
49443
-job-worker-count
7
-background-job-worker-count
8
-gc-helper-count
1
Successfully changed project path to: C:/Users/User794/Documents/My Games/A3DSlesher/URP3DSlesher
C:/Users/User794/Documents/My Games/A3DSlesher/URP3DSlesher
[UnityMemory] Configuration Parameters - Can be set up in boot.config
    "memorysetup-bucket-allocator-granularity=16"
    "memorysetup-bucket-allocator-bucket-count=8"
    "memorysetup-bucket-allocator-block-size=33554432"
    "memorysetup-bucket-allocator-block-count=8"
    "memorysetup-main-allocator-block-size=16777216"
    "memorysetup-thread-allocator-block-size=16777216"
    "memorysetup-gfx-main-allocator-block-size=16777216"
    "memorysetup-gfx-thread-allocator-block-size=16777216"
    "memorysetup-cache-allocator-block-size=4194304"
    "memorysetup-typetree-allocator-block-size=2097152"
    "memorysetup-profiler-bucket-allocator-granularity=16"
    "memorysetup-profiler-bucket-allocator-bucket-count=8"
    "memorysetup-profiler-bucket-allocator-block-size=33554432"
    "memorysetup-profiler-bucket-allocator-block-count=8"
    "memorysetup-profiler-allocator-block-size=16777216"
    "memorysetup-profiler-editor-allocator-block-size=1048576"
    "memorysetup-temp-allocator-size-main=16777216"
    "memorysetup-job-temp-allocator-block-size=2097152"
    "memorysetup-job-temp-allocator-block-size-background=1048576"
    "memorysetup-job-temp-allocator-reduction-small-platforms=262144"
    "memorysetup-allocator-temp-initial-block-size-main=262144"
    "memorysetup-allocator-temp-initial-block-size-worker=262144"
    "memorysetup-temp-allocator-size-background-worker=32768"
    "memorysetup-temp-allocator-size-job-worker=262144"
    "memorysetup-temp-allocator-size-preload-manager=33554432"
    "memorysetup-temp-allocator-size-nav-mesh-worker=65536"
    "memorysetup-temp-allocator-size-audio-worker=65536"
    "memorysetup-temp-allocator-size-cloud-worker=32768"
    "memorysetup-temp-allocator-size-gi-baking-worker=262144"
    "memorysetup-temp-allocator-size-gi-baking-worker=262144"
    "memorysetup-temp-allocator-size-gi-baking-worker=262144"
    "memorysetup-temp-allocator-size-gi-baking-worker=262144"
    "memorysetup-temp-allocator-size-gi-baking-worker=262144"
    "memorysetup-temp-allocator-size-gfx=262144"
Player connection [7412]  Target information:

Player connection [7412]  * "[IP] 192.168.200.232 [Port] 0 [Flags] 2 [Guid] 3777579759 [EditorId] 3777579759 [Version] 1048832 [Id] WindowsEditor(7,DESKTOP-FPB70SL) [Debug] 1 [PackageName] WindowsEditor [ProjectName] Editor" 

Player connection [7412] Host joined multi-casting on [225.0.0.222:54997]...
Player connection [7412] Host joined alternative multi-casting on [225.0.0.222:34997]...
JobSystem: Creating JobQueue using job-worker-count value 7
Input System module state changed to: Initialized.
[Physics::Module] Initialized fallback backend.
[Physics::Module] Id: 0xdecafbad
Library Redirect Path: Library/
[Physics::Module] Selected backend.
[Physics::Module] Name: PhysX
[Physics::Module] Id: 0xf2b8ea05
[Physics::Module] SDK Version: 4.1.2
[Physics::Module] Integration Version: 1.0.0
[Physics::Module] Threading Mode: Multi-Threaded
Refreshing native plugins compatible for Editor in 1.88 ms, found 3 plugins.
Preloading 0 native plugins for Editor in 0.00 ms.
Initialize engine version: 6000.0.42f1 (feb9a7235030)
[Subsystems] Discovering subsystems at path C:/Program Files/Unity/Hub/Editor/6000.0.42f1-x86_64/Editor/Data/Resources/UnitySubsystems
[Subsystems] Discovering subsystems at path C:/Users/User794/Documents/My Games/A3DSlesher/URP3DSlesher/Assets
GfxDevice: creating device client; kGfxThreadingModeNonThreaded
Direct3D:
    Version:  Direct3D 11.0 [level 11.1]
    Renderer: AMD Radeon 780M Graphics (ID=0x15bf)
    Vendor:   ATI
    VRAM:     7741 MB
    Driver:   32.0.11029.1008
Initialize mono
Mono path[0] = 'C:/Program Files/Unity/Hub/Editor/6000.0.42f1-x86_64/Editor/Data/Managed'
Mono path[1] = 'C:/Program Files/Unity/Hub/Editor/6000.0.42f1-x86_64/Editor/Data/MonoBleedingEdge/lib/mono/unityjit-win32'
Mono config path = 'C:/Program Files/Unity/Hub/Editor/6000.0.42f1-x86_64/Editor/Data/MonoBleedingEdge/etc'
Using monoOptions --debugger-agent=transport=dt_socket,embedding=1,server=y,suspend=n,address=127.0.0.1:56128
Begin MonoManager ReloadAssembly
Registering precompiled unity dll's ...
Register platform support module: C:/Program Files/Unity/Hub/Editor/6000.0.42f1-x86_64/Editor/Data/PlaybackEngines/WindowsStandaloneSupport/UnityEditor.WindowsStandalone.Extensions.dll
Trying to register platform support module: C:/Program Files/Unity/Hub/Editor/6000.0.42f1-x86_64/Editor/Data/PlaybackEngines/AndroidPlayer/UnityEditor.Android.Extensions.dll (that doesn't exist). Retrying without overrides.
Platform support module is not available: C:/Program Files/Unity/Hub/Editor/6000.0.42f1-x86_64/Editor/Data/PlaybackEngines/AndroidPlayer/UnityEditor.Android.Extensions.dll
Registered in 0.004606 seconds.
- Loaded All Assemblies, in  0.619 seconds
Native extension for WindowsStandalone target not found
Mono: successfully reloaded assembly
- Finished resetting the current domain, in  0.435 seconds
Domain Reload Profiling: 1053ms
	BeginReloadAssembly (216ms)
		ExecutionOrderSort (0ms)
		DisableScriptedObjects (0ms)
		BackupInstance (0ms)
		ReleaseScriptingObjects (0ms)
		CreateAndSetChildDomain (1ms)
	RebuildCommonClasses (52ms)
	RebuildNativeTypeToScriptingClass (14ms)
	initialDomainReloadingComplete (73ms)
	LoadAllAssembliesAndSetupDomain (262ms)
		LoadAssemblies (213ms)
		RebuildTransferFunctionScriptingTraits (0ms)
		AnalyzeDomain (258ms)
			TypeCache.Refresh (254ms)
				TypeCache.ScanAssembly (213ms)
			BuildScriptInfoCaches (1ms)
			ResolveRequiredComponents (1ms)
	FinalizeReload (436ms)
		ReleaseScriptCaches (0ms)
		RebuildScriptCaches (0ms)
		SetupLoadedEditorAssemblies (371ms)
			LogAssemblyErrors (0ms)
			InitializePlatformSupportModulesInManaged (31ms)
			SetLoadedEditorAssemblies (8ms)
			BeforeProcessingInitializeOnLoad (68ms)
			ProcessInitializeOnLoadAttributes (197ms)
			ProcessInitializeOnLoadMethodAttributes (66ms)
			AfterProcessingInitializeOnLoad (0ms)
			EditorAssembliesLoaded (0ms)
		ExecutionOrderSort2 (0ms)
		AwakeInstancesAfterBackupRestoration (0ms)
========================================================================
Worker process is ready to serve import requests
Import Worker Mode flag is 0x00
Begin MonoManager ReloadAssembly
Symbol file LoadedFromMemory is not a mono symbol file
- Loaded All Assemblies, in  1.395 seconds
Refreshing native plugins compatible for Editor in 1.27 ms, found 3 plugins.
Native extension for WindowsStandalone target not found
Mono: successfully reloaded assembly
- Finished resetting the current domain, in  1.222 seconds
Domain Reload Profiling: 2612ms
	BeginReloadAssembly (240ms)
		ExecutionOrderSort (0ms)
		DisableScriptedObjects (7ms)
		BackupInstance (0ms)
		ReleaseScriptingObjects (0ms)
		CreateAndSetChildDomain (52ms)
	RebuildCommonClasses (48ms)
	RebuildNativeTypeToScriptingClass (15ms)
	initialDomainReloadingComplete (53ms)
	LoadAllAssembliesAndSetupDomain (1033ms)
		LoadAssemblies (659ms)
		RebuildTransferFunctionScriptingTraits (0ms)
		AnalyzeDomain (506ms)
			TypeCache.Refresh (392ms)
				TypeCache.ScanAssembly (312ms)
			BuildScriptInfoCaches (95ms)
			ResolveRequiredComponents (15ms)
	FinalizeReload (1223ms)
		ReleaseScriptCaches (0ms)
		RebuildScriptCaches (0ms)
		SetupLoadedEditorAssemblies (976ms)
			LogAssemblyErrors (0ms)
			InitializePlatformSupportModulesInManaged (3ms)
			SetLoadedEditorAssemblies (13ms)
			BeforeProcessingInitializeOnLoad (179ms)
			ProcessInitializeOnLoadAttributes (622ms)
			ProcessInitializeOnLoadMethodAttributes (150ms)
			AfterProcessingInitializeOnLoad (8ms)
			EditorAssembliesLoaded (0ms)
		ExecutionOrderSort2 (0ms)
		AwakeInstancesAfterBackupRestoration (8ms)
Launched and connected shader compiler UnityShaderCompiler.exe after 0.02 seconds
Refreshing native plugins compatible for Editor in 1.45 ms, found 3 plugins.
Preloading 0 native plugins for Editor in 0.00 ms.
Unloading 243 Unused Serialized files (Serialized files now loaded: 0)
Unloading 7512 unused Assets / (5.4 MB). Loaded Objects now: 8245.
Memory consumption went from 181.2 MB to 175.8 MB.
Total: 20.551900 ms (FindLiveObjects: 2.849100 ms CreateObjectMapping: 1.408900 ms MarkObjects: 10.320300 ms  DeleteObjects: 5.972000 ms)

========================================================================
Received Import Request.
  Time since last request: 372580.630637 seconds.
  path: Assets/Characters/Pro Melee Axe Pack/standing idle looking ver. 2.fbx
  artifactKey: Guid(6b135e55bcadceb42aa6c3cbc26a86fe) Importer(815301076,1909f56bfc062723c751e8b465ee728b)
Start importing Assets/Characters/Pro Melee Axe Pack/standing idle looking ver. 2.fbx using Guid(6b135e55bcadceb42aa6c3cbc26a86fe) Importer(815301076,1909f56bfc062723c751e8b465ee728b) (PreviewImporter) -> (artifact id: 'f49cd22a60d3e2eed70e6397d71ab54d') in 0.0607483 seconds
Number of updated asset objects reloaded before import = 0Number of asset objects unloaded after import = 85

========================================================================
Received Import Request.
  Time since last request: 0.000023 seconds.
  path: Assets/Characters/Pro Melee Axe Pack/unarmed walk forward.fbx
  artifactKey: Guid(dd38faca8a5ba114ba0bd8a0dbdc42e6) Importer(815301076,1909f56bfc062723c751e8b465ee728b)
Start importing Assets/Characters/Pro Melee Axe Pack/unarmed walk forward.fbx using Guid(dd38faca8a5ba114ba0bd8a0dbdc42e6) Importer(815301076,1909f56bfc062723c751e8b465ee728b) (PreviewImporter) -> (artifact id: '654603086bbadefb83f027dc1092dbdb') in 0.0062864 seconds
Number of updated asset objects reloaded before import = 0Number of asset objects unloaded after import = 85

========================================================================
Received Import Request.
  Time since last request: 0.000033 seconds.
  path: Assets/Characters/Pro Melee Axe Pack/unarmed idle looking ver. 2.fbx
  artifactKey: Guid(377627a491ca41f43afc8272e73625bd) Importer(815301076,1909f56bfc062723c751e8b465ee728b)
Start importing Assets/Characters/Pro Melee Axe Pack/unarmed idle looking ver. 2.fbx using Guid(377627a491ca41f43afc8272e73625bd) Importer(815301076,1909f56bfc062723c751e8b465ee728b) (PreviewImporter) -> (artifact id: 'f2884d5ec70f72bf3996420e9d1eb1ac') in 0.0055008 seconds
Number of updated asset objects reloaded before import = 0Number of asset objects unloaded after import = 85

========================================================================
Received Import Request.
  Time since last request: 0.000030 seconds.
  path: Assets/Characters/Pro Melee Axe Pack/unarmed turn right 90.fbx
  artifactKey: Guid(db2b4608309ce494eb5d20a885c7bf39) Importer(815301076,1909f56bfc062723c751e8b465ee728b)
Start importing Assets/Characters/Pro Melee Axe Pack/unarmed turn right 90.fbx using Guid(db2b4608309ce494eb5d20a885c7bf39) Importer(815301076,1909f56bfc062723c751e8b465ee728b) (PreviewImporter) -> (artifact id: '4c710f5dd5cfb1d90a7d2956c98af6cb') in 0.0066972 seconds
Number of updated asset objects reloaded before import = 0Number of asset objects unloaded after import = 85

========================================================================
Received Import Request.
  Time since last request: 0.000024 seconds.
  path: Assets/Characters/Pro Melee Axe Pack/standing turn left 90.fbx
  artifactKey: Guid(1b2c49742057bad4d96959ce93a0de0f) Importer(815301076,1909f56bfc062723c751e8b465ee728b)
Start importing Assets/Characters/Pro Melee Axe Pack/standing turn left 90.fbx using Guid(1b2c49742057bad4d96959ce93a0de0f) Importer(815301076,1909f56bfc062723c751e8b465ee728b) (PreviewImporter) -> (artifact id: '7deac78e4273f51546a5c4c08253680e') in 0.0050715 seconds
Number of updated asset objects reloaded before import = 0Number of asset objects unloaded after import = 85

========================================================================
Received Import Request.
  Time since last request: 0.000022 seconds.
  path: Assets/Characters/Pro Melee Axe Pack/unarmed idle.fbx
  artifactKey: Guid(862da5c155b638345ba1954cc113075e) Importer(815301076,1909f56bfc062723c751e8b465ee728b)
Start importing Assets/Characters/Pro Melee Axe Pack/unarmed idle.fbx using Guid(862da5c155b638345ba1954cc113075e) Importer(815301076,1909f56bfc062723c751e8b465ee728b) (PreviewImporter) -> (artifact id: 'f873fbf99a3c53b371d3883890f4666b') in 0.0058243 seconds
Number of updated asset objects reloaded before import = 0Number of asset objects unloaded after import = 85

========================================================================
Received Import Request.
  Time since last request: 0.000030 seconds.
  path: Assets/Characters/Pro Melee Axe Pack/standing melee combo attack ver. 1.fbx
  artifactKey: Guid(328a8479bd5de9843b0b03268cff42a1) Importer(815301076,1909f56bfc062723c751e8b465ee728b)
Start importing Assets/Characters/Pro Melee Axe Pack/standing melee combo attack ver. 1.fbx using Guid(328a8479bd5de9843b0b03268cff42a1) Importer(815301076,1909f56bfc062723c751e8b465ee728b) (PreviewImporter) -> (artifact id: '87dc7dcaf43a06c07b94f19f900f63b0') in 0.0065946 seconds
Number of updated asset objects reloaded before import = 0Number of asset objects unloaded after import = 85

========================================================================
Received Import Request.
  Time since last request: 0.000026 seconds.
  path: Assets/Characters/Pro Melee Axe Pack/unarmed idle looking ver. 1.fbx
  artifactKey: Guid(b689f5f5ed3d89647bbbc8ac16db8026) Importer(815301076,1909f56bfc062723c751e8b465ee728b)
Start importing Assets/Characters/Pro Melee Axe Pack/unarmed idle looking ver. 1.fbx using Guid(b689f5f5ed3d89647bbbc8ac16db8026) Importer(815301076,1909f56bfc062723c751e8b465ee728b) (PreviewImporter) -> (artifact id: '75109fd53fff5be53915562c74a07a43') in 0.0055144 seconds
Number of updated asset objects reloaded before import = 0Number of asset objects unloaded after import = 85

========================================================================
Received Import Request.
  Time since last request: 0.000049 seconds.
  path: Assets/Characters/Pro Melee Axe Pack/standing melee attack horizontal.fbx
  artifactKey: Guid(449f19fe54d337b46982b5fe72d77c72) Importer(815301076,1909f56bfc062723c751e8b465ee728b)
Start importing Assets/Characters/Pro Melee Axe Pack/standing melee attack horizontal.fbx using Guid(449f19fe54d337b46982b5fe72d77c72) Importer(815301076,1909f56bfc062723c751e8b465ee728b) (PreviewImporter) -> (artifact id: '3cc2f7614f72b9980eb32f4315f3f934') in 0.0060829 seconds
Number of updated asset objects reloaded before import = 0Number of asset objects unloaded after import = 85

========================================================================
Received Import Request.
  Time since last request: 0.000026 seconds.
  path: Assets/Characters/Pro Melee Axe Pack/unarmed equip over shoulder.fbx
  artifactKey: Guid(eecf43e2ec8cb4842ad4c4b7c55c6db4) Importer(815301076,1909f56bfc062723c751e8b465ee728b)
Start importing Assets/Characters/Pro Melee Axe Pack/unarmed equip over shoulder.fbx using Guid(eecf43e2ec8cb4842ad4c4b7c55c6db4) Importer(815301076,1909f56bfc062723c751e8b465ee728b) (PreviewImporter) -> (artifact id: 'e7cf08c2e7fde409c5c248402151bf5e') in 0.0052863 seconds
Number of updated asset objects reloaded before import = 0Number of asset objects unloaded after import = 85

========================================================================
Received Import Request.
  Time since last request: 10.042952 seconds.
  path: Assets/Characters/Pro Melee Axe Pack/standing idle looking ver. 2.fbx
  artifactKey: Guid(6b135e55bcadceb42aa6c3cbc26a86fe) Importer(815301076,1909f56bfc062723c751e8b465ee728b)
Start importing Assets/Characters/Pro Melee Axe Pack/standing idle looking ver. 2.fbx using Guid(6b135e55bcadceb42aa6c3cbc26a86fe) Importer(815301076,1909f56bfc062723c751e8b465ee728b) (PreviewImporter) -> (artifact id: '788ff5edeee05caca4b3eb49f433cecc') in 0.0066585 seconds
Number of updated asset objects reloaded before import = 0Number of asset objects unloaded after import = 84

========================================================================
Received Import Request.
  Time since last request: 0.000027 seconds.
  path: Assets/Characters/Pro Melee Axe Pack/standing walk back.fbx
  artifactKey: Guid(b5399b3db7fade44b98c1dd38f394847) Importer(815301076,1909f56bfc062723c751e8b465ee728b)
Start importing Assets/Characters/Pro Melee Axe Pack/standing walk back.fbx using Guid(b5399b3db7fade44b98c1dd38f394847) Importer(815301076,1909f56bfc062723c751e8b465ee728b) (PreviewImporter) -> (artifact id: 'eede359edfb243b0c0b4e157f074033f') in 0.0056643 seconds
Number of updated asset objects reloaded before import = 0Number of asset objects unloaded after import = 84

========================================================================
Received Import Request.
  Time since last request: 0.000029 seconds.
  path: Assets/Characters/Pro Melee Axe Pack/standing melee attack kick ver. 1.fbx
  artifactKey: Guid(7766d01d977ee2f47864ac31f0c87b74) Importer(815301076,1909f56bfc062723c751e8b465ee728b)
Start importing Assets/Characters/Pro Melee Axe Pack/standing melee attack kick ver. 1.fbx using Guid(7766d01d977ee2f47864ac31f0c87b74) Importer(815301076,1909f56bfc062723c751e8b465ee728b) (PreviewImporter) -> (artifact id: '98bd2942528a3525699d3a2dc52534eb') in 0.0052191 seconds
Number of updated asset objects reloaded before import = 0Number of asset objects unloaded after import = 84

========================================================================
Received Import Request.
  Time since last request: 0.000018 seconds.
  path: Assets/Characters/Pro Melee Axe Pack/standing melee run jump attack.fbx
  artifactKey: Guid(3b5daaca52789ba49ae6a260d54d6a80) Importer(815301076,1909f56bfc062723c751e8b465ee728b)
Start importing Assets/Characters/Pro Melee Axe Pack/standing melee run jump attack.fbx using Guid(3b5daaca52789ba49ae6a260d54d6a80) Importer(815301076,1909f56bfc062723c751e8b465ee728b) (PreviewImporter) -> (artifact id: '44bb5add3a8266db24e6e6ffa1d3bee3') in 0.0050914 seconds
Number of updated asset objects reloaded before import = 0Number of asset objects unloaded after import = 84

========================================================================
Received Import Request.
  Time since last request: 0.000019 seconds.
  path: Assets/Characters/Pro Melee Axe Pack/unarmed jump running.fbx
  artifactKey: Guid(2987a886d85fe27468ecaf8470ce782a) Importer(815301076,1909f56bfc062723c751e8b465ee728b)
Start importing Assets/Characters/Pro Melee Axe Pack/unarmed jump running.fbx using Guid(2987a886d85fe27468ecaf8470ce782a) Importer(815301076,1909f56bfc062723c751e8b465ee728b) (PreviewImporter) -> (artifact id: 'f27a8e24984d879298042915c0ee2327') in 0.0048552 seconds
Number of updated asset objects reloaded before import = 0Number of asset objects unloaded after import = 84

========================================================================
Received Import Request.
  Time since last request: 0.000021 seconds.
  path: Assets/Characters/Pro Melee Axe Pack/standing turn right 90.fbx
  artifactKey: Guid(58cf9f80ae3d52941a8f5369bf540f59) Importer(815301076,1909f56bfc062723c751e8b465ee728b)
Start importing Assets/Characters/Pro Melee Axe Pack/standing turn right 90.fbx using Guid(58cf9f80ae3d52941a8f5369bf540f59) Importer(815301076,1909f56bfc062723c751e8b465ee728b) (PreviewImporter) -> (artifact id: 'c8a04725e029d69ad42e5b1ac3cc1bf5') in 0.006036 seconds
Number of updated asset objects reloaded before import = 0Number of asset objects unloaded after import = 84

========================================================================
Received Import Request.
  Time since last request: 0.000030 seconds.
  path: Assets/Characters/Pro Melee Axe Pack/standing taunt battlecry.fbx
  artifactKey: Guid(8eb6ec4027b8f08489aea70b3d3542fc) Importer(815301076,1909f56bfc062723c751e8b465ee728b)
Start importing Assets/Characters/Pro Melee Axe Pack/standing taunt battlecry.fbx using Guid(8eb6ec4027b8f08489aea70b3d3542fc) Importer(815301076,1909f56bfc062723c751e8b465ee728b) (PreviewImporter) -> (artifact id: '327630d6499dc535b9356449d320bd3b') in 0.0047445 seconds
Number of updated asset objects reloaded before import = 0Number of asset objects unloaded after import = 84

========================================================================
Received Import Request.
  Time since last request: 0.000029 seconds.
  path: Assets/Characters/Pro Melee Axe Pack/standing react large gut.fbx
  artifactKey: Guid(e829f8999fc271a40969ed4c6bcb08c6) Importer(815301076,1909f56bfc062723c751e8b465ee728b)
Start importing Assets/Characters/Pro Melee Axe Pack/standing react large gut.fbx using Guid(e829f8999fc271a40969ed4c6bcb08c6) Importer(815301076,1909f56bfc062723c751e8b465ee728b) (PreviewImporter) -> (artifact id: '0ba492448db6dc3a764c20ef19a84b87') in 0.0055069 seconds
Number of updated asset objects reloaded before import = 0Number of asset objects unloaded after import = 84

========================================================================
Received Import Request.
  Time since last request: 0.000031 seconds.
  path: Assets/Characters/Pro Melee Axe Pack/standing run back.fbx
  artifactKey: Guid(476e85d800301af4caf9149cf73648d6) Importer(815301076,1909f56bfc062723c751e8b465ee728b)
Start importing Assets/Characters/Pro Melee Axe Pack/standing run back.fbx using Guid(476e85d800301af4caf9149cf73648d6) Importer(815301076,1909f56bfc062723c751e8b465ee728b) (PreviewImporter) -> (artifact id: 'bf49e77aaab9a0c8d85c755d29c6ed1c') in 0.0053791 seconds
Number of updated asset objects reloaded before import = 0Number of asset objects unloaded after import = 84

========================================================================
Received Import Request.
  Time since last request: 0.000059 seconds.
  path: Assets/Characters/Pro Melee Axe Pack/standing melee combo attack ver. 2.fbx
  artifactKey: Guid(c4dc1c409ea92b648a337504016c3812) Importer(815301076,1909f56bfc062723c751e8b465ee728b)
Start importing Assets/Characters/Pro Melee Axe Pack/standing melee combo attack ver. 2.fbx using Guid(c4dc1c409ea92b648a337504016c3812) Importer(815301076,1909f56bfc062723c751e8b465ee728b) (PreviewImporter) -> (artifact id: 'f68d927b969b8ee5663e925d8de11be3') in 0.0052778 seconds
Number of updated asset objects reloaded before import = 0Number of asset objects unloaded after import = 84

========================================================================
Received Import Request.
  Time since last request: 11.994872 seconds.
  path: Assets/Characters/Pro Melee Axe Pack/standing block react large.fbx
  artifactKey: Guid(4ff406e2676485448908945c9559d77d) Importer(815301076,1909f56bfc062723c751e8b465ee728b)
Start importing Assets/Characters/Pro Melee Axe Pack/standing block react large.fbx using Guid(4ff406e2676485448908945c9559d77d) Importer(815301076,1909f56bfc062723c751e8b465ee728b) (PreviewImporter) -> (artifact id: 'abc77de872f2898869d84b10b98a3126') in 0.0100063 seconds
Number of updated asset objects reloaded before import = 0Number of asset objects unloaded after import = 84

========================================================================
Received Import Request.
  Time since last request: 10.723339 seconds.
  path: Assets/Characters/Pro Melee Axe Pack/standing idle looking ver. 2.fbx
  artifactKey: Guid(6b135e55bcadceb42aa6c3cbc26a86fe) Importer(815301076,1909f56bfc062723c751e8b465ee728b)
Start importing Assets/Characters/Pro Melee Axe Pack/standing idle looking ver. 2.fbx using Guid(6b135e55bcadceb42aa6c3cbc26a86fe) Importer(815301076,1909f56bfc062723c751e8b465ee728b) (PreviewImporter) -> (artifact id: 'c6a494b00a7ed496352e3e4094ab8345') in 0.0061371 seconds
Number of updated asset objects reloaded before import = 0Number of asset objects unloaded after import = 87

========================================================================
Received Import Request.
  Time since last request: 0.000029 seconds.
  path: Assets/Characters/Pro Melee Axe Pack/standing walk back.fbx
  artifactKey: Guid(b5399b3db7fade44b98c1dd38f394847) Importer(815301076,1909f56bfc062723c751e8b465ee728b)
Start importing Assets/Characters/Pro Melee Axe Pack/standing walk back.fbx using Guid(b5399b3db7fade44b98c1dd38f394847) Importer(815301076,1909f56bfc062723c751e8b465ee728b) (PreviewImporter) -> (artifact id: '346f37c2cb0806203428a159cee50524') in 0.0056088 seconds
Number of updated asset objects reloaded before import = 0Number of asset objects unloaded after import = 87

========================================================================
Received Import Request.
  Time since last request: 0.000063 seconds.
  path: Assets/Characters/Pro Melee Axe Pack/standing melee attack kick ver. 1.fbx
  artifactKey: Guid(7766d01d977ee2f47864ac31f0c87b74) Importer(815301076,1909f56bfc062723c751e8b465ee728b)
Start importing Assets/Characters/Pro Melee Axe Pack/standing melee attack kick ver. 1.fbx using Guid(7766d01d977ee2f47864ac31f0c87b74) Importer(815301076,1909f56bfc062723c751e8b465ee728b) (PreviewImporter) -> (artifact id: '4dd2c7c39f7e0f9724ddd2c6bcf14876') in 0.0065098 seconds
Number of updated asset objects reloaded before import = 0Number of asset objects unloaded after import = 87

========================================================================
Received Import Request.
  Time since last request: 0.000029 seconds.
  path: Assets/Characters/Pro Melee Axe Pack/unarmed turn right 90.fbx
  artifactKey: Guid(db2b4608309ce494eb5d20a885c7bf39) Importer(815301076,1909f56bfc062723c751e8b465ee728b)
Start importing Assets/Characters/Pro Melee Axe Pack/unarmed turn right 90.fbx using Guid(db2b4608309ce494eb5d20a885c7bf39) Importer(815301076,1909f56bfc062723c751e8b465ee728b) (PreviewImporter) -> (artifact id: '17cc437959f389be343787b2b6b38c9b') in 0.007107 seconds
Number of updated asset objects reloaded before import = 0Number of asset objects unloaded after import = 87

========================================================================
Received Import Request.
  Time since last request: 0.000037 seconds.
  path: Assets/Characters/Pro Melee Axe Pack/standing react large from right.fbx
  artifactKey: Guid(d1caa122d53973a43a8327aefef634ac) Importer(815301076,1909f56bfc062723c751e8b465ee728b)
Start importing Assets/Characters/Pro Melee Axe Pack/standing react large from right.fbx using Guid(d1caa122d53973a43a8327aefef634ac) Importer(815301076,1909f56bfc062723c751e8b465ee728b) (PreviewImporter) -> (artifact id: 'fa354547aee7c63023fa718ae0ccbe84') in 0.0054383 seconds
Number of updated asset objects reloaded before import = 0Number of asset objects unloaded after import = 87

========================================================================
Received Import Request.
  Time since last request: 0.000018 seconds.
  path: Assets/Characters/Pro Melee Axe Pack/unarmed idle.fbx
  artifactKey: Guid(862da5c155b638345ba1954cc113075e) Importer(815301076,1909f56bfc062723c751e8b465ee728b)
Start importing Assets/Characters/Pro Melee Axe Pack/unarmed idle.fbx using Guid(862da5c155b638345ba1954cc113075e) Importer(815301076,1909f56bfc062723c751e8b465ee728b) (PreviewImporter) -> (artifact id: 'ec399ca90d48c8cf055b66011dd4af26') in 0.0059847 seconds
Number of updated asset objects reloaded before import = 0Number of asset objects unloaded after import = 87

========================================================================
Received Import Request.
  Time since last request: 0.000026 seconds.
  path: Assets/Characters/Pro Melee Axe Pack/standing melee combo attack ver. 1.fbx
  artifactKey: Guid(328a8479bd5de9843b0b03268cff42a1) Importer(815301076,1909f56bfc062723c751e8b465ee728b)
Start importing Assets/Characters/Pro Melee Axe Pack/standing melee combo attack ver. 1.fbx using Guid(328a8479bd5de9843b0b03268cff42a1) Importer(815301076,1909f56bfc062723c751e8b465ee728b) (PreviewImporter) -> (artifact id: '3e95ee709405cc2eac0e6382fec55978') in 0.0079944 seconds
Number of updated asset objects reloaded before import = 0Number of asset objects unloaded after import = 87

========================================================================
Received Import Request.
  Time since last request: 0.000016 seconds.
  path: Assets/Characters/Pro Melee Axe Pack/standing run back.fbx
  artifactKey: Guid(476e85d800301af4caf9149cf73648d6) Importer(815301076,1909f56bfc062723c751e8b465ee728b)
Start importing Assets/Characters/Pro Melee Axe Pack/standing run back.fbx using Guid(476e85d800301af4caf9149cf73648d6) Importer(815301076,1909f56bfc062723c751e8b465ee728b) (PreviewImporter) -> (artifact id: '2135b0a5b62517d8e0094ac2ed62518b') in 0.006567 seconds
Number of updated asset objects reloaded before import = 0Number of asset objects unloaded after import = 87

========================================================================
Received Import Request.
  Time since last request: 0.000019 seconds.
  path: Assets/Characters/Pro Melee Axe Pack/standing melee attack horizontal.fbx
  artifactKey: Guid(449f19fe54d337b46982b5fe72d77c72) Importer(815301076,1909f56bfc062723c751e8b465ee728b)
Start importing Assets/Characters/Pro Melee Axe Pack/standing melee attack horizontal.fbx using Guid(449f19fe54d337b46982b5fe72d77c72) Importer(815301076,1909f56bfc062723c751e8b465ee728b) (PreviewImporter) -> (artifact id: 'cc8609a36e978ab97d51b16fa363613e') in 0.0062394 seconds
Number of updated asset objects reloaded before import = 0Number of asset objects unloaded after import = 87

========================================================================
Received Import Request.
  Time since last request: 0.000024 seconds.
  path: Assets/Characters/Pro Melee Axe Pack/unarmed equip over shoulder.fbx
  artifactKey: Guid(eecf43e2ec8cb4842ad4c4b7c55c6db4) Importer(815301076,1909f56bfc062723c751e8b465ee728b)
Start importing Assets/Characters/Pro Melee Axe Pack/unarmed equip over shoulder.fbx using Guid(eecf43e2ec8cb4842ad4c4b7c55c6db4) Importer(815301076,1909f56bfc062723c751e8b465ee728b) (PreviewImporter) -> (artifact id: '7436444d46b0f904e7a4ac992a18073c') in 0.005596 seconds
Number of updated asset objects reloaded before import = 0Number of asset objects unloaded after import = 87

========================================================================
Received Import Request.
  Time since last request: 4.984502 seconds.
  path: Assets/Characters/Pro Melee Axe Pack/standing block react large.fbx
  artifactKey: Guid(4ff406e2676485448908945c9559d77d) Importer(815301076,1909f56bfc062723c751e8b465ee728b)
Start importing Assets/Characters/Pro Melee Axe Pack/standing block react large.fbx using Guid(4ff406e2676485448908945c9559d77d) Importer(815301076,1909f56bfc062723c751e8b465ee728b) (PreviewImporter) -> (artifact id: '6e984f21c0a643324e41ac9e25d49088') in 0.0063729 seconds
Number of updated asset objects reloaded before import = 0Number of asset objects unloaded after import = 87

========================================================================
Received Import Request.
  Time since last request: 0.000021 seconds.
  path: Assets/Characters/Pro Melee Axe Pack/standing idle.fbx
  artifactKey: Guid(2b98485260a18ad4dbc114f2b906f4bc) Importer(815301076,1909f56bfc062723c751e8b465ee728b)
Start importing Assets/Characters/Pro Melee Axe Pack/standing idle.fbx using Guid(2b98485260a18ad4dbc114f2b906f4bc) Importer(815301076,1909f56bfc062723c751e8b465ee728b) (PreviewImporter) -> (artifact id: '973be0f252b1c3d74a20d1112f2842e4') in 0.0057437 seconds
Number of updated asset objects reloaded before import = 0Number of asset objects unloaded after import = 87

