Using pre-set license
Built from '6000.0/staging' branch; Version is '6000.0.42f1 (feb9a7235030) revision 16693671'; Using compiler version '193933523'; Build Type 'Release'
OS: 'Windows 10  (10.0.19045) 64bit Professional' Language: 'ru' Physical Memory: 16202 MB
BatchMode: 1, IsHumanControllingUs: 0, StartBugReporterOnCrash: 0, Is64bit: 1, IsPro: 1

COMMAND LINE ARGUMENTS:
C:\Program Files\Unity\Hub\Editor\6000.0.42f1\Editor\Unity.exe
-adb2
-batchMode
-noUpm
-name
AssetImportWorker5
-projectPath
D:/Slesher/3DSlesher/URP3DSlesher
-logFile
Logs/AssetImportWorker5.log
-srvPort
52738
-job-worker-count
7
-background-job-worker-count
8
-gc-helper-count
1
Successfully changed project path to: D:/Slesher/3DSlesher/URP3DSlesher
D:/Slesher/3DSlesher/URP3DSlesher
[UnityMemory] Configuration Parameters - Can be set up in boot.config
    "memorysetup-bucket-allocator-granularity=16"
    "memorysetup-bucket-allocator-bucket-count=8"
    "memorysetup-bucket-allocator-block-size=33554432"
    "memorysetup-bucket-allocator-block-count=8"
    "memorysetup-main-allocator-block-size=16777216"
    "memorysetup-thread-allocator-block-size=16777216"
    "memorysetup-gfx-main-allocator-block-size=16777216"
    "memorysetup-gfx-thread-allocator-block-size=16777216"
    "memorysetup-cache-allocator-block-size=4194304"
    "memorysetup-typetree-allocator-block-size=2097152"
    "memorysetup-profiler-bucket-allocator-granularity=16"
    "memorysetup-profiler-bucket-allocator-bucket-count=8"
    "memorysetup-profiler-bucket-allocator-block-size=33554432"
    "memorysetup-profiler-bucket-allocator-block-count=8"
    "memorysetup-profiler-allocator-block-size=16777216"
    "memorysetup-profiler-editor-allocator-block-size=1048576"
    "memorysetup-temp-allocator-size-main=16777216"
    "memorysetup-job-temp-allocator-block-size=2097152"
    "memorysetup-job-temp-allocator-block-size-background=1048576"
    "memorysetup-job-temp-allocator-reduction-small-platforms=262144"
    "memorysetup-allocator-temp-initial-block-size-main=262144"
    "memorysetup-allocator-temp-initial-block-size-worker=262144"
    "memorysetup-temp-allocator-size-background-worker=32768"
    "memorysetup-temp-allocator-size-job-worker=262144"
    "memorysetup-temp-allocator-size-preload-manager=33554432"
    "memorysetup-temp-allocator-size-nav-mesh-worker=65536"
    "memorysetup-temp-allocator-size-audio-worker=65536"
    "memorysetup-temp-allocator-size-cloud-worker=32768"
    "memorysetup-temp-allocator-size-gi-baking-worker=262144"
    "memorysetup-temp-allocator-size-gi-baking-worker=262144"
    "memorysetup-temp-allocator-size-gi-baking-worker=262144"
    "memorysetup-temp-allocator-size-gi-baking-worker=262144"
    "memorysetup-temp-allocator-size-gi-baking-worker=262144"
    "memorysetup-temp-allocator-size-gfx=262144"
Player connection [15712]  Target information:

Player connection [15712]  * "[IP] 192.168.1.7 [Port] 0 [Flags] 2 [Guid] 1812269223 [EditorId] 1812269223 [Version] 1048832 [Id] WindowsEditor(7,DESKTOP-5ECU8IQ) [Debug] 1 [PackageName] WindowsEditor [ProjectName] Editor" 

Player connection [15712] Host joined multi-casting on [225.0.0.222:54997]...
Player connection [15712] Host joined alternative multi-casting on [225.0.0.222:34997]...
JobSystem: Creating JobQueue using job-worker-count value 7
Input System module state changed to: Initialized.
[Physics::Module] Initialized fallback backend.
[Physics::Module] Id: 0xdecafbad
Library Redirect Path: Library/
[Physics::Module] Selected backend.
[Physics::Module] Name: PhysX
[Physics::Module] Id: 0xf2b8ea05
[Physics::Module] SDK Version: 4.1.2
[Physics::Module] Integration Version: 1.0.0
[Physics::Module] Threading Mode: Multi-Threaded
Refreshing native plugins compatible for Editor in 1.74 ms, found 3 plugins.
Preloading 0 native plugins for Editor in 0.00 ms.
Initialize engine version: 6000.0.42f1 (feb9a7235030)
[Subsystems] Discovering subsystems at path C:/Program Files/Unity/Hub/Editor/6000.0.42f1/Editor/Data/Resources/UnitySubsystems
[Subsystems] Discovering subsystems at path D:/Slesher/3DSlesher/URP3DSlesher/Assets
GfxDevice: creating device client; kGfxThreadingModeNonThreaded
Direct3D:
    Version:  Direct3D 11.0 [level 11.1]
    Renderer: NVIDIA GeForce RTX 4050 Laptop GPU (ID=0x28e1)
    Vendor:   NVIDIA
    VRAM:     5921 MB
    Driver:   32.0.15.7283
Initialize mono
Mono path[0] = 'C:/Program Files/Unity/Hub/Editor/6000.0.42f1/Editor/Data/Managed'
Mono path[1] = 'C:/Program Files/Unity/Hub/Editor/6000.0.42f1/Editor/Data/MonoBleedingEdge/lib/mono/unityjit-win32'
Mono config path = 'C:/Program Files/Unity/Hub/Editor/6000.0.42f1/Editor/Data/MonoBleedingEdge/etc'
Using monoOptions --debugger-agent=transport=dt_socket,embedding=1,server=y,suspend=n,address=127.0.0.1:56424
Begin MonoManager ReloadAssembly
Registering precompiled unity dll's ...
Register platform support module: C:/Program Files/Unity/Hub/Editor/6000.0.42f1/Editor/Data/PlaybackEngines/WebGLSupport/UnityEditor.WebGL.Extensions.dll
Register platform support module: C:/Program Files/Unity/Hub/Editor/6000.0.42f1/Editor/Data/PlaybackEngines/WindowsStandaloneSupport/UnityEditor.WindowsStandalone.Extensions.dll
Registered in 0.005386 seconds.
- Loaded All Assemblies, in  0.626 seconds
Native extension for WindowsStandalone target not found
Native extension for WebGL target not found
Mono: successfully reloaded assembly
- Finished resetting the current domain, in  0.565 seconds
Domain Reload Profiling: 1188ms
	BeginReloadAssembly (202ms)
		ExecutionOrderSort (0ms)
		DisableScriptedObjects (0ms)
		BackupInstance (0ms)
		ReleaseScriptingObjects (0ms)
		CreateAndSetChildDomain (1ms)
	RebuildCommonClasses (62ms)
	RebuildNativeTypeToScriptingClass (20ms)
	initialDomainReloadingComplete (87ms)
	LoadAllAssembliesAndSetupDomain (250ms)
		LoadAssemblies (199ms)
		RebuildTransferFunctionScriptingTraits (0ms)
		AnalyzeDomain (245ms)
			TypeCache.Refresh (243ms)
				TypeCache.ScanAssembly (223ms)
			BuildScriptInfoCaches (0ms)
			ResolveRequiredComponents (1ms)
	FinalizeReload (565ms)
		ReleaseScriptCaches (0ms)
		RebuildScriptCaches (0ms)
		SetupLoadedEditorAssemblies (487ms)
			LogAssemblyErrors (0ms)
			InitializePlatformSupportModulesInManaged (40ms)
			SetLoadedEditorAssemblies (8ms)
			BeforeProcessingInitializeOnLoad (92ms)
			ProcessInitializeOnLoadAttributes (250ms)
			ProcessInitializeOnLoadMethodAttributes (96ms)
			AfterProcessingInitializeOnLoad (0ms)
			EditorAssembliesLoaded (0ms)
		ExecutionOrderSort2 (0ms)
		AwakeInstancesAfterBackupRestoration (0ms)
========================================================================
Worker process is ready to serve import requests
Import Worker Mode flag is 0x00
Begin MonoManager ReloadAssembly
Symbol file LoadedFromMemory is not a mono symbol file
- Loaded All Assemblies, in  1.259 seconds
Refreshing native plugins compatible for Editor in 1.05 ms, found 3 plugins.
Native extension for WindowsStandalone target not found
Native extension for WebGL target not found
Mono: successfully reloaded assembly
- Finished resetting the current domain, in  1.331 seconds
Domain Reload Profiling: 2585ms
	BeginReloadAssembly (256ms)
		ExecutionOrderSort (0ms)
		DisableScriptedObjects (10ms)
		BackupInstance (0ms)
		ReleaseScriptingObjects (0ms)
		CreateAndSetChildDomain (41ms)
	RebuildCommonClasses (54ms)
	RebuildNativeTypeToScriptingClass (18ms)
	initialDomainReloadingComplete (63ms)
	LoadAllAssembliesAndSetupDomain (862ms)
		LoadAssemblies (522ms)
		RebuildTransferFunctionScriptingTraits (0ms)
		AnalyzeDomain (492ms)
			TypeCache.Refresh (370ms)
				TypeCache.ScanAssembly (344ms)
			BuildScriptInfoCaches (97ms)
			ResolveRequiredComponents (21ms)
	FinalizeReload (1332ms)
		ReleaseScriptCaches (0ms)
		RebuildScriptCaches (0ms)
		SetupLoadedEditorAssemblies (1036ms)
			LogAssemblyErrors (0ms)
			InitializePlatformSupportModulesInManaged (5ms)
			SetLoadedEditorAssemblies (9ms)
			BeforeProcessingInitializeOnLoad (187ms)
			ProcessInitializeOnLoadAttributes (654ms)
			ProcessInitializeOnLoadMethodAttributes (171ms)
			AfterProcessingInitializeOnLoad (10ms)
			EditorAssembliesLoaded (0ms)
		ExecutionOrderSort2 (0ms)
		AwakeInstancesAfterBackupRestoration (21ms)
Launched and connected shader compiler UnityShaderCompiler.exe after 0.02 seconds
Refreshing native plugins compatible for Editor in 1.74 ms, found 3 plugins.
Preloading 0 native plugins for Editor in 0.00 ms.
Unloading 244 Unused Serialized files (Serialized files now loaded: 0)
Unloading 7533 unused Assets / (7.8 MB). Loaded Objects now: 8227.
Memory consumption went from 177.2 MB to 169.4 MB.
Total: 26.495300 ms (FindLiveObjects: 1.791700 ms CreateObjectMapping: 1.866000 ms MarkObjects: 13.775900 ms  DeleteObjects: 9.059700 ms)

========================================================================
Received Import Request.
  Time since last request: 11978.245086 seconds.
  path: Assets/Characters/Knight/source/idle (2).fbx
  artifactKey: Guid(d4131e8ecf439284da6424f95533b6fe) Importer(815301076,1909f56bfc062723c751e8b465ee728b)
Start importing Assets/Characters/Knight/source/idle (2).fbx using Guid(d4131e8ecf439284da6424f95533b6fe) Importer(815301076,1909f56bfc062723c751e8b465ee728b) (PreviewImporter) -> (artifact id: '61831b3a43aaf2feb92287639d5cfdb4') in 0.1013959 seconds
Number of updated asset objects reloaded before import = 0Number of asset objects unloaded after import = 143

========================================================================
Received Import Request.
  Time since last request: 0.000036 seconds.
  path: Assets/Characters/Knight/source/run.fbx
  artifactKey: Guid(ae45709cc99f9da458a247b913442654) Importer(815301076,1909f56bfc062723c751e8b465ee728b)
Start importing Assets/Characters/Knight/source/run.fbx using Guid(ae45709cc99f9da458a247b913442654) Importer(815301076,1909f56bfc062723c751e8b465ee728b) (PreviewImporter) -> (artifact id: '6965ef41e8d98d24820a5a4da00af808') in 0.00721 seconds
Number of updated asset objects reloaded before import = 0Number of asset objects unloaded after import = 143

========================================================================
Received Import Request.
  Time since last request: 0.000047 seconds.
  path: Assets/Characters/Knight/source/power up.fbx
  artifactKey: Guid(457ebbdd6cb481045947121d32544457) Importer(815301076,1909f56bfc062723c751e8b465ee728b)
Start importing Assets/Characters/Knight/source/power up.fbx using Guid(457ebbdd6cb481045947121d32544457) Importer(815301076,1909f56bfc062723c751e8b465ee728b) (PreviewImporter) -> (artifact id: '8d337c4bd56473c1722d0d38de535bed') in 0.0075608 seconds
Number of updated asset objects reloaded before import = 0Number of asset objects unloaded after import = 143

========================================================================
Received Import Request.
  Time since last request: 0.000042 seconds.
  path: Assets/Characters/Knight/source/impact.fbx
  artifactKey: Guid(4b6127e36750ead4b8814b15231b92c3) Importer(815301076,1909f56bfc062723c751e8b465ee728b)
Start importing Assets/Characters/Knight/source/impact.fbx using Guid(4b6127e36750ead4b8814b15231b92c3) Importer(815301076,1909f56bfc062723c751e8b465ee728b) (PreviewImporter) -> (artifact id: '6277abbea009cf7509e83b52c9062c19') in 0.0054538 seconds
Number of updated asset objects reloaded before import = 0Number of asset objects unloaded after import = 143

========================================================================
Received Import Request.
  Time since last request: 0.000026 seconds.
  path: Assets/Characters/Knight/source/run (2).fbx
  artifactKey: Guid(c0e4863dbbd501847a2998f90f1af8e1) Importer(815301076,1909f56bfc062723c751e8b465ee728b)
Start importing Assets/Characters/Knight/source/run (2).fbx using Guid(c0e4863dbbd501847a2998f90f1af8e1) Importer(815301076,1909f56bfc062723c751e8b465ee728b) (PreviewImporter) -> (artifact id: 'b906eed77829fccfabef139fb0054fbc') in 0.0060551 seconds
Number of updated asset objects reloaded before import = 0Number of asset objects unloaded after import = 143

========================================================================
Received Import Request.
  Time since last request: 0.000029 seconds.
  path: Assets/Characters/Knight/source/idle Base.fbx
  artifactKey: Guid(d11ad628e070abe4dbbde6b80351f1a5) Importer(815301076,1909f56bfc062723c751e8b465ee728b)
Start importing Assets/Characters/Knight/source/idle Base.fbx using Guid(d11ad628e070abe4dbbde6b80351f1a5) Importer(815301076,1909f56bfc062723c751e8b465ee728b) (PreviewImporter) -> (artifact id: 'f6d6085fb4a69e346239aa5e0e1c40ea') in 0.0066413 seconds
Number of updated asset objects reloaded before import = 0Number of asset objects unloaded after import = 143

========================================================================
Received Import Request.
  Time since last request: 0.000031 seconds.
  path: Assets/Characters/Knight/source/sword and shield slash (2).fbx
  artifactKey: Guid(f3c05d69cfbf3a94f885b17426a67f76) Importer(815301076,1909f56bfc062723c751e8b465ee728b)
Start importing Assets/Characters/Knight/source/sword and shield slash (2).fbx using Guid(f3c05d69cfbf3a94f885b17426a67f76) Importer(815301076,1909f56bfc062723c751e8b465ee728b) (PreviewImporter) -> (artifact id: 'bcb0c10bae04b01d3a96b421e62954b8') in 0.0077542 seconds
Number of updated asset objects reloaded before import = 0Number of asset objects unloaded after import = 143

========================================================================
Received Import Request.
  Time since last request: 0.000021 seconds.
  path: Assets/Characters/Knight/source/sheath sword 2.fbx
  artifactKey: Guid(cfcb31c6ca469874da487858f9372e76) Importer(815301076,1909f56bfc062723c751e8b465ee728b)
Start importing Assets/Characters/Knight/source/sheath sword 2.fbx using Guid(cfcb31c6ca469874da487858f9372e76) Importer(815301076,1909f56bfc062723c751e8b465ee728b) (PreviewImporter) -> (artifact id: 'f4abdc9db5f3ac959bb62d9d4642c1ff') in 0.0072393 seconds
Number of updated asset objects reloaded before import = 0Number of asset objects unloaded after import = 143

========================================================================
Received Import Request.
  Time since last request: 0.000028 seconds.
  path: Assets/Characters/Knight/source/Walk Right.fbx
  artifactKey: Guid(9207de88888393c4a86e6fe11ed60a83) Importer(815301076,1909f56bfc062723c751e8b465ee728b)
Start importing Assets/Characters/Knight/source/Walk Right.fbx using Guid(9207de88888393c4a86e6fe11ed60a83) Importer(815301076,1909f56bfc062723c751e8b465ee728b) (PreviewImporter) -> (artifact id: '338efa3468a3a48a3beb38ccd7cfbfb8') in 0.0063237 seconds
Number of updated asset objects reloaded before import = 0Number of asset objects unloaded after import = 143

========================================================================
Received Import Request.
  Time since last request: 0.000045 seconds.
  path: Assets/Characters/Knight/source/slash (2).fbx
  artifactKey: Guid(c69c633cc7584544aa54bcb265ff53f3) Importer(815301076,1909f56bfc062723c751e8b465ee728b)
Start importing Assets/Characters/Knight/source/slash (2).fbx using Guid(c69c633cc7584544aa54bcb265ff53f3) Importer(815301076,1909f56bfc062723c751e8b465ee728b) (PreviewImporter) -> (artifact id: '2c389367e58a737d99df809b4abdff8a') in 0.0071276 seconds
Number of updated asset objects reloaded before import = 0Number of asset objects unloaded after import = 143

========================================================================
Received Import Request.
  Time since last request: 0.000030 seconds.
  path: Assets/Characters/Knight/source/turn.fbx
  artifactKey: Guid(197a6d0e50fd7fa43b85dd3be06e6c96) Importer(815301076,1909f56bfc062723c751e8b465ee728b)
Start importing Assets/Characters/Knight/source/turn.fbx using Guid(197a6d0e50fd7fa43b85dd3be06e6c96) Importer(815301076,1909f56bfc062723c751e8b465ee728b) (PreviewImporter) -> (artifact id: '12871448d170a16bd3cadf733231df74') in 0.0067071 seconds
Number of updated asset objects reloaded before import = 0Number of asset objects unloaded after import = 143

========================================================================
Received Import Request.
  Time since last request: 0.000037 seconds.
  path: Assets/Characters/Knight/source/turn (2).fbx
  artifactKey: Guid(fcf37717f3995be4f9bf59dcb098293d) Importer(815301076,1909f56bfc062723c751e8b465ee728b)
Start importing Assets/Characters/Knight/source/turn (2).fbx using Guid(fcf37717f3995be4f9bf59dcb098293d) Importer(815301076,1909f56bfc062723c751e8b465ee728b) (PreviewImporter) -> (artifact id: '3cfa5c43a1caff8a5ecc6960e4ecce29') in 0.0069868 seconds
Number of updated asset objects reloaded before import = 0Number of asset objects unloaded after import = 143

========================================================================
Received Import Request.
  Time since last request: 0.609622 seconds.
  path: Assets/Characters/Knight/source/Attack3.fbx
  artifactKey: Guid(242ded531cebbe04cb7044ef3186f6d6) Importer(815301076,1909f56bfc062723c751e8b465ee728b)
Start importing Assets/Characters/Knight/source/Attack3.fbx using Guid(242ded531cebbe04cb7044ef3186f6d6) Importer(815301076,1909f56bfc062723c751e8b465ee728b) (PreviewImporter) -> (artifact id: '25ec0a83886e840a9618899f2e973430') in 0.0080108 seconds
Number of updated asset objects reloaded before import = 0Number of asset objects unloaded after import = 143

========================================================================
Received Import Request.
  Time since last request: 0.000030 seconds.
  path: Assets/Characters/Knight/source/block (2).fbx
  artifactKey: Guid(bd271b4f106c72148a66ed7fd55bc816) Importer(815301076,1909f56bfc062723c751e8b465ee728b)
Start importing Assets/Characters/Knight/source/block (2).fbx using Guid(bd271b4f106c72148a66ed7fd55bc816) Importer(815301076,1909f56bfc062723c751e8b465ee728b) (PreviewImporter) -> (artifact id: 'edfb6748df4c300dbc3b1e7932b31f1c') in 0.0065582 seconds
Number of updated asset objects reloaded before import = 0Number of asset objects unloaded after import = 143

========================================================================
Received Import Request.
  Time since last request: 0.000031 seconds.
  path: Assets/Characters/Knight/source/block idle.fbx
  artifactKey: Guid(29396a8af9d9b914991bd8f214862e67) Importer(815301076,1909f56bfc062723c751e8b465ee728b)
Start importing Assets/Characters/Knight/source/block idle.fbx using Guid(29396a8af9d9b914991bd8f214862e67) Importer(815301076,1909f56bfc062723c751e8b465ee728b) (PreviewImporter) -> (artifact id: 'bddee2b202ce2d9a0ecfa2d896c90aeb') in 0.0079191 seconds
Number of updated asset objects reloaded before import = 0Number of asset objects unloaded after import = 143

========================================================================
Received Import Request.
  Time since last request: 0.000043 seconds.
  path: Assets/Characters/Knight/source/casting.fbx
  artifactKey: Guid(3f315c54a9ca13643952d45b49e0a3d6) Importer(815301076,1909f56bfc062723c751e8b465ee728b)
Start importing Assets/Characters/Knight/source/casting.fbx using Guid(3f315c54a9ca13643952d45b49e0a3d6) Importer(815301076,1909f56bfc062723c751e8b465ee728b) (PreviewImporter) -> (artifact id: 'b86d7481f9ac477474b0a2c5ed237f5b') in 0.009163 seconds
Number of updated asset objects reloaded before import = 0Number of asset objects unloaded after import = 143

========================================================================
Received Import Request.
  Time since last request: 0.081647 seconds.
  path: Assets/Characters/Knight/source/attack.fbx
  artifactKey: Guid(709ba9f1df6c5414cae1d51f8d9e9750) Importer(815301076,1909f56bfc062723c751e8b465ee728b)
Start importing Assets/Characters/Knight/source/attack.fbx using Guid(709ba9f1df6c5414cae1d51f8d9e9750) Importer(815301076,1909f56bfc062723c751e8b465ee728b) (PreviewImporter) -> (artifact id: 'b5906e04380903fcfba8fa668c81e4cc') in 0.0067972 seconds
Number of updated asset objects reloaded before import = 0Number of asset objects unloaded after import = 143

========================================================================
Received Import Request.
  Time since last request: 0.000025 seconds.
  path: Assets/Characters/Knight/source/Attack1.fbx
  artifactKey: Guid(b5ce6531c3409b641bd8e0edfb61181c) Importer(815301076,1909f56bfc062723c751e8b465ee728b)
Start importing Assets/Characters/Knight/source/Attack1.fbx using Guid(b5ce6531c3409b641bd8e0edfb61181c) Importer(815301076,1909f56bfc062723c751e8b465ee728b) (PreviewImporter) -> (artifact id: 'ccda1b5ed011fb14dbeb296920157ab0') in 0.0073804 seconds
Number of updated asset objects reloaded before import = 0Number of asset objects unloaded after import = 143

========================================================================
Received Import Request.
  Time since last request: 0.000030 seconds.
  path: Assets/Characters/Knight/source/attack (3).fbx
  artifactKey: Guid(94503ab464367d64e95fd5839397e6e7) Importer(815301076,1909f56bfc062723c751e8b465ee728b)
Start importing Assets/Characters/Knight/source/attack (3).fbx using Guid(94503ab464367d64e95fd5839397e6e7) Importer(815301076,1909f56bfc062723c751e8b465ee728b) (PreviewImporter) -> (artifact id: '47083cad1fe4d75e723f33d31620fdc0') in 0.0071868 seconds
Number of updated asset objects reloaded before import = 0Number of asset objects unloaded after import = 143

Editor requested this worker to shutdown with reason: Scaling down because of idle timeout
AssetImportWorker is now disconnected from the server
Process exiting
Exiting without the bug reporter. Application will terminate with return code 0