Using pre-set license
Built from '6000.0/staging' branch; Version is '6000.0.42f1 (feb9a7235030) revision 16693671'; Using compiler version '193933523'; Build Type 'Release'
OS: 'Windows 10  (10.0.19045) 64bit Professional' Language: 'ru' Physical Memory: 16202 MB
BatchMode: 1, IsHumanControllingUs: 0, StartBugReporterOnCrash: 0, Is64bit: 1, IsPro: 1

COMMAND LINE ARGUMENTS:
C:\Program Files\Unity\Hub\Editor\6000.0.42f1\Editor\Unity.exe
-adb2
-batchMode
-noUpm
-name
AssetImportWorker9
-projectPath
D:/Slesher/3DSlesher/URP3DSlesher
-logFile
Logs/AssetImportWorker9.log
-srvPort
50345
-job-worker-count
7
-background-job-worker-count
8
-gc-helper-count
1
Successfully changed project path to: D:/Slesher/3DSlesher/URP3DSlesher
D:/Slesher/3DSlesher/URP3DSlesher
[UnityMemory] Configuration Parameters - Can be set up in boot.config
    "memorysetup-bucket-allocator-granularity=16"
    "memorysetup-bucket-allocator-bucket-count=8"
    "memorysetup-bucket-allocator-block-size=33554432"
    "memorysetup-bucket-allocator-block-count=8"
    "memorysetup-main-allocator-block-size=16777216"
    "memorysetup-thread-allocator-block-size=16777216"
    "memorysetup-gfx-main-allocator-block-size=16777216"
    "memorysetup-gfx-thread-allocator-block-size=16777216"
    "memorysetup-cache-allocator-block-size=4194304"
    "memorysetup-typetree-allocator-block-size=2097152"
    "memorysetup-profiler-bucket-allocator-granularity=16"
    "memorysetup-profiler-bucket-allocator-bucket-count=8"
    "memorysetup-profiler-bucket-allocator-block-size=33554432"
    "memorysetup-profiler-bucket-allocator-block-count=8"
    "memorysetup-profiler-allocator-block-size=16777216"
    "memorysetup-profiler-editor-allocator-block-size=1048576"
    "memorysetup-temp-allocator-size-main=16777216"
    "memorysetup-job-temp-allocator-block-size=2097152"
    "memorysetup-job-temp-allocator-block-size-background=1048576"
    "memorysetup-job-temp-allocator-reduction-small-platforms=262144"
    "memorysetup-allocator-temp-initial-block-size-main=262144"
    "memorysetup-allocator-temp-initial-block-size-worker=262144"
    "memorysetup-temp-allocator-size-background-worker=32768"
    "memorysetup-temp-allocator-size-job-worker=262144"
    "memorysetup-temp-allocator-size-preload-manager=33554432"
    "memorysetup-temp-allocator-size-nav-mesh-worker=65536"
    "memorysetup-temp-allocator-size-audio-worker=65536"
    "memorysetup-temp-allocator-size-cloud-worker=32768"
    "memorysetup-temp-allocator-size-gi-baking-worker=262144"
    "memorysetup-temp-allocator-size-gi-baking-worker=262144"
    "memorysetup-temp-allocator-size-gi-baking-worker=262144"
    "memorysetup-temp-allocator-size-gi-baking-worker=262144"
    "memorysetup-temp-allocator-size-gi-baking-worker=262144"
    "memorysetup-temp-allocator-size-gfx=262144"
Player connection [19636]  Target information:

Player connection [19636]  * "[IP] 192.168.1.7 [Port] 0 [Flags] 2 [Guid] 1998695558 [EditorId] 1998695558 [Version] 1048832 [Id] WindowsEditor(7,DESKTOP-5ECU8IQ) [Debug] 1 [PackageName] WindowsEditor [ProjectName] Editor" 

Player connection [19636] Host joined multi-casting on [225.0.0.222:54997]...
Player connection [19636] Host joined alternative multi-casting on [225.0.0.222:34997]...
JobSystem: Creating JobQueue using job-worker-count value 7
Input System module state changed to: Initialized.
[Physics::Module] Initialized fallback backend.
[Physics::Module] Id: 0xdecafbad
Library Redirect Path: Library/
[Physics::Module] Selected backend.
[Physics::Module] Name: PhysX
[Physics::Module] Id: 0xf2b8ea05
[Physics::Module] SDK Version: 4.1.2
[Physics::Module] Integration Version: 1.0.0
[Physics::Module] Threading Mode: Multi-Threaded
Refreshing native plugins compatible for Editor in 1.08 ms, found 3 plugins.
Preloading 0 native plugins for Editor in 0.00 ms.
Initialize engine version: 6000.0.42f1 (feb9a7235030)
[Subsystems] Discovering subsystems at path C:/Program Files/Unity/Hub/Editor/6000.0.42f1/Editor/Data/Resources/UnitySubsystems
[Subsystems] Discovering subsystems at path D:/Slesher/3DSlesher/URP3DSlesher/Assets
GfxDevice: creating device client; kGfxThreadingModeNonThreaded
Direct3D:
    Version:  Direct3D 11.0 [level 11.1]
    Renderer: NVIDIA GeForce RTX 4050 Laptop GPU (ID=0x28e1)
    Vendor:   NVIDIA
    VRAM:     5921 MB
    Driver:   32.0.15.7283
Initialize mono
Mono path[0] = 'C:/Program Files/Unity/Hub/Editor/6000.0.42f1/Editor/Data/Managed'
Mono path[1] = 'C:/Program Files/Unity/Hub/Editor/6000.0.42f1/Editor/Data/MonoBleedingEdge/lib/mono/unityjit-win32'
Mono config path = 'C:/Program Files/Unity/Hub/Editor/6000.0.42f1/Editor/Data/MonoBleedingEdge/etc'
Using monoOptions --debugger-agent=transport=dt_socket,embedding=1,server=y,suspend=n,address=127.0.0.1:56356
Begin MonoManager ReloadAssembly
Registering precompiled unity dll's ...
Register platform support module: C:/Program Files/Unity/Hub/Editor/6000.0.42f1/Editor/Data/PlaybackEngines/WebGLSupport/UnityEditor.WebGL.Extensions.dll
Register platform support module: C:/Program Files/Unity/Hub/Editor/6000.0.42f1/Editor/Data/PlaybackEngines/WindowsStandaloneSupport/UnityEditor.WindowsStandalone.Extensions.dll
Register platform support module: C:/Program Files/Unity/Hub/Editor/6000.0.42f1/Editor/Data/PlaybackEngines/AndroidPlayer/UnityEditor.Android.Extensions.dll
Registered in 0.003804 seconds.
- Loaded All Assemblies, in  0.361 seconds
Native extension for Android target not found
Native extension for WindowsStandalone target not found
Native extension for WebGL target not found
Mono: successfully reloaded assembly
- Finished resetting the current domain, in  0.339 seconds
Domain Reload Profiling: 698ms
	BeginReloadAssembly (120ms)
		ExecutionOrderSort (0ms)
		DisableScriptedObjects (0ms)
		BackupInstance (0ms)
		ReleaseScriptingObjects (0ms)
		CreateAndSetChildDomain (1ms)
	RebuildCommonClasses (34ms)
	RebuildNativeTypeToScriptingClass (11ms)
	initialDomainReloadingComplete (46ms)
	LoadAllAssembliesAndSetupDomain (148ms)
		LoadAssemblies (118ms)
		RebuildTransferFunctionScriptingTraits (0ms)
		AnalyzeDomain (144ms)
			TypeCache.Refresh (143ms)
				TypeCache.ScanAssembly (131ms)
			BuildScriptInfoCaches (0ms)
			ResolveRequiredComponents (1ms)
	FinalizeReload (340ms)
		ReleaseScriptCaches (0ms)
		RebuildScriptCaches (0ms)
		SetupLoadedEditorAssemblies (297ms)
			LogAssemblyErrors (0ms)
			InitializePlatformSupportModulesInManaged (61ms)
			SetLoadedEditorAssemblies (3ms)
			BeforeProcessingInitializeOnLoad (48ms)
			ProcessInitializeOnLoadAttributes (126ms)
			ProcessInitializeOnLoadMethodAttributes (59ms)
			AfterProcessingInitializeOnLoad (0ms)
			EditorAssembliesLoaded (0ms)
		ExecutionOrderSort2 (0ms)
		AwakeInstancesAfterBackupRestoration (0ms)
Assembly reference Packages/com.unity.cinemachine/Editor/Samples/ExposeHDRPInternals/HDRP-Editor-ref.asmref has no target assembly definition
========================================================================
Worker process is ready to serve import requests
Import Worker Mode flag is 0x00
Assembly reference Packages/com.unity.cinemachine/Editor/Samples/ExposeHDRPInternals/HDRP-Editor-ref.asmref has no target assembly definition
Assembly reference Packages/com.unity.cinemachine/Editor/Samples/ExposeHDRPInternals/HDRP-Editor-ref.asmref has no target assembly definition
Begin MonoManager ReloadAssembly
- Loaded All Assemblies, in  0.723 seconds
Assembly reference Packages/com.unity.cinemachine/Editor/Samples/ExposeHDRPInternals/HDRP-Editor-ref.asmref has no target assembly definition
'Packages/com.unity.cinemachine/Editor/Obsolete/CinemachineVirtualCameraBaseEditor.cs' contains partial class of Unity.Object, exactly 1 of the partial classes needs to be in a file with the same filename. This is to know the one that can be referenced from ie. GameObjects
'Packages/com.unity.cinemachine/Editor/Editors/CinemachineVirtualCameraBaseEditor.cs' contains partial class of Unity.Object, exactly 1 of the partial classes needs to be in a file with the same filename. This is to know the one that can be referenced from ie. GameObjects
Refreshing native plugins compatible for Editor in 0.45 ms, found 3 plugins.
Native extension for Android target not found
Native extension for WindowsStandalone target not found
Native extension for WebGL target not found
Assembly reference Packages/com.unity.cinemachine/Editor/Samples/ExposeHDRPInternals/HDRP-Editor-ref.asmref has no target assembly definition
Package Manager log level set to [2]
[Package Manager] Failed to launch server process. Reason: Unity was launched with the -noUpm command-line argument
[Package Manager] Unable to send message (not connected to server process).
[Package Manager] Cannot connect to Unity Package Manager local server
Mono: successfully reloaded assembly
- Finished resetting the current domain, in  0.711 seconds
Domain Reload Profiling: 1432ms
	BeginReloadAssembly (158ms)
		ExecutionOrderSort (0ms)
		DisableScriptedObjects (5ms)
		BackupInstance (0ms)
		ReleaseScriptingObjects (0ms)
		CreateAndSetChildDomain (32ms)
	RebuildCommonClasses (32ms)
	RebuildNativeTypeToScriptingClass (10ms)
	initialDomainReloadingComplete (36ms)
	LoadAllAssembliesAndSetupDomain (483ms)
		LoadAssemblies (313ms)
		RebuildTransferFunctionScriptingTraits (0ms)
		AnalyzeDomain (259ms)
			TypeCache.Refresh (195ms)
				TypeCache.ScanAssembly (178ms)
			BuildScriptInfoCaches (49ms)
			ResolveRequiredComponents (12ms)
	FinalizeReload (712ms)
		ReleaseScriptCaches (0ms)
		RebuildScriptCaches (0ms)
		SetupLoadedEditorAssemblies (549ms)
			LogAssemblyErrors (0ms)
			InitializePlatformSupportModulesInManaged (12ms)
			SetLoadedEditorAssemblies (3ms)
			BeforeProcessingInitializeOnLoad (99ms)
			ProcessInitializeOnLoadAttributes (348ms)
			ProcessInitializeOnLoadMethodAttributes (79ms)
			AfterProcessingInitializeOnLoad (7ms)
			EditorAssembliesLoaded (0ms)
		ExecutionOrderSort2 (0ms)
		AwakeInstancesAfterBackupRestoration (11ms)
Launched and connected shader compiler UnityShaderCompiler.exe after 0.01 seconds
Refreshing native plugins compatible for Editor in 1.11 ms, found 3 plugins.
Preloading 0 native plugins for Editor in 0.00 ms.
Unloading 215 Unused Serialized files (Serialized files now loaded: 0)
Unloading 6989 unused Assets / (7.8 MB). Loaded Objects now: 7652.
Memory consumption went from 166.5 MB to 158.8 MB.
Total: 21.865800 ms (FindLiveObjects: 1.801200 ms CreateObjectMapping: 2.011400 ms MarkObjects: 9.741500 ms  DeleteObjects: 8.308800 ms)

========================================================================
Received Import Request.
  Time since last request: 4094.483728 seconds.
  path: Assets/Characters/Knight Pack/Animations/ walk (2).fbx
  artifactKey: Guid(384dfbd0a1777814b831daaaf84a352c) Importer(815301076,1909f56bfc062723c751e8b465ee728b)
Start importing Assets/Characters/Knight Pack/Animations/ walk (2).fbx using Guid(384dfbd0a1777814b831daaaf84a352c) Importer(815301076,1909f56bfc062723c751e8b465ee728b) (PreviewImporter) -> (artifact id: 'ff1c8bc3cd2e137177bf7aa17d985904') in 0.0450023 seconds
Number of updated asset objects reloaded before import = 0Number of asset objects unloaded after import = 119

========================================================================
Received Import Request.
  Time since last request: 54.704411 seconds.
  path: Assets/Characters/Knight Pack/Animations/AnimationsNonUse/180 turn (2).fbx
  artifactKey: Guid(ebbc0fbc5cf26d6489c71a2b019071c9) Importer(815301076,1909f56bfc062723c751e8b465ee728b)
Start importing Assets/Characters/Knight Pack/Animations/AnimationsNonUse/180 turn (2).fbx using Guid(ebbc0fbc5cf26d6489c71a2b019071c9) Importer(815301076,1909f56bfc062723c751e8b465ee728b) (PreviewImporter) -> (artifact id: '6caed0dc7fd23be923ea8caf4acfd528') in 0.0043411 seconds
Number of updated asset objects reloaded before import = 0Number of asset objects unloaded after import = 119

========================================================================
Received Import Request.
  Time since last request: 21.318084 seconds.
  path: Assets/Characters/Knight Pack/Materials/blinn2.mat
  artifactKey: Guid(ca532eef7d8d562499bcbc7406083987) Importer(815301076,1909f56bfc062723c751e8b465ee728b)
Start importing Assets/Characters/Knight Pack/Materials/blinn2.mat using Guid(ca532eef7d8d562499bcbc7406083987) Importer(815301076,1909f56bfc062723c751e8b465ee728b) (PreviewImporter) -> (artifact id: 'd39029f311a57bc5df74b84e0d8fa19c') in 0.4562489 seconds
Number of updated asset objects reloaded before import = 0Number of asset objects unloaded after import = 3

========================================================================
Received Import Request.
  Time since last request: 8.892553 seconds.
  path: Assets/Characters/Knight Pack/Animations/180 turn (2).fbx
  artifactKey: Guid(0013718ca7404234883091610a82b51c) Importer(815301076,1909f56bfc062723c751e8b465ee728b)
Start importing Assets/Characters/Knight Pack/Animations/180 turn (2).fbx using Guid(0013718ca7404234883091610a82b51c) Importer(815301076,1909f56bfc062723c751e8b465ee728b) (PreviewImporter) -> (artifact id: 'e4740d749ce762370f167c028d5935a8') in 0.0040236 seconds
Number of updated asset objects reloaded before import = 0Number of asset objects unloaded after import = 119

========================================================================
Received Import Request.
  Time since last request: 327.119908 seconds.
  path: Assets/Characters/Knight Pack/Animations/AnimationsNonUse/crouch.fbx
  artifactKey: Guid(4ecd82d46878be04190a2ecb708967d2) Importer(815301076,1909f56bfc062723c751e8b465ee728b)
Start importing Assets/Characters/Knight Pack/Animations/AnimationsNonUse/crouch.fbx using Guid(4ecd82d46878be04190a2ecb708967d2) Importer(815301076,1909f56bfc062723c751e8b465ee728b) (PreviewImporter) -> (artifact id: 'c54f80b9089860be8bf8223ada62a083') in 0.0052906 seconds
Number of updated asset objects reloaded before import = 0Number of asset objects unloaded after import = 119

========================================================================
Received Import Request.
  Time since last request: 0.000044 seconds.
  path: Assets/Characters/Knight Pack/Animations/AnimationsNonUse/jump (2).fbx
  artifactKey: Guid(6d5287e7d217197488d283a350a92f0f) Importer(815301076,1909f56bfc062723c751e8b465ee728b)
Start importing Assets/Characters/Knight Pack/Animations/AnimationsNonUse/jump (2).fbx using Guid(6d5287e7d217197488d283a350a92f0f) Importer(815301076,1909f56bfc062723c751e8b465ee728b) (PreviewImporter) -> (artifact id: 'e9a97d5bdd192b72541d3a4f638db630') in 0.0043427 seconds
Number of updated asset objects reloaded before import = 0Number of asset objects unloaded after import = 119

========================================================================
Received Import Request.
  Time since last request: 0.000025 seconds.
  path: Assets/Characters/Knight Pack/Animations/AnimationsNonUse/crouch block idle.fbx
  artifactKey: Guid(0312c1a7bc81c5349bb78c1874c80307) Importer(815301076,1909f56bfc062723c751e8b465ee728b)
Start importing Assets/Characters/Knight Pack/Animations/AnimationsNonUse/crouch block idle.fbx using Guid(0312c1a7bc81c5349bb78c1874c80307) Importer(815301076,1909f56bfc062723c751e8b465ee728b) (PreviewImporter) -> (artifact id: '2a3b0a44e77a34862cc695e0b1d4b77f') in 0.0041295 seconds
Number of updated asset objects reloaded before import = 0Number of asset objects unloaded after import = 119

========================================================================
Received Import Request.
  Time since last request: 0.000036 seconds.
  path: Assets/Characters/Knight Pack/Animations/AnimationsNonUse/crouching.fbx
  artifactKey: Guid(811eb9effa479f9428969b718ec4604a) Importer(815301076,1909f56bfc062723c751e8b465ee728b)
Start importing Assets/Characters/Knight Pack/Animations/AnimationsNonUse/crouching.fbx using Guid(811eb9effa479f9428969b718ec4604a) Importer(815301076,1909f56bfc062723c751e8b465ee728b) (PreviewImporter) -> (artifact id: '37bf6fa1ea953b013671db7cf87094ca') in 0.0046253 seconds
Number of updated asset objects reloaded before import = 0Number of asset objects unloaded after import = 119

========================================================================
Received Import Request.
  Time since last request: 0.000048 seconds.
  path: Assets/Characters/Knight Pack/Animations/AnimationsNonUse/crouching (2).fbx
  artifactKey: Guid(8b0507106c715714a85f9d7b5888ddc7) Importer(815301076,1909f56bfc062723c751e8b465ee728b)
Start importing Assets/Characters/Knight Pack/Animations/AnimationsNonUse/crouching (2).fbx using Guid(8b0507106c715714a85f9d7b5888ddc7) Importer(815301076,1909f56bfc062723c751e8b465ee728b) (PreviewImporter) -> (artifact id: '8401f6c97760ed4a7330d2c791618cfd') in 0.0046507 seconds
Number of updated asset objects reloaded before import = 0Number of asset objects unloaded after import = 119

========================================================================
Received Import Request.
  Time since last request: 0.000032 seconds.
  path: Assets/Characters/Knight Pack/Animations/AnimationsNonUse/crouch block.fbx
  artifactKey: Guid(80c47fed4d364c54598dc4f392a71b81) Importer(815301076,1909f56bfc062723c751e8b465ee728b)
Start importing Assets/Characters/Knight Pack/Animations/AnimationsNonUse/crouch block.fbx using Guid(80c47fed4d364c54598dc4f392a71b81) Importer(815301076,1909f56bfc062723c751e8b465ee728b) (PreviewImporter) -> (artifact id: '7789ade7cdbc4a29d189843e95fa5ab4') in 0.0038749 seconds
Number of updated asset objects reloaded before import = 0Number of asset objects unloaded after import = 119

========================================================================
Received Import Request.
  Time since last request: 0.000024 seconds.
  path: Assets/Characters/Knight Pack/Animations/AnimationsNonUse/jump.fbx
  artifactKey: Guid(7946f056a3adbd54a94faee5b33782cb) Importer(815301076,1909f56bfc062723c751e8b465ee728b)
Start importing Assets/Characters/Knight Pack/Animations/AnimationsNonUse/jump.fbx using Guid(7946f056a3adbd54a94faee5b33782cb) Importer(815301076,1909f56bfc062723c751e8b465ee728b) (PreviewImporter) -> (artifact id: '3a8d2f58958bffba4c4f482cc1b371d4') in 0.0038969 seconds
Number of updated asset objects reloaded before import = 0Number of asset objects unloaded after import = 119

Editor requested this worker to shutdown with reason: Scaling down because of idle timeout
AssetImportWorker is now disconnected from the server
Process exiting
Exiting without the bug reporter. Application will terminate with return code 0