Using pre-set license
Built from '6000.0/staging' branch; Version is '6000.0.42f1 (feb9a7235030) revision 16693671'; Using compiler version '193933523'; Build Type 'Release'
OS: 'Windows 10  (10.0.19045) 64bit Professional' Language: 'ru' Physical Memory: 16202 MB
BatchMode: 1, IsHumanControllingUs: 0, StartBugReporterOnCrash: 0, Is64bit: 1, IsPro: 1

COMMAND LINE ARGUMENTS:
C:\Program Files\Unity\Hub\Editor\6000.0.42f1\Editor\Unity.exe
-adb2
-batchMode
-noUpm
-name
AssetImportWorker1
-projectPath
D:/Slesher/3DSlesher/URP3DSlesher
-logFile
Logs/AssetImportWorker1.log
-srvPort
52738
-job-worker-count
7
-background-job-worker-count
8
-gc-helper-count
1
Successfully changed project path to: D:/Slesher/3DSlesher/URP3DSlesher
D:/Slesher/3DSlesher/URP3DSlesher
[UnityMemory] Configuration Parameters - Can be set up in boot.config
    "memorysetup-bucket-allocator-granularity=16"
    "memorysetup-bucket-allocator-bucket-count=8"
    "memorysetup-bucket-allocator-block-size=33554432"
    "memorysetup-bucket-allocator-block-count=8"
    "memorysetup-main-allocator-block-size=16777216"
    "memorysetup-thread-allocator-block-size=16777216"
    "memorysetup-gfx-main-allocator-block-size=16777216"
    "memorysetup-gfx-thread-allocator-block-size=16777216"
    "memorysetup-cache-allocator-block-size=4194304"
    "memorysetup-typetree-allocator-block-size=2097152"
    "memorysetup-profiler-bucket-allocator-granularity=16"
    "memorysetup-profiler-bucket-allocator-bucket-count=8"
    "memorysetup-profiler-bucket-allocator-block-size=33554432"
    "memorysetup-profiler-bucket-allocator-block-count=8"
    "memorysetup-profiler-allocator-block-size=16777216"
    "memorysetup-profiler-editor-allocator-block-size=1048576"
    "memorysetup-temp-allocator-size-main=16777216"
    "memorysetup-job-temp-allocator-block-size=2097152"
    "memorysetup-job-temp-allocator-block-size-background=1048576"
    "memorysetup-job-temp-allocator-reduction-small-platforms=262144"
    "memorysetup-allocator-temp-initial-block-size-main=262144"
    "memorysetup-allocator-temp-initial-block-size-worker=262144"
    "memorysetup-temp-allocator-size-background-worker=32768"
    "memorysetup-temp-allocator-size-job-worker=262144"
    "memorysetup-temp-allocator-size-preload-manager=33554432"
    "memorysetup-temp-allocator-size-nav-mesh-worker=65536"
    "memorysetup-temp-allocator-size-audio-worker=65536"
    "memorysetup-temp-allocator-size-cloud-worker=32768"
    "memorysetup-temp-allocator-size-gi-baking-worker=262144"
    "memorysetup-temp-allocator-size-gi-baking-worker=262144"
    "memorysetup-temp-allocator-size-gi-baking-worker=262144"
    "memorysetup-temp-allocator-size-gi-baking-worker=262144"
    "memorysetup-temp-allocator-size-gi-baking-worker=262144"
    "memorysetup-temp-allocator-size-gfx=262144"
Player connection [14360]  Target information:

Player connection [14360]  * "[IP] 192.168.1.7 [Port] 0 [Flags] 2 [Guid] 1682508501 [EditorId] 1682508501 [Version] 1048832 [Id] WindowsEditor(7,DESKTOP-5ECU8IQ) [Debug] 1 [PackageName] WindowsEditor [ProjectName] Editor" 

Player connection [14360] Host joined multi-casting on [225.0.0.222:54997]...
Player connection [14360] Host joined alternative multi-casting on [225.0.0.222:34997]...
JobSystem: Creating JobQueue using job-worker-count value 7
Input System module state changed to: Initialized.
[Physics::Module] Initialized fallback backend.
[Physics::Module] Id: 0xdecafbad
Library Redirect Path: Library/
[Physics::Module] Selected backend.
[Physics::Module] Name: PhysX
[Physics::Module] Id: 0xf2b8ea05
[Physics::Module] SDK Version: 4.1.2
[Physics::Module] Integration Version: 1.0.0
[Physics::Module] Threading Mode: Multi-Threaded
Refreshing native plugins compatible for Editor in 2.14 ms, found 3 plugins.
Preloading 0 native plugins for Editor in 0.00 ms.
Initialize engine version: 6000.0.42f1 (feb9a7235030)
[Subsystems] Discovering subsystems at path C:/Program Files/Unity/Hub/Editor/6000.0.42f1/Editor/Data/Resources/UnitySubsystems
[Subsystems] Discovering subsystems at path D:/Slesher/3DSlesher/URP3DSlesher/Assets
GfxDevice: creating device client; kGfxThreadingModeNonThreaded
Direct3D:
    Version:  Direct3D 11.0 [level 11.1]
    Renderer: NVIDIA GeForce RTX 4050 Laptop GPU (ID=0x28e1)
    Vendor:   NVIDIA
    VRAM:     5921 MB
    Driver:   32.0.15.7283
Initialize mono
Mono path[0] = 'C:/Program Files/Unity/Hub/Editor/6000.0.42f1/Editor/Data/Managed'
Mono path[1] = 'C:/Program Files/Unity/Hub/Editor/6000.0.42f1/Editor/Data/MonoBleedingEdge/lib/mono/unityjit-win32'
Mono config path = 'C:/Program Files/Unity/Hub/Editor/6000.0.42f1/Editor/Data/MonoBleedingEdge/etc'
Using monoOptions --debugger-agent=transport=dt_socket,embedding=1,server=y,suspend=n,address=127.0.0.1:56092
Begin MonoManager ReloadAssembly
Registering precompiled unity dll's ...
Register platform support module: C:/Program Files/Unity/Hub/Editor/6000.0.42f1/Editor/Data/PlaybackEngines/WebGLSupport/UnityEditor.WebGL.Extensions.dll
Register platform support module: C:/Program Files/Unity/Hub/Editor/6000.0.42f1/Editor/Data/PlaybackEngines/WindowsStandaloneSupport/UnityEditor.WindowsStandalone.Extensions.dll
Registered in 0.009725 seconds.
- Loaded All Assemblies, in  0.795 seconds
Native extension for WindowsStandalone target not found
Native extension for WebGL target not found
Mono: successfully reloaded assembly
- Finished resetting the current domain, in  0.706 seconds
Domain Reload Profiling: 1497ms
	BeginReloadAssembly (247ms)
		ExecutionOrderSort (0ms)
		DisableScriptedObjects (0ms)
		BackupInstance (0ms)
		ReleaseScriptingObjects (0ms)
		CreateAndSetChildDomain (2ms)
	RebuildCommonClasses (83ms)
	RebuildNativeTypeToScriptingClass (28ms)
	initialDomainReloadingComplete (113ms)
	LoadAllAssembliesAndSetupDomain (320ms)
		LoadAssemblies (242ms)
		RebuildTransferFunctionScriptingTraits (0ms)
		AnalyzeDomain (314ms)
			TypeCache.Refresh (312ms)
				TypeCache.ScanAssembly (290ms)
			BuildScriptInfoCaches (0ms)
			ResolveRequiredComponents (1ms)
	FinalizeReload (706ms)
		ReleaseScriptCaches (0ms)
		RebuildScriptCaches (0ms)
		SetupLoadedEditorAssemblies (610ms)
			LogAssemblyErrors (0ms)
			InitializePlatformSupportModulesInManaged (47ms)
			SetLoadedEditorAssemblies (8ms)
			BeforeProcessingInitializeOnLoad (110ms)
			ProcessInitializeOnLoadAttributes (323ms)
			ProcessInitializeOnLoadMethodAttributes (122ms)
			AfterProcessingInitializeOnLoad (0ms)
			EditorAssembliesLoaded (0ms)
		ExecutionOrderSort2 (0ms)
		AwakeInstancesAfterBackupRestoration (0ms)
========================================================================
Worker process is ready to serve import requests
Import Worker Mode flag is 0x00
Begin MonoManager ReloadAssembly
Symbol file LoadedFromMemory is not a mono symbol file
- Loaded All Assemblies, in  1.609 seconds
Refreshing native plugins compatible for Editor in 1.16 ms, found 3 plugins.
Native extension for WindowsStandalone target not found
Native extension for WebGL target not found
Mono: successfully reloaded assembly
- Finished resetting the current domain, in  1.642 seconds
Domain Reload Profiling: 3245ms
	BeginReloadAssembly (323ms)
		ExecutionOrderSort (0ms)
		DisableScriptedObjects (12ms)
		BackupInstance (0ms)
		ReleaseScriptingObjects (0ms)
		CreateAndSetChildDomain (48ms)
	RebuildCommonClasses (81ms)
	RebuildNativeTypeToScriptingClass (21ms)
	initialDomainReloadingComplete (81ms)
	LoadAllAssembliesAndSetupDomain (1096ms)
		LoadAssemblies (683ms)
		RebuildTransferFunctionScriptingTraits (0ms)
		AnalyzeDomain (612ms)
			TypeCache.Refresh (470ms)
				TypeCache.ScanAssembly (433ms)
			BuildScriptInfoCaches (114ms)
			ResolveRequiredComponents (23ms)
	FinalizeReload (1643ms)
		ReleaseScriptCaches (0ms)
		RebuildScriptCaches (0ms)
		SetupLoadedEditorAssemblies (1309ms)
			LogAssemblyErrors (0ms)
			InitializePlatformSupportModulesInManaged (6ms)
			SetLoadedEditorAssemblies (9ms)
			BeforeProcessingInitializeOnLoad (253ms)
			ProcessInitializeOnLoadAttributes (814ms)
			ProcessInitializeOnLoadMethodAttributes (217ms)
			AfterProcessingInitializeOnLoad (11ms)
			EditorAssembliesLoaded (0ms)
		ExecutionOrderSort2 (0ms)
		AwakeInstancesAfterBackupRestoration (18ms)
Launched and connected shader compiler UnityShaderCompiler.exe after 0.02 seconds
Refreshing native plugins compatible for Editor in 6.27 ms, found 3 plugins.
Preloading 0 native plugins for Editor in 0.00 ms.
Unloading 244 Unused Serialized files (Serialized files now loaded: 0)
Unloading 7533 unused Assets / (7.9 MB). Loaded Objects now: 8227.
Memory consumption went from 175.0 MB to 167.2 MB.
Total: 30.476300 ms (FindLiveObjects: 2.091200 ms CreateObjectMapping: 2.614200 ms MarkObjects: 15.168200 ms  DeleteObjects: 10.599500 ms)

========================================================================
Received Import Request.
  Time since last request: 11015.289834 seconds.
  path: Assets/Characters/Knight
  artifactKey: Guid(646cce8bfe7f1884cad11b24997eefb3) Importer(815301076,1909f56bfc062723c751e8b465ee728b)
Start importing Assets/Characters/Knight using Guid(646cce8bfe7f1884cad11b24997eefb3) Importer(815301076,1909f56bfc062723c751e8b465ee728b) (PreviewImporter) -> (artifact id: '5871c49758fde6bd29d5c2fcdf0813ae') in 0.0221595 seconds
Number of updated asset objects reloaded before import = 0Number of asset objects unloaded after import = 0

========================================================================
Received Import Request.
  Time since last request: 0.902026 seconds.
  path: Assets/Characters/Knight/source
  artifactKey: Guid(ddb597100649a034797b1f1d1b1e18c7) Importer(815301076,1909f56bfc062723c751e8b465ee728b)
Start importing Assets/Characters/Knight/source using Guid(ddb597100649a034797b1f1d1b1e18c7) Importer(815301076,1909f56bfc062723c751e8b465ee728b) (PreviewImporter) -> (artifact id: '859f08d6e3fb19d00d4c970a62f46eeb') in 0.000823 seconds
Number of updated asset objects reloaded before import = 0Number of asset objects unloaded after import = 0

========================================================================
Received Import Request.
  Time since last request: 0.056032 seconds.
  path: Assets/Characters/Knight/source/180 turn.fbx
  artifactKey: Guid(27ba32d9bc1e84049b74272478edd699) Importer(815301076,1909f56bfc062723c751e8b465ee728b)
Start importing Assets/Characters/Knight/source/180 turn.fbx using Guid(27ba32d9bc1e84049b74272478edd699) Importer(815301076,1909f56bfc062723c751e8b465ee728b) (PreviewImporter) -> (artifact id: '23ca551dafb752c4409864c1e4f91cda') in 0.0650049 seconds
Number of updated asset objects reloaded before import = 0Number of asset objects unloaded after import = 143

========================================================================
Received Import Request.
  Time since last request: 0.000027 seconds.
  path: Assets/Characters/Knight/source/attack.fbx
  artifactKey: Guid(6a441492137da4144818d5a2f634957e) Importer(815301076,1909f56bfc062723c751e8b465ee728b)
Start importing Assets/Characters/Knight/source/attack.fbx using Guid(6a441492137da4144818d5a2f634957e) Importer(815301076,1909f56bfc062723c751e8b465ee728b) (PreviewImporter) -> (artifact id: 'cce86a0090740925bccf6b0e3b1371ab') in 0.0083972 seconds
Number of updated asset objects reloaded before import = 0Number of asset objects unloaded after import = 143

========================================================================
Received Import Request.
  Time since last request: 0.000039 seconds.
  path: Assets/Characters/Knight/source/180 turn (2).fbx
  artifactKey: Guid(f5bca4480a6b49843bf211cac2b427ac) Importer(815301076,1909f56bfc062723c751e8b465ee728b)
Start importing Assets/Characters/Knight/source/180 turn (2).fbx using Guid(f5bca4480a6b49843bf211cac2b427ac) Importer(815301076,1909f56bfc062723c751e8b465ee728b) (PreviewImporter) -> (artifact id: '65d0e94aeff5b4ab247d1039e96dc1f9') in 0.006647 seconds
Number of updated asset objects reloaded before import = 0Number of asset objects unloaded after import = 143

========================================================================
Received Import Request.
  Time since last request: 0.000061 seconds.
  path: Assets/Characters/Knight/source/Dwarf Idle.fbx
  artifactKey: Guid(395a1a731da9fc24c99d12c09cbfc280) Importer(815301076,1909f56bfc062723c751e8b465ee728b)
Start importing Assets/Characters/Knight/source/Dwarf Idle.fbx using Guid(395a1a731da9fc24c99d12c09cbfc280) Importer(815301076,1909f56bfc062723c751e8b465ee728b) (PreviewImporter) -> (artifact id: '1c24eee04f5b94c2f5f2b906788472ee') in 1.8358996 seconds
Number of updated asset objects reloaded before import = 0Number of asset objects unloaded after import = 308

========================================================================
Received Import Request.
  Time since last request: 0.000076 seconds.
  path: Assets/Characters/Knight/source/attack (2).fbx
  artifactKey: Guid(a8a058abe6a31934cacbeaab08f64b86) Importer(815301076,1909f56bfc062723c751e8b465ee728b)
Start importing Assets/Characters/Knight/source/attack (2).fbx using Guid(a8a058abe6a31934cacbeaab08f64b86) Importer(815301076,1909f56bfc062723c751e8b465ee728b) (PreviewImporter) -> (artifact id: '50f6e017ea9825b84d574e9a07a24364') in 0.0096638 seconds
Number of updated asset objects reloaded before import = 0Number of asset objects unloaded after import = 143

========================================================================
Received Import Request.
  Time since last request: 15.642970 seconds.
  path: Assets/Characters/Warrior/attack.fbx
  artifactKey: Guid(88c0c6469557ec646ab5b850638cfdd8) Importer(815301076,1909f56bfc062723c751e8b465ee728b)
Start importing Assets/Characters/Warrior/attack.fbx using Guid(88c0c6469557ec646ab5b850638cfdd8) Importer(815301076,1909f56bfc062723c751e8b465ee728b) (PreviewImporter) -> (artifact id: '6ca1d9e649eea2a8cf6cbe41ada1b89a') in 0.0083556 seconds
Number of updated asset objects reloaded before import = 0Number of asset objects unloaded after import = 143

========================================================================
Received Import Request.
  Time since last request: 0.000027 seconds.
  path: Assets/Characters/Warrior/sheath sword 1.fbx
  artifactKey: Guid(315f4c6eab1435948b648c11ea156aae) Importer(815301076,1909f56bfc062723c751e8b465ee728b)
Start importing Assets/Characters/Warrior/sheath sword 1.fbx using Guid(315f4c6eab1435948b648c11ea156aae) Importer(815301076,1909f56bfc062723c751e8b465ee728b) (PreviewImporter) -> (artifact id: '01eb44b13508d79a4b88d0a2b5d805ed') in 0.0067999 seconds
Number of updated asset objects reloaded before import = 0Number of asset objects unloaded after import = 143

========================================================================
Received Import Request.
  Time since last request: 0.000036 seconds.
  path: Assets/Characters/Warrior/kick.fbx
  artifactKey: Guid(f7b4845d928be9540b5052af46754920) Importer(815301076,1909f56bfc062723c751e8b465ee728b)
Start importing Assets/Characters/Warrior/kick.fbx using Guid(f7b4845d928be9540b5052af46754920) Importer(815301076,1909f56bfc062723c751e8b465ee728b) (PreviewImporter) -> (artifact id: '3f0663b3fec5551ab5a44d0d616248e4') in 0.0055909 seconds
Number of updated asset objects reloaded before import = 0Number of asset objects unloaded after import = 143

========================================================================
Received Import Request.
  Time since last request: 0.000055 seconds.
  path: Assets/Characters/Warrior/slash (2).fbx
  artifactKey: Guid(0d618d9ee3e6513469b5eb01a925a9dc) Importer(815301076,1909f56bfc062723c751e8b465ee728b)
Start importing Assets/Characters/Warrior/slash (2).fbx using Guid(0d618d9ee3e6513469b5eb01a925a9dc) Importer(815301076,1909f56bfc062723c751e8b465ee728b) (PreviewImporter) -> (artifact id: '8d7d77874efbc5bdcb4b33b5ac58a15d') in 0.0063006 seconds
Number of updated asset objects reloaded before import = 0Number of asset objects unloaded after import = 143

========================================================================
Received Import Request.
  Time since last request: 0.000036 seconds.
  path: Assets/Characters/Warrior/attack (4).fbx
  artifactKey: Guid(7033066a67701a8469f86f678cecf75c) Importer(815301076,1909f56bfc062723c751e8b465ee728b)
Start importing Assets/Characters/Warrior/attack (4).fbx using Guid(7033066a67701a8469f86f678cecf75c) Importer(815301076,1909f56bfc062723c751e8b465ee728b) (PreviewImporter) -> (artifact id: 'a77376f36d13accc8bc12d1cd5928d0c') in 0.0070718 seconds
Number of updated asset objects reloaded before import = 0Number of asset objects unloaded after import = 143

========================================================================
Received Import Request.
  Time since last request: 0.000040 seconds.
  path: Assets/Characters/Warrior/attack (2).fbx
  artifactKey: Guid(82871121dbf72434cade3547cb2d4d1f) Importer(815301076,1909f56bfc062723c751e8b465ee728b)
Start importing Assets/Characters/Warrior/attack (2).fbx using Guid(82871121dbf72434cade3547cb2d4d1f) Importer(815301076,1909f56bfc062723c751e8b465ee728b) (PreviewImporter) -> (artifact id: '40070af5bef0f01fe6e799b28a395f16') in 0.0070398 seconds
Number of updated asset objects reloaded before import = 0Number of asset objects unloaded after import = 143

========================================================================
Received Import Request.
  Time since last request: 0.000033 seconds.
  path: Assets/Characters/Warrior/jump.fbx
  artifactKey: Guid(e6b41688656b96149b19e39f5fddad40) Importer(815301076,1909f56bfc062723c751e8b465ee728b)
Start importing Assets/Characters/Warrior/jump.fbx using Guid(e6b41688656b96149b19e39f5fddad40) Importer(815301076,1909f56bfc062723c751e8b465ee728b) (PreviewImporter) -> (artifact id: 'ff43a7887400d66833a91268ec75a4d8') in 0.0077187 seconds
Number of updated asset objects reloaded before import = 0Number of asset objects unloaded after import = 143

========================================================================
Received Import Request.
  Time since last request: 0.000039 seconds.
  path: Assets/Characters/Warrior/idle (2).fbx
  artifactKey: Guid(d8dab5f5aa25569459e301360a9bb245) Importer(815301076,1909f56bfc062723c751e8b465ee728b)
Start importing Assets/Characters/Warrior/idle (2).fbx using Guid(d8dab5f5aa25569459e301360a9bb245) Importer(815301076,1909f56bfc062723c751e8b465ee728b) (PreviewImporter) -> (artifact id: '2be40feb8e222d37299cce308be6d506') in 0.0077342 seconds
Number of updated asset objects reloaded before import = 0Number of asset objects unloaded after import = 143

========================================================================
Received Import Request.
  Time since last request: 0.000034 seconds.
  path: Assets/Characters/Warrior/run.fbx
  artifactKey: Guid(e91a9826bf681564c908ba5ce2d15044) Importer(815301076,1909f56bfc062723c751e8b465ee728b)
Start importing Assets/Characters/Warrior/run.fbx using Guid(e91a9826bf681564c908ba5ce2d15044) Importer(815301076,1909f56bfc062723c751e8b465ee728b) (PreviewImporter) -> (artifact id: '908e3e44de07837fa5eabd2c7c0a053c') in 0.0081536 seconds
Number of updated asset objects reloaded before import = 0Number of asset objects unloaded after import = 143

========================================================================
Received Import Request.
  Time since last request: 0.000045 seconds.
  path: Assets/Characters/Warrior/sheath sword 2.fbx
  artifactKey: Guid(b30204029a4070a47b3e1a58c37d3157) Importer(815301076,1909f56bfc062723c751e8b465ee728b)
Start importing Assets/Characters/Warrior/sheath sword 2.fbx using Guid(b30204029a4070a47b3e1a58c37d3157) Importer(815301076,1909f56bfc062723c751e8b465ee728b) (PreviewImporter) -> (artifact id: '9ba0c8c5d0f9284240a833adf7185485') in 0.0063247 seconds
Number of updated asset objects reloaded before import = 0Number of asset objects unloaded after import = 143

========================================================================
Received Import Request.
  Time since last request: 0.000030 seconds.
  path: Assets/Characters/Warrior/casting (2).fbx
  artifactKey: Guid(97b4ca2cd7574d84787e036f17edff30) Importer(815301076,1909f56bfc062723c751e8b465ee728b)
Start importing Assets/Characters/Warrior/casting (2).fbx using Guid(97b4ca2cd7574d84787e036f17edff30) Importer(815301076,1909f56bfc062723c751e8b465ee728b) (PreviewImporter) -> (artifact id: '812205ed301085e06d1a38bcff5709cb') in 0.0053675 seconds
Number of updated asset objects reloaded before import = 0Number of asset objects unloaded after import = 143

========================================================================
Received Import Request.
  Time since last request: 0.000028 seconds.
  path: Assets/Characters/Warrior/sword and shield slash (2).fbx
  artifactKey: Guid(b42801b269c8e8d4aaf29a9e1913e557) Importer(815301076,1909f56bfc062723c751e8b465ee728b)
Start importing Assets/Characters/Warrior/sword and shield slash (2).fbx using Guid(b42801b269c8e8d4aaf29a9e1913e557) Importer(815301076,1909f56bfc062723c751e8b465ee728b) (PreviewImporter) -> (artifact id: '0dd2f2ab6eb1d23936d32400c71eb63b') in 0.0062097 seconds
Number of updated asset objects reloaded before import = 0Number of asset objects unloaded after import = 143

========================================================================
Received Import Request.
  Time since last request: 0.000040 seconds.
  path: Assets/Characters/Warrior/impact (2).fbx
  artifactKey: Guid(e14aa9db01db50c47b596be598cd10c6) Importer(815301076,1909f56bfc062723c751e8b465ee728b)
Start importing Assets/Characters/Warrior/impact (2).fbx using Guid(e14aa9db01db50c47b596be598cd10c6) Importer(815301076,1909f56bfc062723c751e8b465ee728b) (PreviewImporter) -> (artifact id: '8b739760b7b82a520d8fb6851aad2a45') in 0.0069962 seconds
Number of updated asset objects reloaded before import = 0Number of asset objects unloaded after import = 143

========================================================================
Received Import Request.
  Time since last request: 0.000032 seconds.
  path: Assets/Characters/Warrior/Attack2.fbx
  artifactKey: Guid(74082fa4461fe9347970698942aadb8a) Importer(815301076,1909f56bfc062723c751e8b465ee728b)
Start importing Assets/Characters/Warrior/Attack2.fbx using Guid(74082fa4461fe9347970698942aadb8a) Importer(815301076,1909f56bfc062723c751e8b465ee728b) (PreviewImporter) -> (artifact id: '582eb488c5dedd93e61e683e36dad31a') in 0.0069659 seconds
Number of updated asset objects reloaded before import = 0Number of asset objects unloaded after import = 143

========================================================================
Received Import Request.
  Time since last request: 0.000053 seconds.
  path: Assets/Characters/Warrior/turn (2).fbx
  artifactKey: Guid(771fa4c6529e5264db734a38ed280fdb) Importer(815301076,1909f56bfc062723c751e8b465ee728b)
Start importing Assets/Characters/Warrior/turn (2).fbx using Guid(771fa4c6529e5264db734a38ed280fdb) Importer(815301076,1909f56bfc062723c751e8b465ee728b) (PreviewImporter) -> (artifact id: '85041acf0fc38f21018869e9d7e2bba6') in 0.0056303 seconds
Number of updated asset objects reloaded before import = 0Number of asset objects unloaded after import = 143

========================================================================
Received Import Request.
  Time since last request: 23.632544 seconds.
  path: Assets/Characters/Knight/source/attack (2).fbx
  artifactKey: Guid(5c775c379695eb644aedc8bda093558f) Importer(815301076,1909f56bfc062723c751e8b465ee728b)
Start importing Assets/Characters/Knight/source/attack (2).fbx using Guid(5c775c379695eb644aedc8bda093558f) Importer(815301076,1909f56bfc062723c751e8b465ee728b) (PreviewImporter) -> (artifact id: '2277ecf0a7c2957db7c83d9b5273c69f') in 0.0107924 seconds
Number of updated asset objects reloaded before import = 0Number of asset objects unloaded after import = 143

========================================================================
Received Import Request.
  Time since last request: 0.000043 seconds.
  path: Assets/Characters/Knight/source/impact (2).fbx
  artifactKey: Guid(5eea3ca6e972f84458fbb0acf4131910) Importer(815301076,1909f56bfc062723c751e8b465ee728b)
Start importing Assets/Characters/Knight/source/impact (2).fbx using Guid(5eea3ca6e972f84458fbb0acf4131910) Importer(815301076,1909f56bfc062723c751e8b465ee728b) (PreviewImporter) -> (artifact id: '715e42dc1cd44adeace4c9c9c1acdad0') in 0.0070588 seconds
Number of updated asset objects reloaded before import = 0Number of asset objects unloaded after import = 143

========================================================================
Received Import Request.
  Time since last request: 0.000053 seconds.
  path: Assets/Characters/Knight/source/idle (3).fbx
  artifactKey: Guid(a39ec735fb42f754b809d539d0b410d4) Importer(815301076,1909f56bfc062723c751e8b465ee728b)
Start importing Assets/Characters/Knight/source/idle (3).fbx using Guid(a39ec735fb42f754b809d539d0b410d4) Importer(815301076,1909f56bfc062723c751e8b465ee728b) (PreviewImporter) -> (artifact id: '680f21bee0d49c4ec7e4d40a59ff1c8b') in 0.0090755 seconds
Number of updated asset objects reloaded before import = 0Number of asset objects unloaded after import = 143

========================================================================
Received Import Request.
  Time since last request: 0.000036 seconds.
  path: Assets/Characters/Knight/source/Attack1.fbx
  artifactKey: Guid(b5ce6531c3409b641bd8e0edfb61181c) Importer(815301076,1909f56bfc062723c751e8b465ee728b)
Start importing Assets/Characters/Knight/source/Attack1.fbx using Guid(b5ce6531c3409b641bd8e0edfb61181c) Importer(815301076,1909f56bfc062723c751e8b465ee728b) (PreviewImporter) -> (artifact id: '0acb02d7f2aefc9bd2ac608ad65bb405') in 0.0077297 seconds
Number of updated asset objects reloaded before import = 0Number of asset objects unloaded after import = 143

========================================================================
Received Import Request.
  Time since last request: 0.000034 seconds.
  path: Assets/Characters/Knight/source/jump (2).fbx
  artifactKey: Guid(c13a9385eb74dbe41bd216bdf4be9cdd) Importer(815301076,1909f56bfc062723c751e8b465ee728b)
Start importing Assets/Characters/Knight/source/jump (2).fbx using Guid(c13a9385eb74dbe41bd216bdf4be9cdd) Importer(815301076,1909f56bfc062723c751e8b465ee728b) (PreviewImporter) -> (artifact id: '754fd3a8d6187182f843645297d39842') in 0.0069049 seconds
Number of updated asset objects reloaded before import = 0Number of asset objects unloaded after import = 143

========================================================================
Received Import Request.
  Time since last request: 0.000036 seconds.
  path: Assets/Characters/Knight/source/casting.fbx
  artifactKey: Guid(3f315c54a9ca13643952d45b49e0a3d6) Importer(815301076,1909f56bfc062723c751e8b465ee728b)
Start importing Assets/Characters/Knight/source/casting.fbx using Guid(3f315c54a9ca13643952d45b49e0a3d6) Importer(815301076,1909f56bfc062723c751e8b465ee728b) (PreviewImporter) -> (artifact id: '339834efeede6f96668bef4d5651b479') in 0.0063024 seconds
Number of updated asset objects reloaded before import = 0Number of asset objects unloaded after import = 143

========================================================================
Received Import Request.
  Time since last request: 0.000051 seconds.
  path: Assets/Characters/Knight/source/Run Left.fbx
  artifactKey: Guid(badff1bd75276fe4abc640eccccfc07d) Importer(815301076,1909f56bfc062723c751e8b465ee728b)
Start importing Assets/Characters/Knight/source/Run Left.fbx using Guid(badff1bd75276fe4abc640eccccfc07d) Importer(815301076,1909f56bfc062723c751e8b465ee728b) (PreviewImporter) -> (artifact id: '5d328b60872b85a2621efcdffa352464') in 0.010243 seconds
Number of updated asset objects reloaded before import = 0Number of asset objects unloaded after import = 143

========================================================================
Received Import Request.
  Time since last request: 0.000044 seconds.
  path: Assets/Characters/Knight/source/slash (2).fbx
  artifactKey: Guid(c69c633cc7584544aa54bcb265ff53f3) Importer(815301076,1909f56bfc062723c751e8b465ee728b)
Start importing Assets/Characters/Knight/source/slash (2).fbx using Guid(c69c633cc7584544aa54bcb265ff53f3) Importer(815301076,1909f56bfc062723c751e8b465ee728b) (PreviewImporter) -> (artifact id: '6f8dd21e1d163b841c27291c75227298') in 0.006442 seconds
Number of updated asset objects reloaded before import = 0Number of asset objects unloaded after import = 143

========================================================================
Received Import Request.
  Time since last request: 0.000032 seconds.
  path: Assets/Characters/Knight/source/idle Base.fbx
  artifactKey: Guid(d11ad628e070abe4dbbde6b80351f1a5) Importer(815301076,1909f56bfc062723c751e8b465ee728b)
Start importing Assets/Characters/Knight/source/idle Base.fbx using Guid(d11ad628e070abe4dbbde6b80351f1a5) Importer(815301076,1909f56bfc062723c751e8b465ee728b) (PreviewImporter) -> (artifact id: '1636f8005605937110721c32723b991a') in 0.0057487 seconds
Number of updated asset objects reloaded before import = 0Number of asset objects unloaded after import = 143

========================================================================
Received Import Request.
  Time since last request: 0.000033 seconds.
  path: Assets/Characters/Knight/source/jump.fbx
  artifactKey: Guid(3bea2b50b4bcaf14a9ed89ff83cf6d3b) Importer(815301076,1909f56bfc062723c751e8b465ee728b)
Start importing Assets/Characters/Knight/source/jump.fbx using Guid(3bea2b50b4bcaf14a9ed89ff83cf6d3b) Importer(815301076,1909f56bfc062723c751e8b465ee728b) (PreviewImporter) -> (artifact id: 'd783ca3d3166b7fb158639e308a3fdf5') in 0.0070192 seconds
Number of updated asset objects reloaded before import = 0Number of asset objects unloaded after import = 143

========================================================================
Received Import Request.
  Time since last request: 3.413777 seconds.
  path: Assets/Characters/Warrior/Paladin WProp J Nordstrom.fbm/Paladin_specular.png
  artifactKey: Guid(a78982b4d09072a4f9876db42be4036f) Importer(815301076,1909f56bfc062723c751e8b465ee728b)
Start importing Assets/Characters/Warrior/Paladin WProp J Nordstrom.fbm/Paladin_specular.png using Guid(a78982b4d09072a4f9876db42be4036f) Importer(815301076,1909f56bfc062723c751e8b465ee728b) (PreviewImporter) -> (artifact id: '1d2b13ffe373586ef16ca77648ada804') in 0.0339906 seconds
Number of updated asset objects reloaded before import = 0Number of asset objects unloaded after import = 2

========================================================================
Received Import Request.
  Time since last request: 3.973065 seconds.
  path: Assets/Characters/Warrior/Materials/Paladin_MAT.mat
  artifactKey: Guid(5fc38a0cb8877bf438a459316b3a20c8) Importer(815301076,1909f56bfc062723c751e8b465ee728b)
Start importing Assets/Characters/Warrior/Materials/Paladin_MAT.mat using Guid(5fc38a0cb8877bf438a459316b3a20c8) Importer(815301076,1909f56bfc062723c751e8b465ee728b) (PreviewImporter) -> (artifact id: '6fe0ce0a76f2d1063ccbeecd733e5f45') in 4.9890923 seconds
Number of updated asset objects reloaded before import = 0Number of asset objects unloaded after import = 2

========================================================================
Received Import Request.
  Time since last request: 70.954200 seconds.
  path: Assets/Characters/Knight/sword/textures/DefaultMaterial_Metallic.png
  artifactKey: Guid(13a0d887e10664d4e976205fe4e1670a) Importer(815301076,1909f56bfc062723c751e8b465ee728b)
Start importing Assets/Characters/Knight/sword/textures/DefaultMaterial_Metallic.png using Guid(13a0d887e10664d4e976205fe4e1670a) Importer(815301076,1909f56bfc062723c751e8b465ee728b) (PreviewImporter) -> (artifact id: '902517919b41984256aa6b8bcfda0006') in 0.0165728 seconds
Number of updated asset objects reloaded before import = 0Number of asset objects unloaded after import = 2

========================================================================
Received Import Request.
  Time since last request: 0.000033 seconds.
  path: Assets/Characters/Knight/sword/textures/DefaultMaterial_Normal_OpenGL.png
  artifactKey: Guid(8a58b37930cd0ca4a91df38f44e7d4d3) Importer(815301076,1909f56bfc062723c751e8b465ee728b)
Start importing Assets/Characters/Knight/sword/textures/DefaultMaterial_Normal_OpenGL.png using Guid(8a58b37930cd0ca4a91df38f44e7d4d3) Importer(815301076,1909f56bfc062723c751e8b465ee728b) (PreviewImporter) -> (artifact id: '84b5533f0904a8479c8d4d89d6f0d80d') in 0.0238724 seconds
Number of updated asset objects reloaded before import = 0Number of asset objects unloaded after import = 2

Editor requested this worker to shutdown with reason: Scaling down because of idle timeout
AssetImportWorker is now disconnected from the server
Process exiting
Exiting without the bug reporter. Application will terminate with return code 0