Using pre-set license
Built from '6000.0/staging' branch; Version is '6000.0.42f1 (feb9a7235030) revision 16693671'; Using compiler version '193933523'; Build Type 'Release'
OS: 'Windows 10  (10.0.19045) 64bit ProfessionalWorkstation' Language: 'ru' Physical Memory: 15483 MB
BatchMode: 1, IsHumanControllingUs: 0, StartBugReporterOnCrash: 0, Is64bit: 1, IsPro: 1

COMMAND LINE ARGUMENTS:
C:\Program Files\Unity\Hub\Editor\6000.0.42f1-x86_64\Editor\Unity.exe
-adb2
-batchMode
-noUpm
-name
AssetImportWorker3
-projectPath
C:/Users/User794/Documents/My Games/A3DSlesher/URP3DSlesher
-logFile
Logs/AssetImportWorker3.log
-srvPort
62096
-job-worker-count
7
-background-job-worker-count
8
-gc-helper-count
1
Successfully changed project path to: C:/Users/User794/Documents/My Games/A3DSlesher/URP3DSlesher
C:/Users/User794/Documents/My Games/A3DSlesher/URP3DSlesher
[UnityMemory] Configuration Parameters - Can be set up in boot.config
    "memorysetup-bucket-allocator-granularity=16"
    "memorysetup-bucket-allocator-bucket-count=8"
    "memorysetup-bucket-allocator-block-size=33554432"
    "memorysetup-bucket-allocator-block-count=8"
    "memorysetup-main-allocator-block-size=16777216"
    "memorysetup-thread-allocator-block-size=16777216"
    "memorysetup-gfx-main-allocator-block-size=16777216"
    "memorysetup-gfx-thread-allocator-block-size=16777216"
    "memorysetup-cache-allocator-block-size=4194304"
    "memorysetup-typetree-allocator-block-size=2097152"
    "memorysetup-profiler-bucket-allocator-granularity=16"
    "memorysetup-profiler-bucket-allocator-bucket-count=8"
    "memorysetup-profiler-bucket-allocator-block-size=33554432"
    "memorysetup-profiler-bucket-allocator-block-count=8"
    "memorysetup-profiler-allocator-block-size=16777216"
    "memorysetup-profiler-editor-allocator-block-size=1048576"
    "memorysetup-temp-allocator-size-main=16777216"
    "memorysetup-job-temp-allocator-block-size=2097152"
    "memorysetup-job-temp-allocator-block-size-background=1048576"
    "memorysetup-job-temp-allocator-reduction-small-platforms=262144"
    "memorysetup-allocator-temp-initial-block-size-main=262144"
    "memorysetup-allocator-temp-initial-block-size-worker=262144"
    "memorysetup-temp-allocator-size-background-worker=32768"
    "memorysetup-temp-allocator-size-job-worker=262144"
    "memorysetup-temp-allocator-size-preload-manager=33554432"
    "memorysetup-temp-allocator-size-nav-mesh-worker=65536"
    "memorysetup-temp-allocator-size-audio-worker=65536"
    "memorysetup-temp-allocator-size-cloud-worker=32768"
    "memorysetup-temp-allocator-size-gi-baking-worker=262144"
    "memorysetup-temp-allocator-size-gi-baking-worker=262144"
    "memorysetup-temp-allocator-size-gi-baking-worker=262144"
    "memorysetup-temp-allocator-size-gi-baking-worker=262144"
    "memorysetup-temp-allocator-size-gi-baking-worker=262144"
    "memorysetup-temp-allocator-size-gfx=262144"
Player connection [3720]  Target information:

Player connection [3720]  * "[IP] 192.168.200.232 [Port] 0 [Flags] 2 [Guid] 2679160472 [EditorId] 2679160472 [Version] 1048832 [Id] WindowsEditor(7,DESKTOP-FPB70SL) [Debug] 1 [PackageName] WindowsEditor [ProjectName] Editor" 

Player connection [3720] Host joined multi-casting on [225.0.0.222:54997]...
Player connection [3720] Host joined alternative multi-casting on [225.0.0.222:34997]...
JobSystem: Creating JobQueue using job-worker-count value 7
Input System module state changed to: Initialized.
[Physics::Module] Initialized fallback backend.
[Physics::Module] Id: 0xdecafbad
Library Redirect Path: Library/
[Physics::Module] Selected backend.
[Physics::Module] Name: PhysX
[Physics::Module] Id: 0xf2b8ea05
[Physics::Module] SDK Version: 4.1.2
[Physics::Module] Integration Version: 1.0.0
[Physics::Module] Threading Mode: Multi-Threaded
Refreshing native plugins compatible for Editor in 7.23 ms, found 3 plugins.
Preloading 0 native plugins for Editor in 0.00 ms.
Initialize engine version: 6000.0.42f1 (feb9a7235030)
[Subsystems] Discovering subsystems at path C:/Program Files/Unity/Hub/Editor/6000.0.42f1-x86_64/Editor/Data/Resources/UnitySubsystems
[Subsystems] Discovering subsystems at path C:/Users/User794/Documents/My Games/A3DSlesher/URP3DSlesher/Assets
GfxDevice: creating device client; kGfxThreadingModeNonThreaded
Direct3D:
    Version:  Direct3D 11.0 [level 11.1]
    Renderer: AMD Radeon 780M Graphics (ID=0x15bf)
    Vendor:   ATI
    VRAM:     7741 MB
    Driver:   32.0.11029.1008
Initialize mono
Mono path[0] = 'C:/Program Files/Unity/Hub/Editor/6000.0.42f1-x86_64/Editor/Data/Managed'
Mono path[1] = 'C:/Program Files/Unity/Hub/Editor/6000.0.42f1-x86_64/Editor/Data/MonoBleedingEdge/lib/mono/unityjit-win32'
Mono config path = 'C:/Program Files/Unity/Hub/Editor/6000.0.42f1-x86_64/Editor/Data/MonoBleedingEdge/etc'
Using monoOptions --debugger-agent=transport=dt_socket,embedding=1,server=y,suspend=n,address=127.0.0.1:56232
Begin MonoManager ReloadAssembly
Registering precompiled unity dll's ...
Register platform support module: C:/Program Files/Unity/Hub/Editor/6000.0.42f1-x86_64/Editor/Data/PlaybackEngines/WindowsStandaloneSupport/UnityEditor.WindowsStandalone.Extensions.dll
Trying to register platform support module: C:/Program Files/Unity/Hub/Editor/6000.0.42f1-x86_64/Editor/Data/PlaybackEngines/AndroidPlayer/UnityEditor.Android.Extensions.dll (that doesn't exist). Retrying without overrides.
Platform support module is not available: C:/Program Files/Unity/Hub/Editor/6000.0.42f1-x86_64/Editor/Data/PlaybackEngines/AndroidPlayer/UnityEditor.Android.Extensions.dll
Registered in 0.005096 seconds.
- Loaded All Assemblies, in  0.635 seconds
Native extension for WindowsStandalone target not found
Mono: successfully reloaded assembly
- Finished resetting the current domain, in  0.585 seconds
Domain Reload Profiling: 1218ms
	BeginReloadAssembly (244ms)
		ExecutionOrderSort (0ms)
		DisableScriptedObjects (0ms)
		BackupInstance (0ms)
		ReleaseScriptingObjects (0ms)
		CreateAndSetChildDomain (4ms)
	RebuildCommonClasses (53ms)
	RebuildNativeTypeToScriptingClass (15ms)
	initialDomainReloadingComplete (71ms)
	LoadAllAssembliesAndSetupDomain (249ms)
		LoadAssemblies (233ms)
		RebuildTransferFunctionScriptingTraits (0ms)
		AnalyzeDomain (244ms)
			TypeCache.Refresh (242ms)
				TypeCache.ScanAssembly (199ms)
			BuildScriptInfoCaches (0ms)
			ResolveRequiredComponents (0ms)
	FinalizeReload (586ms)
		ReleaseScriptCaches (0ms)
		RebuildScriptCaches (0ms)
		SetupLoadedEditorAssemblies (541ms)
			LogAssemblyErrors (0ms)
			InitializePlatformSupportModulesInManaged (33ms)
			SetLoadedEditorAssemblies (7ms)
			BeforeProcessingInitializeOnLoad (107ms)
			ProcessInitializeOnLoadAttributes (305ms)
			ProcessInitializeOnLoadMethodAttributes (88ms)
			AfterProcessingInitializeOnLoad (0ms)
			EditorAssembliesLoaded (0ms)
		ExecutionOrderSort2 (0ms)
		AwakeInstancesAfterBackupRestoration (0ms)
Assembly reference Packages/com.unity.cinemachine/Editor/Samples/ExposeHDRPInternals/HDRP-Editor-ref.asmref has no target assembly definition
========================================================================
Worker process is ready to serve import requests
Import Worker Mode flag is 0x00
Assembly reference Packages/com.unity.cinemachine/Editor/Samples/ExposeHDRPInternals/HDRP-Editor-ref.asmref has no target assembly definition
Assembly reference Packages/com.unity.cinemachine/Editor/Samples/ExposeHDRPInternals/HDRP-Editor-ref.asmref has no target assembly definition
Begin MonoManager ReloadAssembly
- Loaded All Assemblies, in  1.378 seconds
Assembly reference Packages/com.unity.cinemachine/Editor/Samples/ExposeHDRPInternals/HDRP-Editor-ref.asmref has no target assembly definition
'Packages/com.unity.cinemachine/Editor/Obsolete/CinemachineVirtualCameraBaseEditor.cs' contains partial class of Unity.Object, exactly 1 of the partial classes needs to be in a file with the same filename. This is to know the one that can be referenced from ie. GameObjects
'Packages/com.unity.cinemachine/Editor/Editors/CinemachineVirtualCameraBaseEditor.cs' contains partial class of Unity.Object, exactly 1 of the partial classes needs to be in a file with the same filename. This is to know the one that can be referenced from ie. GameObjects
Refreshing native plugins compatible for Editor in 0.89 ms, found 3 plugins.
Native extension for WindowsStandalone target not found
Assembly reference Packages/com.unity.cinemachine/Editor/Samples/ExposeHDRPInternals/HDRP-Editor-ref.asmref has no target assembly definition
Package Manager log level set to [2]
[Package Manager] Failed to launch server process. Reason: Unity was launched with the -noUpm command-line argument
[Package Manager] Unable to send message (not connected to server process).
[Package Manager] Cannot connect to Unity Package Manager local server
Mono: successfully reloaded assembly
- Finished resetting the current domain, in  1.159 seconds
Domain Reload Profiling: 2531ms
	BeginReloadAssembly (234ms)
		ExecutionOrderSort (0ms)
		DisableScriptedObjects (6ms)
		BackupInstance (0ms)
		ReleaseScriptingObjects (0ms)
		CreateAndSetChildDomain (55ms)
	RebuildCommonClasses (50ms)
	RebuildNativeTypeToScriptingClass (15ms)
	initialDomainReloadingComplete (46ms)
	LoadAllAssembliesAndSetupDomain (1027ms)
		LoadAssemblies (658ms)
		RebuildTransferFunctionScriptingTraits (0ms)
		AnalyzeDomain (504ms)
			TypeCache.Refresh (377ms)
				TypeCache.ScanAssembly (301ms)
			BuildScriptInfoCaches (108ms)
			ResolveRequiredComponents (14ms)
	FinalizeReload (1159ms)
		ReleaseScriptCaches (0ms)
		RebuildScriptCaches (0ms)
		SetupLoadedEditorAssemblies (913ms)
			LogAssemblyErrors (0ms)
			InitializePlatformSupportModulesInManaged (3ms)
			SetLoadedEditorAssemblies (4ms)
			BeforeProcessingInitializeOnLoad (154ms)
			ProcessInitializeOnLoadAttributes (633ms)
			ProcessInitializeOnLoadMethodAttributes (111ms)
			AfterProcessingInitializeOnLoad (8ms)
			EditorAssembliesLoaded (0ms)
		ExecutionOrderSort2 (0ms)
		AwakeInstancesAfterBackupRestoration (7ms)
Launched and connected shader compiler UnityShaderCompiler.exe after 0.02 seconds
Refreshing native plugins compatible for Editor in 2.85 ms, found 3 plugins.
Preloading 0 native plugins for Editor in 0.00 ms.
Unloading 215 Unused Serialized files (Serialized files now loaded: 0)
Unloading 6968 unused Assets / (5.4 MB). Loaded Objects now: 7671.
Memory consumption went from 171.4 MB to 166.0 MB.
Total: 21.603300 ms (FindLiveObjects: 2.397800 ms CreateObjectMapping: 1.999100 ms MarkObjects: 10.643700 ms  DeleteObjects: 6.560800 ms)

========================================================================
Received Prepare
Refreshing native plugins compatible for Editor in 1.10 ms, found 3 plugins.
Preloading 0 native plugins for Editor in 0.00 ms.
Unloading 14 Unused Serialized files (Serialized files now loaded: 0)
Unloading 14 unused Assets / (1.9 MB). Loaded Objects now: 7671.
Memory consumption went from 131.6 MB to 129.8 MB.
Total: 12.532200 ms (FindLiveObjects: 1.304200 ms CreateObjectMapping: 0.872700 ms MarkObjects: 9.217300 ms  DeleteObjects: 1.136200 ms)

Prepare: number of updated asset objects reloaded= 0
========================================================================
Received Import Request.
  Time since last request: 254679.022147 seconds.
  path: Assets/Characters/Sword and Shield Pack/Animations/ slash (5).fbx
  artifactKey: Guid(d1e73fc3d16256541afe1715300c9fb2) Importer(815301076,1909f56bfc062723c751e8b465ee728b)
Start importing Assets/Characters/Sword and Shield Pack/Animations/ slash (5).fbx using Guid(d1e73fc3d16256541afe1715300c9fb2) Importer(815301076,1909f56bfc062723c751e8b465ee728b) (PreviewImporter) -> (artifact id: '161d0de30cf61f5a14ed38ef0af73820') in 0.0612317 seconds
Number of updated asset objects reloaded before import = 0Number of asset objects unloaded after import = 119

========================================================================
Received Import Request.
  Time since last request: 0.000026 seconds.
  path: Assets/Characters/Sword and Shield Pack/Animations/ power up.fbx
  artifactKey: Guid(72a21f901ec6ec74ba5a503f29210627) Importer(815301076,1909f56bfc062723c751e8b465ee728b)
Start importing Assets/Characters/Sword and Shield Pack/Animations/ power up.fbx using Guid(72a21f901ec6ec74ba5a503f29210627) Importer(815301076,1909f56bfc062723c751e8b465ee728b) (PreviewImporter) -> (artifact id: '0bac80cf9fa19f4f70661dc9f82b023c') in 0.0068224 seconds
Number of updated asset objects reloaded before import = 0Number of asset objects unloaded after import = 119

========================================================================
Received Import Request.
  Time since last request: 0.000027 seconds.
  path: Assets/Characters/Sword and Shield Pack/Animations/ strafe (2).fbx
  artifactKey: Guid(e8a9b9d4e5ae7f0428609b28f317ad67) Importer(815301076,1909f56bfc062723c751e8b465ee728b)
Start importing Assets/Characters/Sword and Shield Pack/Animations/ strafe (2).fbx using Guid(e8a9b9d4e5ae7f0428609b28f317ad67) Importer(815301076,1909f56bfc062723c751e8b465ee728b) (PreviewImporter) -> (artifact id: '73456df524e20da4edaaac143b13db99') in 0.0082291 seconds
Number of updated asset objects reloaded before import = 0Number of asset objects unloaded after import = 119

========================================================================
Received Import Request.
  Time since last request: 0.000025 seconds.
  path: Assets/Characters/Sword and Shield Pack/Animations/ turn (2).fbx
  artifactKey: Guid(44fb282c13a67b843a9b25f968f1edd2) Importer(815301076,1909f56bfc062723c751e8b465ee728b)
Start importing Assets/Characters/Sword and Shield Pack/Animations/ turn (2).fbx using Guid(44fb282c13a67b843a9b25f968f1edd2) Importer(815301076,1909f56bfc062723c751e8b465ee728b) (PreviewImporter) -> (artifact id: 'f72b0ab17039f565b91f13f9e2588057') in 0.0062206 seconds
Number of updated asset objects reloaded before import = 0Number of asset objects unloaded after import = 119

========================================================================
Received Import Request.
  Time since last request: 0.000027 seconds.
  path: Assets/Characters/Sword and Shield Pack/Animations/ impact (3).fbx
  artifactKey: Guid(14a83cf2b4a1dcc4e8d580b15638ca73) Importer(815301076,1909f56bfc062723c751e8b465ee728b)
Start importing Assets/Characters/Sword and Shield Pack/Animations/ impact (3).fbx using Guid(14a83cf2b4a1dcc4e8d580b15638ca73) Importer(815301076,1909f56bfc062723c751e8b465ee728b) (PreviewImporter) -> (artifact id: '28ee7dbd692f606cfb06e870fb3f8d48') in 0.0064592 seconds
Number of updated asset objects reloaded before import = 0Number of asset objects unloaded after import = 119

========================================================================
Received Import Request.
  Time since last request: 0.000026 seconds.
  path: Assets/Characters/Sword and Shield Pack/Animations/ idle (2).fbx
  artifactKey: Guid(f8f6c11827ecb3e48ac10415952e1692) Importer(815301076,1909f56bfc062723c751e8b465ee728b)
Start importing Assets/Characters/Sword and Shield Pack/Animations/ idle (2).fbx using Guid(f8f6c11827ecb3e48ac10415952e1692) Importer(815301076,1909f56bfc062723c751e8b465ee728b) (PreviewImporter) -> (artifact id: '2f69c0ee0aff69c9abedfc240ef683a1') in 0.0075705 seconds
Number of updated asset objects reloaded before import = 0Number of asset objects unloaded after import = 119

========================================================================
Received Import Request.
  Time since last request: 0.000020 seconds.
  path: Assets/Characters/Sword and Shield Pack/Animations/ walk (2).fbx
  artifactKey: Guid(384dfbd0a1777814b831daaaf84a352c) Importer(815301076,1909f56bfc062723c751e8b465ee728b)
Start importing Assets/Characters/Sword and Shield Pack/Animations/ walk (2).fbx using Guid(384dfbd0a1777814b831daaaf84a352c) Importer(815301076,1909f56bfc062723c751e8b465ee728b) (PreviewImporter) -> (artifact id: '6301e35fac49fe0609787890bfe57b9d') in 0.0065083 seconds
Number of updated asset objects reloaded before import = 0Number of asset objects unloaded after import = 119

========================================================================
Received Import Request.
  Time since last request: 0.000027 seconds.
  path: Assets/Characters/Sword and Shield Pack/Animations/ walk.fbx
  artifactKey: Guid(35b5407e190979f4a83d28e13ed9114d) Importer(815301076,1909f56bfc062723c751e8b465ee728b)
Start importing Assets/Characters/Sword and Shield Pack/Animations/ walk.fbx using Guid(35b5407e190979f4a83d28e13ed9114d) Importer(815301076,1909f56bfc062723c751e8b465ee728b) (PreviewImporter) -> (artifact id: '761023409556926ccf469da49b35c77b') in 0.0071259 seconds
Number of updated asset objects reloaded before import = 0Number of asset objects unloaded after import = 119

========================================================================
Received Import Request.
  Time since last request: 0.000039 seconds.
  path: Assets/Characters/Sword and Shield Pack/Animations/ turn.fbx
  artifactKey: Guid(5b4332bbc9d9d0a4ca2dea4c5b26580d) Importer(815301076,1909f56bfc062723c751e8b465ee728b)
Start importing Assets/Characters/Sword and Shield Pack/Animations/ turn.fbx using Guid(5b4332bbc9d9d0a4ca2dea4c5b26580d) Importer(815301076,1909f56bfc062723c751e8b465ee728b) (PreviewImporter) -> (artifact id: '8a91f7636229c43cadf7b0ee38b3cf4b') in 0.0068553 seconds
Number of updated asset objects reloaded before import = 0Number of asset objects unloaded after import = 119

========================================================================
Received Import Request.
  Time since last request: 14.771778 seconds.
  path: Assets/Characters/Sword and Shield Pack/Animations/ attack.fbx
  artifactKey: Guid(81914be5bdef8364e82e0b3f20cf25e9) Importer(815301076,1909f56bfc062723c751e8b465ee728b)
Start importing Assets/Characters/Sword and Shield Pack/Animations/ attack.fbx using Guid(81914be5bdef8364e82e0b3f20cf25e9) Importer(815301076,1909f56bfc062723c751e8b465ee728b) (PreviewImporter) -> (artifact id: 'b59f036a65b35614b66af69686521841') in 0.0072974 seconds
Number of updated asset objects reloaded before import = 0Number of asset objects unloaded after import = 119

========================================================================
Received Import Request.
  Time since last request: 0.000025 seconds.
  path: Assets/Characters/Sword and Shield Pack/Animations/ block (2).fbx
  artifactKey: Guid(a42a9da7a02352e4aaa70d0fff7af0c1) Importer(815301076,1909f56bfc062723c751e8b465ee728b)
Start importing Assets/Characters/Sword and Shield Pack/Animations/ block (2).fbx using Guid(a42a9da7a02352e4aaa70d0fff7af0c1) Importer(815301076,1909f56bfc062723c751e8b465ee728b) (PreviewImporter) -> (artifact id: '47ee664ba661a0da3ab9a5d48a28fba8') in 0.0059659 seconds
Number of updated asset objects reloaded before import = 0Number of asset objects unloaded after import = 119

========================================================================
Received Import Request.
  Time since last request: 0.000051 seconds.
  path: Assets/Characters/Sword and Shield Pack/Animations/ block.fbx
  artifactKey: Guid(a45ba9c1c4f937441906c34843fa1456) Importer(815301076,1909f56bfc062723c751e8b465ee728b)
Start importing Assets/Characters/Sword and Shield Pack/Animations/ block.fbx using Guid(a45ba9c1c4f937441906c34843fa1456) Importer(815301076,1909f56bfc062723c751e8b465ee728b) (PreviewImporter) -> (artifact id: 'b46794fb61f2ec4d92610f72bf29bb79') in 0.0067585 seconds
Number of updated asset objects reloaded before import = 0Number of asset objects unloaded after import = 119

========================================================================
Received Import Request.
  Time since last request: 0.000019 seconds.
  path: Assets/Characters/Sword and Shield Pack/Animations/ crouching (2).fbx
  artifactKey: Guid(5b4f24481efb5c54a8be383628e3b979) Importer(815301076,1909f56bfc062723c751e8b465ee728b)
Start importing Assets/Characters/Sword and Shield Pack/Animations/ crouching (2).fbx using Guid(5b4f24481efb5c54a8be383628e3b979) Importer(815301076,1909f56bfc062723c751e8b465ee728b) (PreviewImporter) -> (artifact id: '3df32896316f4eaf32989c7fd0d55520') in 0.0070718 seconds
Number of updated asset objects reloaded before import = 0Number of asset objects unloaded after import = 119

========================================================================
Received Import Request.
  Time since last request: 0.000019 seconds.
  path: Assets/Characters/Sword and Shield Pack/Animations/ crouch block (2).fbx
  artifactKey: Guid(27023c4635d2fba4f82b08c2e6025c5f) Importer(815301076,1909f56bfc062723c751e8b465ee728b)
Start importing Assets/Characters/Sword and Shield Pack/Animations/ crouch block (2).fbx using Guid(27023c4635d2fba4f82b08c2e6025c5f) Importer(815301076,1909f56bfc062723c751e8b465ee728b) (PreviewImporter) -> (artifact id: '688df2cef6ef9349cb594f11dcfbe9d5') in 0.0064641 seconds
Number of updated asset objects reloaded before import = 0Number of asset objects unloaded after import = 119

========================================================================
Received Import Request.
  Time since last request: 0.000021 seconds.
  path: Assets/Characters/Sword and Shield Pack/Animations/ crouch block idle.fbx
  artifactKey: Guid(f79cd1917d67e8148a980f3e36b3318c) Importer(815301076,1909f56bfc062723c751e8b465ee728b)
Start importing Assets/Characters/Sword and Shield Pack/Animations/ crouch block idle.fbx using Guid(f79cd1917d67e8148a980f3e36b3318c) Importer(815301076,1909f56bfc062723c751e8b465ee728b) (PreviewImporter) -> (artifact id: 'fc7608cce7d26c75791dd63930e18bdd') in 0.0059524 seconds
Number of updated asset objects reloaded before import = 0Number of asset objects unloaded after import = 119

========================================================================
Received Import Request.
  Time since last request: 0.000025 seconds.
  path: Assets/Characters/Sword and Shield Pack/Animations/ crouching (3).fbx
  artifactKey: Guid(ebe0834831f484c4cb8662bf760a1739) Importer(815301076,1909f56bfc062723c751e8b465ee728b)
Start importing Assets/Characters/Sword and Shield Pack/Animations/ crouching (3).fbx using Guid(ebe0834831f484c4cb8662bf760a1739) Importer(815301076,1909f56bfc062723c751e8b465ee728b) (PreviewImporter) -> (artifact id: '25b933eb5c90db5580dd78b7e6849238') in 0.0060332 seconds
Number of updated asset objects reloaded before import = 0Number of asset objects unloaded after import = 119

