Using pre-set license
Built from '6000.0/staging' branch; Version is '6000.0.42f1 (feb9a7235030) revision 16693671'; Using compiler version '193933523'; Build Type 'Release'
OS: 'Windows 10  (10.0.19045) 64bit ProfessionalWorkstation' Language: 'ru' Physical Memory: 15483 MB
BatchMode: 1, IsHumanControllingUs: 0, StartBugReporterOnCrash: 0, Is64bit: 1, IsPro: 1

COMMAND LINE ARGUMENTS:
C:\Program Files\Unity\Hub\Editor\6000.0.42f1-x86_64\Editor\Unity.exe
-adb2
-batchMode
-noUpm
-name
AssetImportWorker7
-projectPath
C:/Users/User794/Documents/My Games/A3DSlesher/URP3DSlesher
-logFile
Logs/AssetImportWorker7.log
-srvPort
49443
-job-worker-count
7
-background-job-worker-count
8
-gc-helper-count
1
Successfully changed project path to: C:/Users/User794/Documents/My Games/A3DSlesher/URP3DSlesher
C:/Users/User794/Documents/My Games/A3DSlesher/URP3DSlesher
[UnityMemory] Configuration Parameters - Can be set up in boot.config
    "memorysetup-bucket-allocator-granularity=16"
    "memorysetup-bucket-allocator-bucket-count=8"
    "memorysetup-bucket-allocator-block-size=33554432"
    "memorysetup-bucket-allocator-block-count=8"
    "memorysetup-main-allocator-block-size=16777216"
    "memorysetup-thread-allocator-block-size=16777216"
    "memorysetup-gfx-main-allocator-block-size=16777216"
    "memorysetup-gfx-thread-allocator-block-size=16777216"
    "memorysetup-cache-allocator-block-size=4194304"
    "memorysetup-typetree-allocator-block-size=2097152"
    "memorysetup-profiler-bucket-allocator-granularity=16"
    "memorysetup-profiler-bucket-allocator-bucket-count=8"
    "memorysetup-profiler-bucket-allocator-block-size=33554432"
    "memorysetup-profiler-bucket-allocator-block-count=8"
    "memorysetup-profiler-allocator-block-size=16777216"
    "memorysetup-profiler-editor-allocator-block-size=1048576"
    "memorysetup-temp-allocator-size-main=16777216"
    "memorysetup-job-temp-allocator-block-size=2097152"
    "memorysetup-job-temp-allocator-block-size-background=1048576"
    "memorysetup-job-temp-allocator-reduction-small-platforms=262144"
    "memorysetup-allocator-temp-initial-block-size-main=262144"
    "memorysetup-allocator-temp-initial-block-size-worker=262144"
    "memorysetup-temp-allocator-size-background-worker=32768"
    "memorysetup-temp-allocator-size-job-worker=262144"
    "memorysetup-temp-allocator-size-preload-manager=33554432"
    "memorysetup-temp-allocator-size-nav-mesh-worker=65536"
    "memorysetup-temp-allocator-size-audio-worker=65536"
    "memorysetup-temp-allocator-size-cloud-worker=32768"
    "memorysetup-temp-allocator-size-gi-baking-worker=262144"
    "memorysetup-temp-allocator-size-gi-baking-worker=262144"
    "memorysetup-temp-allocator-size-gi-baking-worker=262144"
    "memorysetup-temp-allocator-size-gi-baking-worker=262144"
    "memorysetup-temp-allocator-size-gi-baking-worker=262144"
    "memorysetup-temp-allocator-size-gfx=262144"
Player connection [22500]  Target information:

Player connection [22500]  * "[IP] 192.168.200.232 [Port] 0 [Flags] 2 [Guid] 1838053439 [EditorId] 1838053439 [Version] 1048832 [Id] WindowsEditor(7,DESKTOP-FPB70SL) [Debug] 1 [PackageName] WindowsEditor [ProjectName] Editor" 

Player connection [22500] Host joined multi-casting on [225.0.0.222:54997]...
Player connection [22500] Host joined alternative multi-casting on [225.0.0.222:34997]...
JobSystem: Creating JobQueue using job-worker-count value 7
Input System module state changed to: Initialized.
[Physics::Module] Initialized fallback backend.
[Physics::Module] Id: 0xdecafbad
Library Redirect Path: Library/
[Physics::Module] Selected backend.
[Physics::Module] Name: PhysX
[Physics::Module] Id: 0xf2b8ea05
[Physics::Module] SDK Version: 4.1.2
[Physics::Module] Integration Version: 1.0.0
[Physics::Module] Threading Mode: Multi-Threaded
Refreshing native plugins compatible for Editor in 1.92 ms, found 3 plugins.
Preloading 0 native plugins for Editor in 0.00 ms.
Initialize engine version: 6000.0.42f1 (feb9a7235030)
[Subsystems] Discovering subsystems at path C:/Program Files/Unity/Hub/Editor/6000.0.42f1-x86_64/Editor/Data/Resources/UnitySubsystems
[Subsystems] Discovering subsystems at path C:/Users/User794/Documents/My Games/A3DSlesher/URP3DSlesher/Assets
GfxDevice: creating device client; kGfxThreadingModeNonThreaded
Direct3D:
    Version:  Direct3D 11.0 [level 11.1]
    Renderer: AMD Radeon 780M Graphics (ID=0x15bf)
    Vendor:   ATI
    VRAM:     7741 MB
    Driver:   32.0.11029.1008
Initialize mono
Mono path[0] = 'C:/Program Files/Unity/Hub/Editor/6000.0.42f1-x86_64/Editor/Data/Managed'
Mono path[1] = 'C:/Program Files/Unity/Hub/Editor/6000.0.42f1-x86_64/Editor/Data/MonoBleedingEdge/lib/mono/unityjit-win32'
Mono config path = 'C:/Program Files/Unity/Hub/Editor/6000.0.42f1-x86_64/Editor/Data/MonoBleedingEdge/etc'
Using monoOptions --debugger-agent=transport=dt_socket,embedding=1,server=y,suspend=n,address=127.0.0.1:56684
Begin MonoManager ReloadAssembly
Registering precompiled unity dll's ...
Register platform support module: C:/Program Files/Unity/Hub/Editor/6000.0.42f1-x86_64/Editor/Data/PlaybackEngines/WindowsStandaloneSupport/UnityEditor.WindowsStandalone.Extensions.dll
Trying to register platform support module: C:/Program Files/Unity/Hub/Editor/6000.0.42f1-x86_64/Editor/Data/PlaybackEngines/AndroidPlayer/UnityEditor.Android.Extensions.dll (that doesn't exist). Retrying without overrides.
Platform support module is not available: C:/Program Files/Unity/Hub/Editor/6000.0.42f1-x86_64/Editor/Data/PlaybackEngines/AndroidPlayer/UnityEditor.Android.Extensions.dll
Registered in 0.003783 seconds.
- Loaded All Assemblies, in  0.535 seconds
Native extension for WindowsStandalone target not found
Mono: successfully reloaded assembly
- Finished resetting the current domain, in  0.450 seconds
Domain Reload Profiling: 984ms
	BeginReloadAssembly (184ms)
		ExecutionOrderSort (0ms)
		DisableScriptedObjects (0ms)
		BackupInstance (0ms)
		ReleaseScriptingObjects (0ms)
		CreateAndSetChildDomain (1ms)
	RebuildCommonClasses (48ms)
	RebuildNativeTypeToScriptingClass (15ms)
	initialDomainReloadingComplete (61ms)
	LoadAllAssembliesAndSetupDomain (225ms)
		LoadAssemblies (180ms)
		RebuildTransferFunctionScriptingTraits (0ms)
		AnalyzeDomain (222ms)
			TypeCache.Refresh (220ms)
				TypeCache.ScanAssembly (181ms)
			BuildScriptInfoCaches (0ms)
			ResolveRequiredComponents (1ms)
	FinalizeReload (450ms)
		ReleaseScriptCaches (0ms)
		RebuildScriptCaches (0ms)
		SetupLoadedEditorAssemblies (390ms)
			LogAssemblyErrors (0ms)
			InitializePlatformSupportModulesInManaged (29ms)
			SetLoadedEditorAssemblies (6ms)
			BeforeProcessingInitializeOnLoad (67ms)
			ProcessInitializeOnLoadAttributes (212ms)
			ProcessInitializeOnLoadMethodAttributes (77ms)
			AfterProcessingInitializeOnLoad (0ms)
			EditorAssembliesLoaded (0ms)
		ExecutionOrderSort2 (0ms)
		AwakeInstancesAfterBackupRestoration (0ms)
========================================================================
Worker process is ready to serve import requests
Import Worker Mode flag is 0x00
Begin MonoManager ReloadAssembly
Symbol file LoadedFromMemory is not a mono symbol file
- Loaded All Assemblies, in  1.384 seconds
Refreshing native plugins compatible for Editor in 1.24 ms, found 3 plugins.
Native extension for WindowsStandalone target not found
Mono: successfully reloaded assembly
- Finished resetting the current domain, in  1.122 seconds
Domain Reload Profiling: 2501ms
	BeginReloadAssembly (236ms)
		ExecutionOrderSort (0ms)
		DisableScriptedObjects (6ms)
		BackupInstance (0ms)
		ReleaseScriptingObjects (0ms)
		CreateAndSetChildDomain (52ms)
	RebuildCommonClasses (49ms)
	RebuildNativeTypeToScriptingClass (16ms)
	initialDomainReloadingComplete (53ms)
	LoadAllAssembliesAndSetupDomain (1025ms)
		LoadAssemblies (667ms)
		RebuildTransferFunctionScriptingTraits (0ms)
		AnalyzeDomain (496ms)
			TypeCache.Refresh (371ms)
				TypeCache.ScanAssembly (289ms)
			BuildScriptInfoCaches (106ms)
			ResolveRequiredComponents (15ms)
	FinalizeReload (1123ms)
		ReleaseScriptCaches (0ms)
		RebuildScriptCaches (0ms)
		SetupLoadedEditorAssemblies (910ms)
			LogAssemblyErrors (0ms)
			InitializePlatformSupportModulesInManaged (3ms)
			SetLoadedEditorAssemblies (10ms)
			BeforeProcessingInitializeOnLoad (182ms)
			ProcessInitializeOnLoadAttributes (583ms)
			ProcessInitializeOnLoadMethodAttributes (126ms)
			AfterProcessingInitializeOnLoad (7ms)
			EditorAssembliesLoaded (0ms)
		ExecutionOrderSort2 (0ms)
		AwakeInstancesAfterBackupRestoration (7ms)
Launched and connected shader compiler UnityShaderCompiler.exe after 0.02 seconds
Refreshing native plugins compatible for Editor in 1.70 ms, found 3 plugins.
Preloading 0 native plugins for Editor in 0.00 ms.
Unloading 243 Unused Serialized files (Serialized files now loaded: 0)
Unloading 7512 unused Assets / (5.6 MB). Loaded Objects now: 8245.
Memory consumption went from 177.3 MB to 171.7 MB.
Total: 25.201200 ms (FindLiveObjects: 3.167900 ms CreateObjectMapping: 2.272700 ms MarkObjects: 12.569900 ms  DeleteObjects: 7.189400 ms)

========================================================================
Received Import Request.
  Time since last request: 372012.224373 seconds.
  path: Assets/Characters/Armored_Sentinel_fbx/Shadow_Blade_fbx/Shadow_Blade_0810172315_texture_metallic.png
  artifactKey: Guid(e7c2cae6e91b2c9419751e14b3864c6a) Importer(815301076,1909f56bfc062723c751e8b465ee728b)
Start importing Assets/Characters/Armored_Sentinel_fbx/Shadow_Blade_fbx/Shadow_Blade_0810172315_texture_metallic.png using Guid(e7c2cae6e91b2c9419751e14b3864c6a) Importer(815301076,1909f56bfc062723c751e8b465ee728b) (PreviewImporter) -> (artifact id: '1423e7ddae5b727147f08129586e1726') in 0.2243215 seconds
Number of updated asset objects reloaded before import = 0Number of asset objects unloaded after import = 2

========================================================================
Received Import Request.
  Time since last request: 329.819429 seconds.
  path: Assets/Characters/Shadow_Blade_fbx/Shadow_Blade_0810172315_texture.fbx
  artifactKey: Guid(c862f8c756ce8904e9f6d9bbf75e619f) Importer(815301076,1909f56bfc062723c751e8b465ee728b)
Start importing Assets/Characters/Shadow_Blade_fbx/Shadow_Blade_0810172315_texture.fbx using Guid(c862f8c756ce8904e9f6d9bbf75e619f) Importer(815301076,1909f56bfc062723c751e8b465ee728b) (PreviewImporter) -> (artifact id: 'e0163ea34483aa604583375dbb35f49e') in 12.4864262 seconds
Number of updated asset objects reloaded before import = 2Number of asset objects unloaded after import = 9

========================================================================
Received Import Request.
  Time since last request: 188.880189 seconds.
  path: Assets/Characters/Pro Melee Axe Pack/standing idle looking ver. 2.fbx
  artifactKey: Guid(6b135e55bcadceb42aa6c3cbc26a86fe) Importer(815301076,1909f56bfc062723c751e8b465ee728b)
Start importing Assets/Characters/Pro Melee Axe Pack/standing idle looking ver. 2.fbx using Guid(6b135e55bcadceb42aa6c3cbc26a86fe) Importer(815301076,1909f56bfc062723c751e8b465ee728b) (PreviewImporter) -> (artifact id: 'a5a748fc47a70cc878148c258cfd36bc') in 0.090024 seconds
Number of updated asset objects reloaded before import = 0Number of asset objects unloaded after import = 85

========================================================================
Received Import Request.
  Time since last request: 0.000050 seconds.
  path: Assets/Characters/Pro Melee Axe Pack/standing walk back.fbx
  artifactKey: Guid(b5399b3db7fade44b98c1dd38f394847) Importer(815301076,1909f56bfc062723c751e8b465ee728b)
Start importing Assets/Characters/Pro Melee Axe Pack/standing walk back.fbx using Guid(b5399b3db7fade44b98c1dd38f394847) Importer(815301076,1909f56bfc062723c751e8b465ee728b) (PreviewImporter) -> (artifact id: '8c14238f9d4071b22ebddfe71934422a') in 0.0078269 seconds
Number of updated asset objects reloaded before import = 0Number of asset objects unloaded after import = 85

========================================================================
Received Import Request.
  Time since last request: 0.000048 seconds.
  path: Assets/Characters/Pro Melee Axe Pack/unarmed equip underarm.fbx
  artifactKey: Guid(9190e1902ed363c4a81c23d3c2dde20a) Importer(815301076,1909f56bfc062723c751e8b465ee728b)
Start importing Assets/Characters/Pro Melee Axe Pack/unarmed equip underarm.fbx using Guid(9190e1902ed363c4a81c23d3c2dde20a) Importer(815301076,1909f56bfc062723c751e8b465ee728b) (PreviewImporter) -> (artifact id: '28b324859f92447eb62333559c7c71fe') in 0.0067101 seconds
Number of updated asset objects reloaded before import = 0Number of asset objects unloaded after import = 85

========================================================================
Received Import Request.
  Time since last request: 0.000060 seconds.
  path: Assets/Characters/Pro Melee Axe Pack/standing melee attack 360 low.fbx
  artifactKey: Guid(a245fd52f04851048b57a5b0b9495da6) Importer(815301076,1909f56bfc062723c751e8b465ee728b)
Start importing Assets/Characters/Pro Melee Axe Pack/standing melee attack 360 low.fbx using Guid(a245fd52f04851048b57a5b0b9495da6) Importer(815301076,1909f56bfc062723c751e8b465ee728b) (PreviewImporter) -> (artifact id: '6c78205758804c5fcf2f47ded493d47b') in 0.0073992 seconds
Number of updated asset objects reloaded before import = 0Number of asset objects unloaded after import = 85

========================================================================
Received Import Request.
  Time since last request: 0.000039 seconds.
  path: Assets/Characters/Pro Melee Axe Pack/standing melee run jump attack.fbx
  artifactKey: Guid(3b5daaca52789ba49ae6a260d54d6a80) Importer(815301076,1909f56bfc062723c751e8b465ee728b)
Start importing Assets/Characters/Pro Melee Axe Pack/standing melee run jump attack.fbx using Guid(3b5daaca52789ba49ae6a260d54d6a80) Importer(815301076,1909f56bfc062723c751e8b465ee728b) (PreviewImporter) -> (artifact id: 'e80fedc6137289dfdeacbc2d3a3edf72') in 0.0091492 seconds
Number of updated asset objects reloaded before import = 0Number of asset objects unloaded after import = 85

========================================================================
Received Import Request.
  Time since last request: 0.000037 seconds.
  path: Assets/Characters/Pro Melee Axe Pack/unarmed turn right 90.fbx
  artifactKey: Guid(db2b4608309ce494eb5d20a885c7bf39) Importer(815301076,1909f56bfc062723c751e8b465ee728b)
Start importing Assets/Characters/Pro Melee Axe Pack/unarmed turn right 90.fbx using Guid(db2b4608309ce494eb5d20a885c7bf39) Importer(815301076,1909f56bfc062723c751e8b465ee728b) (PreviewImporter) -> (artifact id: '32620ce4b8715d55ced8d1a735065932') in 0.0072458 seconds
Number of updated asset objects reloaded before import = 0Number of asset objects unloaded after import = 85

========================================================================
Received Import Request.
  Time since last request: 0.000037 seconds.
  path: Assets/Characters/Pro Melee Axe Pack/standing run forward.fbx
  artifactKey: Guid(b5bf9084bfe526747bdac1e771691acd) Importer(815301076,1909f56bfc062723c751e8b465ee728b)
Start importing Assets/Characters/Pro Melee Axe Pack/standing run forward.fbx using Guid(b5bf9084bfe526747bdac1e771691acd) Importer(815301076,1909f56bfc062723c751e8b465ee728b) (PreviewImporter) -> (artifact id: '46ada1d111e7b47fab03b852f67966cb') in 0.0077337 seconds
Number of updated asset objects reloaded before import = 0Number of asset objects unloaded after import = 85

========================================================================
Received Import Request.
  Time since last request: 0.000045 seconds.
  path: Assets/Characters/Pro Melee Axe Pack/standing turn left 90.fbx
  artifactKey: Guid(1b2c49742057bad4d96959ce93a0de0f) Importer(815301076,1909f56bfc062723c751e8b465ee728b)
Start importing Assets/Characters/Pro Melee Axe Pack/standing turn left 90.fbx using Guid(1b2c49742057bad4d96959ce93a0de0f) Importer(815301076,1909f56bfc062723c751e8b465ee728b) (PreviewImporter) -> (artifact id: '2e3548ac81620a781c39e58c4baad899') in 0.0078995 seconds
Number of updated asset objects reloaded before import = 0Number of asset objects unloaded after import = 85

========================================================================
Received Import Request.
  Time since last request: 0.000047 seconds.
  path: Assets/Characters/Pro Melee Axe Pack/standing react large from right.fbx
  artifactKey: Guid(d1caa122d53973a43a8327aefef634ac) Importer(815301076,1909f56bfc062723c751e8b465ee728b)
Start importing Assets/Characters/Pro Melee Axe Pack/standing react large from right.fbx using Guid(d1caa122d53973a43a8327aefef634ac) Importer(815301076,1909f56bfc062723c751e8b465ee728b) (PreviewImporter) -> (artifact id: '590680e0851b6c499e4241e3758de8e6') in 0.0077265 seconds
Number of updated asset objects reloaded before import = 0Number of asset objects unloaded after import = 85

========================================================================
Received Import Request.
  Time since last request: 0.000052 seconds.
  path: Assets/Characters/Pro Melee Axe Pack/unarmed idle.fbx
  artifactKey: Guid(862da5c155b638345ba1954cc113075e) Importer(815301076,1909f56bfc062723c751e8b465ee728b)
Start importing Assets/Characters/Pro Melee Axe Pack/unarmed idle.fbx using Guid(862da5c155b638345ba1954cc113075e) Importer(815301076,1909f56bfc062723c751e8b465ee728b) (PreviewImporter) -> (artifact id: '87790fdd78e8d3a3194e71f7ab7cb808') in 0.0069271 seconds
Number of updated asset objects reloaded before import = 0Number of asset objects unloaded after import = 85

========================================================================
Received Import Request.
  Time since last request: 0.000052 seconds.
  path: Assets/Characters/Pro Melee Axe Pack/standing taunt battlecry.fbx
  artifactKey: Guid(8eb6ec4027b8f08489aea70b3d3542fc) Importer(815301076,1909f56bfc062723c751e8b465ee728b)
Start importing Assets/Characters/Pro Melee Axe Pack/standing taunt battlecry.fbx using Guid(8eb6ec4027b8f08489aea70b3d3542fc) Importer(815301076,1909f56bfc062723c751e8b465ee728b) (PreviewImporter) -> (artifact id: '35932ce67dda05f23bc9196750929559') in 0.0074203 seconds
Number of updated asset objects reloaded before import = 0Number of asset objects unloaded after import = 85

========================================================================
Received Import Request.
  Time since last request: 0.000032 seconds.
  path: Assets/Characters/Pro Melee Axe Pack/standing melee combo attack ver. 1.fbx
  artifactKey: Guid(328a8479bd5de9843b0b03268cff42a1) Importer(815301076,1909f56bfc062723c751e8b465ee728b)
Start importing Assets/Characters/Pro Melee Axe Pack/standing melee combo attack ver. 1.fbx using Guid(328a8479bd5de9843b0b03268cff42a1) Importer(815301076,1909f56bfc062723c751e8b465ee728b) (PreviewImporter) -> (artifact id: '65789fa57b0c37d66007376a90a6e0c6') in 0.0080706 seconds
Number of updated asset objects reloaded before import = 0Number of asset objects unloaded after import = 85

========================================================================
Received Import Request.
  Time since last request: 0.000040 seconds.
  path: Assets/Characters/Pro Melee Axe Pack/standing react large gut.fbx
  artifactKey: Guid(e829f8999fc271a40969ed4c6bcb08c6) Importer(815301076,1909f56bfc062723c751e8b465ee728b)
Start importing Assets/Characters/Pro Melee Axe Pack/standing react large gut.fbx using Guid(e829f8999fc271a40969ed4c6bcb08c6) Importer(815301076,1909f56bfc062723c751e8b465ee728b) (PreviewImporter) -> (artifact id: 'bab1b94ea0cc36150a9dfa7cacb15f84') in 0.0069997 seconds
Number of updated asset objects reloaded before import = 0Number of asset objects unloaded after import = 85

========================================================================
Received Import Request.
  Time since last request: 0.000131 seconds.
  path: Assets/Characters/Pro Melee Axe Pack/unarmed idle looking ver. 1.fbx
  artifactKey: Guid(b689f5f5ed3d89647bbbc8ac16db8026) Importer(815301076,1909f56bfc062723c751e8b465ee728b)
Start importing Assets/Characters/Pro Melee Axe Pack/unarmed idle looking ver. 1.fbx using Guid(b689f5f5ed3d89647bbbc8ac16db8026) Importer(815301076,1909f56bfc062723c751e8b465ee728b) (PreviewImporter) -> (artifact id: 'ddea627accc73d005fc63f435cb446b3') in 0.0070977 seconds
Number of updated asset objects reloaded before import = 0Number of asset objects unloaded after import = 85

========================================================================
Received Import Request.
  Time since last request: 0.000049 seconds.
  path: Assets/Characters/Pro Melee Axe Pack/standing taunt chest thump.fbx
  artifactKey: Guid(15988d7f9083c2f4c974e133951aaf9d) Importer(815301076,1909f56bfc062723c751e8b465ee728b)
Start importing Assets/Characters/Pro Melee Axe Pack/standing taunt chest thump.fbx using Guid(15988d7f9083c2f4c974e133951aaf9d) Importer(815301076,1909f56bfc062723c751e8b465ee728b) (PreviewImporter) -> (artifact id: '8ad44958ff5667d6b58406874c295f21') in 0.0083182 seconds
Number of updated asset objects reloaded before import = 0Number of asset objects unloaded after import = 85

========================================================================
Received Import Request.
  Time since last request: 0.000061 seconds.
  path: Assets/Characters/Pro Melee Axe Pack/standing run back.fbx
  artifactKey: Guid(476e85d800301af4caf9149cf73648d6) Importer(815301076,1909f56bfc062723c751e8b465ee728b)
Start importing Assets/Characters/Pro Melee Axe Pack/standing run back.fbx using Guid(476e85d800301af4caf9149cf73648d6) Importer(815301076,1909f56bfc062723c751e8b465ee728b) (PreviewImporter) -> (artifact id: '3f89f954613f57a5efcbd54e8119c54b') in 0.0068655 seconds
Number of updated asset objects reloaded before import = 0Number of asset objects unloaded after import = 85

========================================================================
Received Import Request.
  Time since last request: 0.000044 seconds.
  path: Assets/Characters/Pro Melee Axe Pack/standing melee attack horizontal.fbx
  artifactKey: Guid(449f19fe54d337b46982b5fe72d77c72) Importer(815301076,1909f56bfc062723c751e8b465ee728b)
Start importing Assets/Characters/Pro Melee Axe Pack/standing melee attack horizontal.fbx using Guid(449f19fe54d337b46982b5fe72d77c72) Importer(815301076,1909f56bfc062723c751e8b465ee728b) (PreviewImporter) -> (artifact id: 'e57eb8e2724fd2f990cc89a82f9818a1') in 0.0095847 seconds
Number of updated asset objects reloaded before import = 0Number of asset objects unloaded after import = 85

========================================================================
Received Import Request.
  Time since last request: 0.000043 seconds.
  path: Assets/Characters/Pro Melee Axe Pack/standing melee combo attack ver. 2.fbx
  artifactKey: Guid(c4dc1c409ea92b648a337504016c3812) Importer(815301076,1909f56bfc062723c751e8b465ee728b)
Start importing Assets/Characters/Pro Melee Axe Pack/standing melee combo attack ver. 2.fbx using Guid(c4dc1c409ea92b648a337504016c3812) Importer(815301076,1909f56bfc062723c751e8b465ee728b) (PreviewImporter) -> (artifact id: 'a9e52e89b6fd31fca5106679b1cb934b') in 0.0093926 seconds
Number of updated asset objects reloaded before import = 0Number of asset objects unloaded after import = 85

========================================================================
Received Import Request.
  Time since last request: 0.000131 seconds.
  path: Assets/Characters/Pro Melee Axe Pack/unarmed equip over shoulder.fbx
  artifactKey: Guid(eecf43e2ec8cb4842ad4c4b7c55c6db4) Importer(815301076,1909f56bfc062723c751e8b465ee728b)
Start importing Assets/Characters/Pro Melee Axe Pack/unarmed equip over shoulder.fbx using Guid(eecf43e2ec8cb4842ad4c4b7c55c6db4) Importer(815301076,1909f56bfc062723c751e8b465ee728b) (PreviewImporter) -> (artifact id: 'c453d6e00e5cc0f17759544c97bbdfa9') in 0.0076056 seconds
Number of updated asset objects reloaded before import = 0Number of asset objects unloaded after import = 85

========================================================================
Received Import Request.
  Time since last request: 0.000038 seconds.
  path: Assets/Characters/Pro Melee Axe Pack/standing melee attack 360 high.fbx
  artifactKey: Guid(5bce701e95989f342bde7d8c73e89d89) Importer(815301076,1909f56bfc062723c751e8b465ee728b)
Start importing Assets/Characters/Pro Melee Axe Pack/standing melee attack 360 high.fbx using Guid(5bce701e95989f342bde7d8c73e89d89) Importer(815301076,1909f56bfc062723c751e8b465ee728b) (PreviewImporter) -> (artifact id: 'aed4cedca8e2fa582395415cb0cd7bed') in 0.008361 seconds
Number of updated asset objects reloaded before import = 0Number of asset objects unloaded after import = 85

========================================================================
Received Import Request.
  Time since last request: 0.238544 seconds.
  path: Assets/Characters/Pro Melee Axe Pack/standing block react large.fbx
  artifactKey: Guid(4ff406e2676485448908945c9559d77d) Importer(815301076,1909f56bfc062723c751e8b465ee728b)
Start importing Assets/Characters/Pro Melee Axe Pack/standing block react large.fbx using Guid(4ff406e2676485448908945c9559d77d) Importer(815301076,1909f56bfc062723c751e8b465ee728b) (PreviewImporter) -> (artifact id: 'c7a5d118a96e16ee8b4669bf6a1af5c8') in 0.0073396 seconds
Number of updated asset objects reloaded before import = 0Number of asset objects unloaded after import = 85

========================================================================
Received Import Request.
  Time since last request: 0.000039 seconds.
  path: Assets/Characters/Pro Melee Axe Pack/standing disarm underarm.fbx
  artifactKey: Guid(6497cb63e67ea74489b8d840c5ebbf14) Importer(815301076,1909f56bfc062723c751e8b465ee728b)
Start importing Assets/Characters/Pro Melee Axe Pack/standing disarm underarm.fbx using Guid(6497cb63e67ea74489b8d840c5ebbf14) Importer(815301076,1909f56bfc062723c751e8b465ee728b) (PreviewImporter) -> (artifact id: '5d44ced320e41acc8dafcf81844dbfef') in 0.0080092 seconds
Number of updated asset objects reloaded before import = 0Number of asset objects unloaded after import = 85

========================================================================
Received Import Request.
  Time since last request: 0.000039 seconds.
  path: Assets/Characters/Pro Melee Axe Pack/standing disarm over shoulder.fbx
  artifactKey: Guid(2263936c4ed51114d8895a9a05504c1e) Importer(815301076,1909f56bfc062723c751e8b465ee728b)
Start importing Assets/Characters/Pro Melee Axe Pack/standing disarm over shoulder.fbx using Guid(2263936c4ed51114d8895a9a05504c1e) Importer(815301076,1909f56bfc062723c751e8b465ee728b) (PreviewImporter) -> (artifact id: 'cfa1a49fb87d96d633286a5f5b956aac') in 0.0070223 seconds
Number of updated asset objects reloaded before import = 0Number of asset objects unloaded after import = 85

========================================================================
Received Import Request.
  Time since last request: 35.426991 seconds.
  path: Assets/Characters/Pro Melee Axe Pack/standing melee attack 360 high.fbx
  artifactKey: Guid(5bce701e95989f342bde7d8c73e89d89) Importer(815301076,1909f56bfc062723c751e8b465ee728b)
Start importing Assets/Characters/Pro Melee Axe Pack/standing melee attack 360 high.fbx using Guid(5bce701e95989f342bde7d8c73e89d89) Importer(815301076,1909f56bfc062723c751e8b465ee728b) (PreviewImporter) -> (artifact id: 'c7b69ec86d876d50d507bec332ec52a2') in 0.0130272 seconds
Number of updated asset objects reloaded before import = 0Number of asset objects unloaded after import = 85

========================================================================
Received Import Request.
  Time since last request: 0.000047 seconds.
  path: Assets/Characters/Pro Melee Axe Pack/standing melee attack downward.fbx
  artifactKey: Guid(341e6667d9cddb54e9948cce8bb41423) Importer(815301076,1909f56bfc062723c751e8b465ee728b)
Start importing Assets/Characters/Pro Melee Axe Pack/standing melee attack downward.fbx using Guid(341e6667d9cddb54e9948cce8bb41423) Importer(815301076,1909f56bfc062723c751e8b465ee728b) (PreviewImporter) -> (artifact id: 'e8c485b2ffedf27f627c9dbcc2b2fe6d') in 0.0111513 seconds
Number of updated asset objects reloaded before import = 0Number of asset objects unloaded after import = 85

========================================================================
Received Import Request.
  Time since last request: 0.000036 seconds.
  path: Assets/Characters/Pro Melee Axe Pack/standing walk back.fbx
  artifactKey: Guid(b5399b3db7fade44b98c1dd38f394847) Importer(815301076,1909f56bfc062723c751e8b465ee728b)
Start importing Assets/Characters/Pro Melee Axe Pack/standing walk back.fbx using Guid(b5399b3db7fade44b98c1dd38f394847) Importer(815301076,1909f56bfc062723c751e8b465ee728b) (PreviewImporter) -> (artifact id: '9c9c354fdbb4d77ea9327ba9d056784d') in 0.0076014 seconds
Number of updated asset objects reloaded before import = 0Number of asset objects unloaded after import = 85

========================================================================
Received Import Request.
  Time since last request: 0.000038 seconds.
  path: Assets/Characters/Pro Melee Axe Pack/standing melee attack 360 low.fbx
  artifactKey: Guid(a245fd52f04851048b57a5b0b9495da6) Importer(815301076,1909f56bfc062723c751e8b465ee728b)
Start importing Assets/Characters/Pro Melee Axe Pack/standing melee attack 360 low.fbx using Guid(a245fd52f04851048b57a5b0b9495da6) Importer(815301076,1909f56bfc062723c751e8b465ee728b) (PreviewImporter) -> (artifact id: '972775a75aeb743a582af3349a700d50') in 0.0080151 seconds
Number of updated asset objects reloaded before import = 0Number of asset objects unloaded after import = 85

========================================================================
Received Import Request.
  Time since last request: 0.000041 seconds.
  path: Assets/Characters/Pro Melee Axe Pack/standing react large from left.fbx
  artifactKey: Guid(60bd00f3e2d283c498130e904ca19ac3) Importer(815301076,1909f56bfc062723c751e8b465ee728b)
Start importing Assets/Characters/Pro Melee Axe Pack/standing react large from left.fbx using Guid(60bd00f3e2d283c498130e904ca19ac3) Importer(815301076,1909f56bfc062723c751e8b465ee728b) (PreviewImporter) -> (artifact id: '6feec1b1066f13d356806522c530e5c3') in 0.0091344 seconds
Number of updated asset objects reloaded before import = 0Number of asset objects unloaded after import = 85

========================================================================
Received Import Request.
  Time since last request: 0.000055 seconds.
  path: Assets/Characters/Pro Melee Axe Pack/standing melee combo attack ver. 3.fbx
  artifactKey: Guid(814bb712f8379b847914563ac700e117) Importer(815301076,1909f56bfc062723c751e8b465ee728b)
Start importing Assets/Characters/Pro Melee Axe Pack/standing melee combo attack ver. 3.fbx using Guid(814bb712f8379b847914563ac700e117) Importer(815301076,1909f56bfc062723c751e8b465ee728b) (PreviewImporter) -> (artifact id: '67c5aff1deeab534d16976efd343a698') in 0.0079943 seconds
Number of updated asset objects reloaded before import = 0Number of asset objects unloaded after import = 85

========================================================================
Received Import Request.
  Time since last request: 0.000039 seconds.
  path: Assets/Characters/Pro Melee Axe Pack/unarmed walk back.fbx
  artifactKey: Guid(15fc5a33973b0964bb5fb90b82b88b9c) Importer(815301076,1909f56bfc062723c751e8b465ee728b)
Start importing Assets/Characters/Pro Melee Axe Pack/unarmed walk back.fbx using Guid(15fc5a33973b0964bb5fb90b82b88b9c) Importer(815301076,1909f56bfc062723c751e8b465ee728b) (PreviewImporter) -> (artifact id: '92677b117ca84a6c7ba7dac5f077be21') in 0.0088757 seconds
Number of updated asset objects reloaded before import = 0Number of asset objects unloaded after import = 85

========================================================================
Received Import Request.
  Time since last request: 0.000038 seconds.
  path: Assets/Characters/Pro Melee Axe Pack/unarmed jump.fbx
  artifactKey: Guid(b51aa1ba92fc2da4da69296648d5d078) Importer(815301076,1909f56bfc062723c751e8b465ee728b)
Start importing Assets/Characters/Pro Melee Axe Pack/unarmed jump.fbx using Guid(b51aa1ba92fc2da4da69296648d5d078) Importer(815301076,1909f56bfc062723c751e8b465ee728b) (PreviewImporter) -> (artifact id: '947ebf5bcda98b751b733b24247687cd') in 0.0072477 seconds
Number of updated asset objects reloaded before import = 0Number of asset objects unloaded after import = 85

========================================================================
Received Import Request.
  Time since last request: 0.000037 seconds.
  path: Assets/Characters/Pro Melee Axe Pack/standing run back.fbx
  artifactKey: Guid(476e85d800301af4caf9149cf73648d6) Importer(815301076,1909f56bfc062723c751e8b465ee728b)
Start importing Assets/Characters/Pro Melee Axe Pack/standing run back.fbx using Guid(476e85d800301af4caf9149cf73648d6) Importer(815301076,1909f56bfc062723c751e8b465ee728b) (PreviewImporter) -> (artifact id: 'c71944d95a1894a572c6771a3613b3ad') in 0.0060521 seconds
Number of updated asset objects reloaded before import = 0Number of asset objects unloaded after import = 85

========================================================================
Received Import Request.
  Time since last request: 0.000038 seconds.
  path: Assets/Characters/Pro Melee Axe Pack/standing melee combo attack ver. 2.fbx
  artifactKey: Guid(c4dc1c409ea92b648a337504016c3812) Importer(815301076,1909f56bfc062723c751e8b465ee728b)
Start importing Assets/Characters/Pro Melee Axe Pack/standing melee combo attack ver. 2.fbx using Guid(c4dc1c409ea92b648a337504016c3812) Importer(815301076,1909f56bfc062723c751e8b465ee728b) (PreviewImporter) -> (artifact id: '19ca5d7a04d9a49bf47f220c7e24ae9d') in 0.0067569 seconds
Number of updated asset objects reloaded before import = 0Number of asset objects unloaded after import = 85

========================================================================
Received Import Request.
  Time since last request: 10.066214 seconds.
  path: Assets/Characters/Pro Melee Axe Pack/standing melee attack 360 high.fbx
  artifactKey: Guid(5bce701e95989f342bde7d8c73e89d89) Importer(815301076,1909f56bfc062723c751e8b465ee728b)
Start importing Assets/Characters/Pro Melee Axe Pack/standing melee attack 360 high.fbx using Guid(5bce701e95989f342bde7d8c73e89d89) Importer(815301076,1909f56bfc062723c751e8b465ee728b) (PreviewImporter) -> (artifact id: 'b3bac61c3075fb0a744fb70a0b04f2c4') in 0.0075204 seconds
Number of updated asset objects reloaded before import = 0Number of asset objects unloaded after import = 84

========================================================================
Received Import Request.
  Time since last request: 0.000039 seconds.
  path: Assets/Characters/Pro Melee Axe Pack/unarmed walk forward.fbx
  artifactKey: Guid(dd38faca8a5ba114ba0bd8a0dbdc42e6) Importer(815301076,1909f56bfc062723c751e8b465ee728b)
Start importing Assets/Characters/Pro Melee Axe Pack/unarmed walk forward.fbx using Guid(dd38faca8a5ba114ba0bd8a0dbdc42e6) Importer(815301076,1909f56bfc062723c751e8b465ee728b) (PreviewImporter) -> (artifact id: '453ac5ccc417ea8e9fe25b72c0f70f86') in 0.0076076 seconds
Number of updated asset objects reloaded before import = 0Number of asset objects unloaded after import = 84

========================================================================
Received Import Request.
  Time since last request: 0.000038 seconds.
  path: Assets/Characters/Pro Melee Axe Pack/standing melee attack 360 low.fbx
  artifactKey: Guid(a245fd52f04851048b57a5b0b9495da6) Importer(815301076,1909f56bfc062723c751e8b465ee728b)
Start importing Assets/Characters/Pro Melee Axe Pack/standing melee attack 360 low.fbx using Guid(a245fd52f04851048b57a5b0b9495da6) Importer(815301076,1909f56bfc062723c751e8b465ee728b) (PreviewImporter) -> (artifact id: '70b5662cde77cc0765fea80413b783b5') in 0.0066123 seconds
Number of updated asset objects reloaded before import = 0Number of asset objects unloaded after import = 84

========================================================================
Received Import Request.
  Time since last request: 0.000040 seconds.
  path: Assets/Characters/Pro Melee Axe Pack/unarmed turn right 90.fbx
  artifactKey: Guid(db2b4608309ce494eb5d20a885c7bf39) Importer(815301076,1909f56bfc062723c751e8b465ee728b)
Start importing Assets/Characters/Pro Melee Axe Pack/unarmed turn right 90.fbx using Guid(db2b4608309ce494eb5d20a885c7bf39) Importer(815301076,1909f56bfc062723c751e8b465ee728b) (PreviewImporter) -> (artifact id: 'c5407b9510f99c94866919bfb2d2eefa') in 0.006622 seconds
Number of updated asset objects reloaded before import = 0Number of asset objects unloaded after import = 84

========================================================================
Received Import Request.
  Time since last request: 0.000052 seconds.
  path: Assets/Characters/Pro Melee Axe Pack/standing melee combo attack ver. 3.fbx
  artifactKey: Guid(814bb712f8379b847914563ac700e117) Importer(815301076,1909f56bfc062723c751e8b465ee728b)
Start importing Assets/Characters/Pro Melee Axe Pack/standing melee combo attack ver. 3.fbx using Guid(814bb712f8379b847914563ac700e117) Importer(815301076,1909f56bfc062723c751e8b465ee728b) (PreviewImporter) -> (artifact id: '62b130c2b76054a1bfb0cfc0221df0f6') in 0.0062285 seconds
Number of updated asset objects reloaded before import = 0Number of asset objects unloaded after import = 84

========================================================================
Received Import Request.
  Time since last request: 0.000102 seconds.
  path: Assets/Characters/Pro Melee Axe Pack/standing react large from right.fbx
  artifactKey: Guid(d1caa122d53973a43a8327aefef634ac) Importer(815301076,1909f56bfc062723c751e8b465ee728b)
Start importing Assets/Characters/Pro Melee Axe Pack/standing react large from right.fbx using Guid(d1caa122d53973a43a8327aefef634ac) Importer(815301076,1909f56bfc062723c751e8b465ee728b) (PreviewImporter) -> (artifact id: 'eadee1bedf0f32d3dfc2eac104b3cf69') in 0.0068201 seconds
Number of updated asset objects reloaded before import = 0Number of asset objects unloaded after import = 84

========================================================================
Received Import Request.
  Time since last request: 0.000035 seconds.
  path: Assets/Characters/Pro Melee Axe Pack/standing walk right.fbx
  artifactKey: Guid(23cefbd08460dc645ba856eab35f3620) Importer(815301076,1909f56bfc062723c751e8b465ee728b)
Start importing Assets/Characters/Pro Melee Axe Pack/standing walk right.fbx using Guid(23cefbd08460dc645ba856eab35f3620) Importer(815301076,1909f56bfc062723c751e8b465ee728b) (PreviewImporter) -> (artifact id: 'a1dce67d7e7c16deec5447e5624f6b61') in 0.0062903 seconds
Number of updated asset objects reloaded before import = 0Number of asset objects unloaded after import = 84

========================================================================
Received Import Request.
  Time since last request: 0.000069 seconds.
  path: Assets/Characters/Pro Melee Axe Pack/unarmed run back.fbx
  artifactKey: Guid(a10e610255f0b2d4e9379587547c85da) Importer(815301076,1909f56bfc062723c751e8b465ee728b)
Start importing Assets/Characters/Pro Melee Axe Pack/unarmed run back.fbx using Guid(a10e610255f0b2d4e9379587547c85da) Importer(815301076,1909f56bfc062723c751e8b465ee728b) (PreviewImporter) -> (artifact id: 'e1f5b4ab6156f21889810daf27cb5c20') in 0.0065069 seconds
Number of updated asset objects reloaded before import = 0Number of asset objects unloaded after import = 84

========================================================================
Received Import Request.
  Time since last request: 0.000042 seconds.
  path: Assets/Characters/Pro Melee Axe Pack/standing melee attack backhand.fbx
  artifactKey: Guid(d9c4fac99d637164cae02b5695da8aaf) Importer(815301076,1909f56bfc062723c751e8b465ee728b)
Start importing Assets/Characters/Pro Melee Axe Pack/standing melee attack backhand.fbx using Guid(d9c4fac99d637164cae02b5695da8aaf) Importer(815301076,1909f56bfc062723c751e8b465ee728b) (PreviewImporter) -> (artifact id: '7c133d206967a3d085a4aba99969dc24') in 0.0058593 seconds
Number of updated asset objects reloaded before import = 0Number of asset objects unloaded after import = 84

========================================================================
Received Import Request.
  Time since last request: 0.000093 seconds.
  path: Assets/Characters/Pro Melee Axe Pack/standing walk forward.fbx
  artifactKey: Guid(d31f1ad36cf53374bbe69e62a46cb81c) Importer(815301076,1909f56bfc062723c751e8b465ee728b)
Start importing Assets/Characters/Pro Melee Axe Pack/standing walk forward.fbx using Guid(d31f1ad36cf53374bbe69e62a46cb81c) Importer(815301076,1909f56bfc062723c751e8b465ee728b) (PreviewImporter) -> (artifact id: '71788c5fe95e62c9008e92b5e9669bd7') in 0.0070599 seconds
Number of updated asset objects reloaded before import = 0Number of asset objects unloaded after import = 84

========================================================================
Received Import Request.
  Time since last request: 11.993409 seconds.
  path: Assets/Characters/Pro Melee Axe Pack/standing disarm underarm.fbx
  artifactKey: Guid(6497cb63e67ea74489b8d840c5ebbf14) Importer(815301076,1909f56bfc062723c751e8b465ee728b)
Start importing Assets/Characters/Pro Melee Axe Pack/standing disarm underarm.fbx using Guid(6497cb63e67ea74489b8d840c5ebbf14) Importer(815301076,1909f56bfc062723c751e8b465ee728b) (PreviewImporter) -> (artifact id: 'c51b71b279cf8c8ae2feb13fcbd15a77') in 0.0099423 seconds
Number of updated asset objects reloaded before import = 0Number of asset objects unloaded after import = 84

========================================================================
Received Import Request.
  Time since last request: 10.726191 seconds.
  path: Assets/Characters/Pro Melee Axe Pack/standing melee attack 360 high.fbx
  artifactKey: Guid(5bce701e95989f342bde7d8c73e89d89) Importer(815301076,1909f56bfc062723c751e8b465ee728b)
Start importing Assets/Characters/Pro Melee Axe Pack/standing melee attack 360 high.fbx using Guid(5bce701e95989f342bde7d8c73e89d89) Importer(815301076,1909f56bfc062723c751e8b465ee728b) (PreviewImporter) -> (artifact id: '710fcb74008351496a40402f5b95e2bd') in 0.0114733 seconds
Number of updated asset objects reloaded before import = 0Number of asset objects unloaded after import = 87

========================================================================
Received Import Request.
  Time since last request: 0.000049 seconds.
  path: Assets/Characters/Pro Melee Axe Pack/unarmed equip underarm.fbx
  artifactKey: Guid(9190e1902ed363c4a81c23d3c2dde20a) Importer(815301076,1909f56bfc062723c751e8b465ee728b)
Start importing Assets/Characters/Pro Melee Axe Pack/unarmed equip underarm.fbx using Guid(9190e1902ed363c4a81c23d3c2dde20a) Importer(815301076,1909f56bfc062723c751e8b465ee728b) (PreviewImporter) -> (artifact id: 'cb88aa53feb0467c0254ff45e90b0820') in 0.0077212 seconds
Number of updated asset objects reloaded before import = 0Number of asset objects unloaded after import = 87

========================================================================
Received Import Request.
  Time since last request: 0.000051 seconds.
  path: Assets/Characters/Pro Melee Axe Pack/standing melee run jump attack.fbx
  artifactKey: Guid(3b5daaca52789ba49ae6a260d54d6a80) Importer(815301076,1909f56bfc062723c751e8b465ee728b)
Start importing Assets/Characters/Pro Melee Axe Pack/standing melee run jump attack.fbx using Guid(3b5daaca52789ba49ae6a260d54d6a80) Importer(815301076,1909f56bfc062723c751e8b465ee728b) (PreviewImporter) -> (artifact id: '9e292b19679ac2fd3aa2917db0159796') in 0.0079655 seconds
Number of updated asset objects reloaded before import = 0Number of asset objects unloaded after import = 87

========================================================================
Received Import Request.
  Time since last request: 0.000043 seconds.
  path: Assets/Characters/Pro Melee Axe Pack/standing run forward.fbx
  artifactKey: Guid(b5bf9084bfe526747bdac1e771691acd) Importer(815301076,1909f56bfc062723c751e8b465ee728b)
Start importing Assets/Characters/Pro Melee Axe Pack/standing run forward.fbx using Guid(b5bf9084bfe526747bdac1e771691acd) Importer(815301076,1909f56bfc062723c751e8b465ee728b) (PreviewImporter) -> (artifact id: '70f404c17deb9a6d2d8ff17a77f1b1df') in 0.0065241 seconds
Number of updated asset objects reloaded before import = 0Number of asset objects unloaded after import = 87

========================================================================
Received Import Request.
  Time since last request: 0.000037 seconds.
  path: Assets/Characters/Pro Melee Axe Pack/standing melee combo attack ver. 3.fbx
  artifactKey: Guid(814bb712f8379b847914563ac700e117) Importer(815301076,1909f56bfc062723c751e8b465ee728b)
Start importing Assets/Characters/Pro Melee Axe Pack/standing melee combo attack ver. 3.fbx using Guid(814bb712f8379b847914563ac700e117) Importer(815301076,1909f56bfc062723c751e8b465ee728b) (PreviewImporter) -> (artifact id: '4ec44992ee3e1e0923b4cf423b2e7892') in 0.0073294 seconds
Number of updated asset objects reloaded before import = 0Number of asset objects unloaded after import = 87

========================================================================
Received Import Request.
  Time since last request: 0.000041 seconds.
  path: Assets/Characters/Pro Melee Axe Pack/standing taunt battlecry.fbx
  artifactKey: Guid(8eb6ec4027b8f08489aea70b3d3542fc) Importer(815301076,1909f56bfc062723c751e8b465ee728b)
Start importing Assets/Characters/Pro Melee Axe Pack/standing taunt battlecry.fbx using Guid(8eb6ec4027b8f08489aea70b3d3542fc) Importer(815301076,1909f56bfc062723c751e8b465ee728b) (PreviewImporter) -> (artifact id: 'd1ac321f8630b28e2cb15d0997370a9b') in 0.0070422 seconds
Number of updated asset objects reloaded before import = 0Number of asset objects unloaded after import = 87

========================================================================
Received Import Request.
  Time since last request: 0.000036 seconds.
  path: Assets/Characters/Pro Melee Axe Pack/standing react large gut.fbx
  artifactKey: Guid(e829f8999fc271a40969ed4c6bcb08c6) Importer(815301076,1909f56bfc062723c751e8b465ee728b)
Start importing Assets/Characters/Pro Melee Axe Pack/standing react large gut.fbx using Guid(e829f8999fc271a40969ed4c6bcb08c6) Importer(815301076,1909f56bfc062723c751e8b465ee728b) (PreviewImporter) -> (artifact id: '6ba75db8b9f92cf855ab5997a2fd4ef7') in 0.0078243 seconds
Number of updated asset objects reloaded before import = 0Number of asset objects unloaded after import = 87

========================================================================
Received Import Request.
  Time since last request: 0.000043 seconds.
  path: Assets/Characters/Pro Melee Axe Pack/standing taunt chest thump.fbx
  artifactKey: Guid(15988d7f9083c2f4c974e133951aaf9d) Importer(815301076,1909f56bfc062723c751e8b465ee728b)
Start importing Assets/Characters/Pro Melee Axe Pack/standing taunt chest thump.fbx using Guid(15988d7f9083c2f4c974e133951aaf9d) Importer(815301076,1909f56bfc062723c751e8b465ee728b) (PreviewImporter) -> (artifact id: 'e9bf6ac6c4d326559090aa0871588102') in 0.007897 seconds
Number of updated asset objects reloaded before import = 0Number of asset objects unloaded after import = 87

========================================================================
Received Import Request.
  Time since last request: 0.000048 seconds.
  path: Assets/Characters/Pro Melee Axe Pack/standing melee combo attack ver. 2.fbx
  artifactKey: Guid(c4dc1c409ea92b648a337504016c3812) Importer(815301076,1909f56bfc062723c751e8b465ee728b)
Start importing Assets/Characters/Pro Melee Axe Pack/standing melee combo attack ver. 2.fbx using Guid(c4dc1c409ea92b648a337504016c3812) Importer(815301076,1909f56bfc062723c751e8b465ee728b) (PreviewImporter) -> (artifact id: 'b7cfa3beb5cf6263c85dab7b8a1b60e3') in 0.0075108 seconds
Number of updated asset objects reloaded before import = 0Number of asset objects unloaded after import = 87

========================================================================
Received Import Request.
  Time since last request: 5.028672 seconds.
  path: Assets/Characters/Pro Melee Axe Pack/standing disarm underarm.fbx
  artifactKey: Guid(6497cb63e67ea74489b8d840c5ebbf14) Importer(815301076,1909f56bfc062723c751e8b465ee728b)
Start importing Assets/Characters/Pro Melee Axe Pack/standing disarm underarm.fbx using Guid(6497cb63e67ea74489b8d840c5ebbf14) Importer(815301076,1909f56bfc062723c751e8b465ee728b) (PreviewImporter) -> (artifact id: 'cbd2d90eaafa1129a0f5ccd47691277c') in 0.0076224 seconds
Number of updated asset objects reloaded before import = 0Number of asset objects unloaded after import = 87

