Using pre-set license
Built from '6000.0/staging' branch; Version is '6000.0.42f1 (feb9a7235030) revision 16693671'; Using compiler version '193933523'; Build Type 'Release'
OS: 'Windows 10  (10.0.19045) 64bit ProfessionalWorkstation' Language: 'ru' Physical Memory: 15483 MB
BatchMode: 1, IsHumanControllingUs: 0, StartBugReporterOnCrash: 0, Is64bit: 1, IsPro: 1

COMMAND LINE ARGUMENTS:
C:\Program Files\Unity\Hub\Editor\6000.0.42f1-x86_64\Editor\Unity.exe
-adb2
-batchMode
-noUpm
-name
AssetImportWorker4
-projectPath
C:/Users/User794/Documents/My Games/A3DSlesher/URP3DSlesher
-logFile
Logs/AssetImportWorker4.log
-srvPort
49443
-job-worker-count
7
-background-job-worker-count
8
-gc-helper-count
1
Successfully changed project path to: C:/Users/User794/Documents/My Games/A3DSlesher/URP3DSlesher
C:/Users/User794/Documents/My Games/A3DSlesher/URP3DSlesher
[UnityMemory] Configuration Parameters - Can be set up in boot.config
    "memorysetup-bucket-allocator-granularity=16"
    "memorysetup-bucket-allocator-bucket-count=8"
    "memorysetup-bucket-allocator-block-size=33554432"
    "memorysetup-bucket-allocator-block-count=8"
    "memorysetup-main-allocator-block-size=16777216"
    "memorysetup-thread-allocator-block-size=16777216"
    "memorysetup-gfx-main-allocator-block-size=16777216"
    "memorysetup-gfx-thread-allocator-block-size=16777216"
    "memorysetup-cache-allocator-block-size=4194304"
    "memorysetup-typetree-allocator-block-size=2097152"
    "memorysetup-profiler-bucket-allocator-granularity=16"
    "memorysetup-profiler-bucket-allocator-bucket-count=8"
    "memorysetup-profiler-bucket-allocator-block-size=33554432"
    "memorysetup-profiler-bucket-allocator-block-count=8"
    "memorysetup-profiler-allocator-block-size=16777216"
    "memorysetup-profiler-editor-allocator-block-size=1048576"
    "memorysetup-temp-allocator-size-main=16777216"
    "memorysetup-job-temp-allocator-block-size=2097152"
    "memorysetup-job-temp-allocator-block-size-background=1048576"
    "memorysetup-job-temp-allocator-reduction-small-platforms=262144"
    "memorysetup-allocator-temp-initial-block-size-main=262144"
    "memorysetup-allocator-temp-initial-block-size-worker=262144"
    "memorysetup-temp-allocator-size-background-worker=32768"
    "memorysetup-temp-allocator-size-job-worker=262144"
    "memorysetup-temp-allocator-size-preload-manager=33554432"
    "memorysetup-temp-allocator-size-nav-mesh-worker=65536"
    "memorysetup-temp-allocator-size-audio-worker=65536"
    "memorysetup-temp-allocator-size-cloud-worker=32768"
    "memorysetup-temp-allocator-size-gi-baking-worker=262144"
    "memorysetup-temp-allocator-size-gi-baking-worker=262144"
    "memorysetup-temp-allocator-size-gi-baking-worker=262144"
    "memorysetup-temp-allocator-size-gi-baking-worker=262144"
    "memorysetup-temp-allocator-size-gi-baking-worker=262144"
    "memorysetup-temp-allocator-size-gfx=262144"
Player connection [23976]  Target information:

Player connection [23976]  * "[IP] 192.168.200.232 [Port] 0 [Flags] 2 [Guid] 3747130376 [EditorId] 3747130376 [Version] 1048832 [Id] WindowsEditor(7,DESKTOP-FPB70SL) [Debug] 1 [PackageName] WindowsEditor [ProjectName] Editor" 

Player connection [23976] Host joined multi-casting on [225.0.0.222:54997]...
Player connection [23976] Host joined alternative multi-casting on [225.0.0.222:34997]...
JobSystem: Creating JobQueue using job-worker-count value 7
Input System module state changed to: Initialized.
[Physics::Module] Initialized fallback backend.
[Physics::Module] Id: 0xdecafbad
Library Redirect Path: Library/
[Physics::Module] Selected backend.
[Physics::Module] Name: PhysX
[Physics::Module] Id: 0xf2b8ea05
[Physics::Module] SDK Version: 4.1.2
[Physics::Module] Integration Version: 1.0.0
[Physics::Module] Threading Mode: Multi-Threaded
Refreshing native plugins compatible for Editor in 4.56 ms, found 3 plugins.
Preloading 0 native plugins for Editor in 0.00 ms.
Initialize engine version: 6000.0.42f1 (feb9a7235030)
[Subsystems] Discovering subsystems at path C:/Program Files/Unity/Hub/Editor/6000.0.42f1-x86_64/Editor/Data/Resources/UnitySubsystems
[Subsystems] Discovering subsystems at path C:/Users/User794/Documents/My Games/A3DSlesher/URP3DSlesher/Assets
GfxDevice: creating device client; kGfxThreadingModeNonThreaded
Direct3D:
    Version:  Direct3D 11.0 [level 11.1]
    Renderer: AMD Radeon 780M Graphics (ID=0x15bf)
    Vendor:   ATI
    VRAM:     7741 MB
    Driver:   32.0.11029.1008
Initialize mono
Mono path[0] = 'C:/Program Files/Unity/Hub/Editor/6000.0.42f1-x86_64/Editor/Data/Managed'
Mono path[1] = 'C:/Program Files/Unity/Hub/Editor/6000.0.42f1-x86_64/Editor/Data/MonoBleedingEdge/lib/mono/unityjit-win32'
Mono config path = 'C:/Program Files/Unity/Hub/Editor/6000.0.42f1-x86_64/Editor/Data/MonoBleedingEdge/etc'
Using monoOptions --debugger-agent=transport=dt_socket,embedding=1,server=y,suspend=n,address=127.0.0.1:56936
Begin MonoManager ReloadAssembly
Registering precompiled unity dll's ...
Register platform support module: C:/Program Files/Unity/Hub/Editor/6000.0.42f1-x86_64/Editor/Data/PlaybackEngines/WindowsStandaloneSupport/UnityEditor.WindowsStandalone.Extensions.dll
Trying to register platform support module: C:/Program Files/Unity/Hub/Editor/6000.0.42f1-x86_64/Editor/Data/PlaybackEngines/AndroidPlayer/UnityEditor.Android.Extensions.dll (that doesn't exist). Retrying without overrides.
Platform support module is not available: C:/Program Files/Unity/Hub/Editor/6000.0.42f1-x86_64/Editor/Data/PlaybackEngines/AndroidPlayer/UnityEditor.Android.Extensions.dll
Registered in 0.003650 seconds.
- Loaded All Assemblies, in  0.698 seconds
Native extension for WindowsStandalone target not found
Mono: successfully reloaded assembly
- Finished resetting the current domain, in  0.661 seconds
Domain Reload Profiling: 1356ms
	BeginReloadAssembly (251ms)
		ExecutionOrderSort (0ms)
		DisableScriptedObjects (0ms)
		BackupInstance (0ms)
		ReleaseScriptingObjects (0ms)
		CreateAndSetChildDomain (2ms)
	RebuildCommonClasses (58ms)
	RebuildNativeTypeToScriptingClass (18ms)
	initialDomainReloadingComplete (85ms)
	LoadAllAssembliesAndSetupDomain (282ms)
		LoadAssemblies (245ms)
		RebuildTransferFunctionScriptingTraits (0ms)
		AnalyzeDomain (278ms)
			TypeCache.Refresh (276ms)
				TypeCache.ScanAssembly (224ms)
			BuildScriptInfoCaches (0ms)
			ResolveRequiredComponents (1ms)
	FinalizeReload (662ms)
		ReleaseScriptCaches (0ms)
		RebuildScriptCaches (0ms)
		SetupLoadedEditorAssemblies (571ms)
			LogAssemblyErrors (0ms)
			InitializePlatformSupportModulesInManaged (38ms)
			SetLoadedEditorAssemblies (11ms)
			BeforeProcessingInitializeOnLoad (100ms)
			ProcessInitializeOnLoadAttributes (325ms)
			ProcessInitializeOnLoadMethodAttributes (98ms)
			AfterProcessingInitializeOnLoad (0ms)
			EditorAssembliesLoaded (0ms)
		ExecutionOrderSort2 (0ms)
		AwakeInstancesAfterBackupRestoration (0ms)
========================================================================
Worker process is ready to serve import requests
Import Worker Mode flag is 0x00
Begin MonoManager ReloadAssembly
Symbol file LoadedFromMemory is not a mono symbol file
- Loaded All Assemblies, in  1.860 seconds
Refreshing native plugins compatible for Editor in 6.15 ms, found 3 plugins.
Native extension for WindowsStandalone target not found
Mono: successfully reloaded assembly
- Finished resetting the current domain, in  1.373 seconds
Domain Reload Profiling: 3227ms
	BeginReloadAssembly (309ms)
		ExecutionOrderSort (0ms)
		DisableScriptedObjects (7ms)
		BackupInstance (0ms)
		ReleaseScriptingObjects (0ms)
		CreateAndSetChildDomain (70ms)
	RebuildCommonClasses (59ms)
	RebuildNativeTypeToScriptingClass (16ms)
	initialDomainReloadingComplete (60ms)
	LoadAllAssembliesAndSetupDomain (1409ms)
		LoadAssemblies (859ms)
		RebuildTransferFunctionScriptingTraits (0ms)
		AnalyzeDomain (729ms)
			TypeCache.Refresh (597ms)
				TypeCache.ScanAssembly (487ms)
			BuildScriptInfoCaches (105ms)
			ResolveRequiredComponents (21ms)
	FinalizeReload (1374ms)
		ReleaseScriptCaches (0ms)
		RebuildScriptCaches (0ms)
		SetupLoadedEditorAssemblies (1104ms)
			LogAssemblyErrors (0ms)
			InitializePlatformSupportModulesInManaged (3ms)
			SetLoadedEditorAssemblies (12ms)
			BeforeProcessingInitializeOnLoad (218ms)
			ProcessInitializeOnLoadAttributes (696ms)
			ProcessInitializeOnLoadMethodAttributes (167ms)
			AfterProcessingInitializeOnLoad (8ms)
			EditorAssembliesLoaded (0ms)
		ExecutionOrderSort2 (0ms)
		AwakeInstancesAfterBackupRestoration (9ms)
Launched and connected shader compiler UnityShaderCompiler.exe after 0.02 seconds
Refreshing native plugins compatible for Editor in 1.79 ms, found 3 plugins.
Preloading 0 native plugins for Editor in 0.00 ms.
Unloading 243 Unused Serialized files (Serialized files now loaded: 0)
Unloading 7512 unused Assets / (6.1 MB). Loaded Objects now: 8245.
Memory consumption went from 173.5 MB to 167.4 MB.
Total: 24.369600 ms (FindLiveObjects: 2.931700 ms CreateObjectMapping: 1.979700 ms MarkObjects: 12.031100 ms  DeleteObjects: 7.425100 ms)

========================================================================
Received Import Request.
  Time since last request: 370503.673127 seconds.
  path: Assets/TextMesh Pro/Fonts/LiberationSans.ttf
  artifactKey: Guid(e3265ab4bf004d28a9537516768c1c75) Importer(815301076,1909f56bfc062723c751e8b465ee728b)
Start importing Assets/TextMesh Pro/Fonts/LiberationSans.ttf using Guid(e3265ab4bf004d28a9537516768c1c75) Importer(815301076,1909f56bfc062723c751e8b465ee728b) (PreviewImporter) -> (artifact id: '4d2fbb8e43d38779cb0dacd22abf6052') in 0.6961848 seconds
Number of updated asset objects reloaded before import = 0Number of asset objects unloaded after import = 4

========================================================================
Received Import Request.
  Time since last request: 0.000069 seconds.
  path: Assets/TextMesh Pro/Examples & Extras/Materials/Ground - Logo Scene.mat
  artifactKey: Guid(c719e38f25a9480abd2480ab621a2949) Importer(815301076,1909f56bfc062723c751e8b465ee728b)
Start importing Assets/TextMesh Pro/Examples & Extras/Materials/Ground - Logo Scene.mat using Guid(c719e38f25a9480abd2480ab621a2949) Importer(815301076,1909f56bfc062723c751e8b465ee728b) (PreviewImporter) -> (artifact id: '5a5899866c061972b183aed86a5d7564') in 0.0273079 seconds
Number of updated asset objects reloaded before import = 0Number of asset objects unloaded after import = 2

========================================================================
Received Import Request.
  Time since last request: 0.000046 seconds.
  path: Assets/TextMesh Pro/Examples & Extras/Resources/Fonts & Materials/Unity SDF - HDRP LIT - Bloom.mat
  artifactKey: Guid(8d176c01131de8f46ad61094e29d79b2) Importer(815301076,1909f56bfc062723c751e8b465ee728b)
Start importing Assets/TextMesh Pro/Examples & Extras/Resources/Fonts & Materials/Unity SDF - HDRP LIT - Bloom.mat using Guid(8d176c01131de8f46ad61094e29d79b2) Importer(815301076,1909f56bfc062723c751e8b465ee728b) (PreviewImporter) -> (artifact id: '540cf1c38fed8f8341b5ebf89958400e') in 0.0405782 seconds
Number of updated asset objects reloaded before import = 0Number of asset objects unloaded after import = 3

========================================================================
Received Import Request.
  Time since last request: 0.000041 seconds.
  path: Assets/TextMesh Pro/Examples & Extras/Resources/Fonts & Materials/Roboto-Bold SDF - Surface.mat
  artifactKey: Guid(e6b276ec991f467aa14ef1f3cc665993) Importer(815301076,1909f56bfc062723c751e8b465ee728b)
Start importing Assets/TextMesh Pro/Examples & Extras/Resources/Fonts & Materials/Roboto-Bold SDF - Surface.mat using Guid(e6b276ec991f467aa14ef1f3cc665993) Importer(815301076,1909f56bfc062723c751e8b465ee728b) (PreviewImporter) -> (artifact id: 'd7703e64f2d55aaf03f91cc902e900f3') in 0.0145486 seconds
Number of updated asset objects reloaded before import = 0Number of asset objects unloaded after import = 2

========================================================================
Received Import Request.
  Time since last request: 0.000043 seconds.
  path: Assets/TextMesh Pro/Examples & Extras/Resources/Fonts & Materials/LiberationSans SDF - Soft Mask.mat
  artifactKey: Guid(42df1c7856584b6b8db9a509b6b10074) Importer(815301076,1909f56bfc062723c751e8b465ee728b)
Start importing Assets/TextMesh Pro/Examples & Extras/Resources/Fonts & Materials/LiberationSans SDF - Soft Mask.mat using Guid(42df1c7856584b6b8db9a509b6b10074) Importer(815301076,1909f56bfc062723c751e8b465ee728b) (PreviewImporter) -> (artifact id: '98d899687d950f4b609cdb6133068377') in 0.0706912 seconds
Number of updated asset objects reloaded before import = 0Number of asset objects unloaded after import = 3

========================================================================
Received Import Request.
  Time since last request: 41.505928 seconds.
  path: Assets/Characters/Pro Melee Axe Pack/Shadow_Sentinel_0811111631_texture.png
  artifactKey: Guid(c99937de1ae7ce346a7b8abc1aad7982) Importer(815301076,1909f56bfc062723c751e8b465ee728b)
Start importing Assets/Characters/Pro Melee Axe Pack/Shadow_Sentinel_0811111631_texture.png using Guid(c99937de1ae7ce346a7b8abc1aad7982) Importer(815301076,1909f56bfc062723c751e8b465ee728b) (PreviewImporter) -> (artifact id: '1756f3090dea270490756917ba932a4c') in 0.0440344 seconds
Number of updated asset objects reloaded before import = 0Number of asset objects unloaded after import = 2

========================================================================
Received Import Request.
  Time since last request: 9.506726 seconds.
  path: Assets/Characters/Pro Melee Axe Pack/Shadow_Sentinel_0811111631_texture.png
  artifactKey: Guid(c99937de1ae7ce346a7b8abc1aad7982) Importer(815301076,1909f56bfc062723c751e8b465ee728b)
Start importing Assets/Characters/Pro Melee Axe Pack/Shadow_Sentinel_0811111631_texture.png using Guid(c99937de1ae7ce346a7b8abc1aad7982) Importer(815301076,1909f56bfc062723c751e8b465ee728b) (PreviewImporter) -> (artifact id: '9f3e34e5d8c656ab78085aa599b69e00') in 0.0273944 seconds
Number of updated asset objects reloaded before import = 0Number of asset objects unloaded after import = 2

========================================================================
Received Import Request.
  Time since last request: 40.994557 seconds.
  path: Assets/Characters/Pro Melee Axe Pack/Shadow_Sentinel_0811111631_texture.png
  artifactKey: Guid(c99937de1ae7ce346a7b8abc1aad7982) Importer(815301076,1909f56bfc062723c751e8b465ee728b)
Start importing Assets/Characters/Pro Melee Axe Pack/Shadow_Sentinel_0811111631_texture.png using Guid(c99937de1ae7ce346a7b8abc1aad7982) Importer(815301076,1909f56bfc062723c751e8b465ee728b) (PreviewImporter) -> (artifact id: '0ad7d4a56610351e0bbb05a42d50bc98') in 0.0298074 seconds
Number of updated asset objects reloaded before import = 0Number of asset objects unloaded after import = 2

========================================================================
Received Import Request.
  Time since last request: 34.629423 seconds.
  path: Assets/Characters/Pro Melee Axe Pack/untitled.fbx
  artifactKey: Guid(1f93afb6d16660d4084abc239b5eb7fd) Importer(815301076,1909f56bfc062723c751e8b465ee728b)
Start importing Assets/Characters/Pro Melee Axe Pack/untitled.fbx using Guid(1f93afb6d16660d4084abc239b5eb7fd) Importer(815301076,1909f56bfc062723c751e8b465ee728b) (PreviewImporter) -> (artifact id: 'f3de8785ec9a162c0340898190d62074') in 0.2168447 seconds
Number of updated asset objects reloaded before import = 0Number of asset objects unloaded after import = 100

========================================================================
Received Import Request.
  Time since last request: 4.373726 seconds.
  path: Assets/Characters/Pro Melee Axe Pack/Materials/texture_0.mat
  artifactKey: Guid(66654012c6ef58e4ca5122544249918d) Importer(815301076,1909f56bfc062723c751e8b465ee728b)
Start importing Assets/Characters/Pro Melee Axe Pack/Materials/texture_0.mat using Guid(66654012c6ef58e4ca5122544249918d) Importer(815301076,1909f56bfc062723c751e8b465ee728b) (PreviewImporter) -> (artifact id: '355ae937ae3076e2eb45fd728e103036') in 0.0280336 seconds
Number of updated asset objects reloaded before import = 0Number of asset objects unloaded after import = 1

========================================================================
Received Import Request.
  Time since last request: 133.758236 seconds.
  path: Assets/Characters/Pro Melee Axe Pack/PlayerMaterial.mat
  artifactKey: Guid(813d569b44e08ed42a386c2e51d8b8b8) Importer(815301076,1909f56bfc062723c751e8b465ee728b)
Start importing Assets/Characters/Pro Melee Axe Pack/PlayerMaterial.mat using Guid(813d569b44e08ed42a386c2e51d8b8b8) Importer(815301076,1909f56bfc062723c751e8b465ee728b) (PreviewImporter) -> (artifact id: '8918ae40d85947a37d6e3d59f4cf2f32') in 0.0350249 seconds
Number of updated asset objects reloaded before import = 0Number of asset objects unloaded after import = 1

========================================================================
Received Import Request.
  Time since last request: 1009.305075 seconds.
  path: Assets/Characters/Pro Melee Axe Pack/untitled.fbx
  artifactKey: Guid(1f93afb6d16660d4084abc239b5eb7fd) Importer(815301076,1909f56bfc062723c751e8b465ee728b)
Start importing Assets/Characters/Pro Melee Axe Pack/untitled.fbx using Guid(1f93afb6d16660d4084abc239b5eb7fd) Importer(815301076,1909f56bfc062723c751e8b465ee728b) (PreviewImporter) -> (artifact id: 'cdbc35bc68bc98fd669c0bfa82383ba2') in 0.1439183 seconds
Number of updated asset objects reloaded before import = 0Number of asset objects unloaded after import = 100

========================================================================
Received Import Request.
  Time since last request: 16.006518 seconds.
  path: Assets/Characters/Armored_Sentinel_fbx/Armored_Sentinel/Armored_Sentinel_0810180433_texture.png
  artifactKey: Guid(8b9f57ac0e89e7f41a0ed225e05ff0f1) Importer(815301076,1909f56bfc062723c751e8b465ee728b)
Start importing Assets/Characters/Armored_Sentinel_fbx/Armored_Sentinel/Armored_Sentinel_0810180433_texture.png using Guid(8b9f57ac0e89e7f41a0ed225e05ff0f1) Importer(815301076,1909f56bfc062723c751e8b465ee728b) (PreviewImporter) -> (artifact id: '6b080090fe0e03208a2ce47f6f899bbc') in 0.0446053 seconds
Number of updated asset objects reloaded before import = 0Number of asset objects unloaded after import = 2

========================================================================
Received Import Request.
  Time since last request: 0.000051 seconds.
  path: Assets/TextMesh Pro/Examples & Extras/Sprites/Default Sprites.png
  artifactKey: Guid(a0fc465d6cf04254a2938578735e2383) Importer(815301076,1909f56bfc062723c751e8b465ee728b)
Start importing Assets/TextMesh Pro/Examples & Extras/Sprites/Default Sprites.png using Guid(a0fc465d6cf04254a2938578735e2383) Importer(815301076,1909f56bfc062723c751e8b465ee728b) (PreviewImporter) -> (artifact id: '0b0523f1cd32068cfeb8da6a3e2049d4') in 0.0374137 seconds
Number of updated asset objects reloaded before import = 0Number of asset objects unloaded after import = 2

========================================================================
Received Import Request.
  Time since last request: 0.000058 seconds.
  path: Assets/TextMesh Pro/Examples & Extras/Textures/Brushed Metal 3.jpg
  artifactKey: Guid(f88677df267a41d6be1e7a6133e7d227) Importer(815301076,1909f56bfc062723c751e8b465ee728b)
Start importing Assets/TextMesh Pro/Examples & Extras/Textures/Brushed Metal 3.jpg using Guid(f88677df267a41d6be1e7a6133e7d227) Importer(815301076,1909f56bfc062723c751e8b465ee728b) (PreviewImporter) -> (artifact id: '6016a89d48a94d95a21af2bb773b37e1') in 0.0297447 seconds
Number of updated asset objects reloaded before import = 0Number of asset objects unloaded after import = 2

========================================================================
Received Import Request.
  Time since last request: 0.000046 seconds.
  path: Assets/Characters/Armored_Sentinel_fbx/Armored_Sentinel/Armored_Sentinel_0810180433_texture_roughness.png
  artifactKey: Guid(928228cae8fc46640beebac35966629e) Importer(815301076,1909f56bfc062723c751e8b465ee728b)
Start importing Assets/Characters/Armored_Sentinel_fbx/Armored_Sentinel/Armored_Sentinel_0810180433_texture_roughness.png using Guid(928228cae8fc46640beebac35966629e) Importer(815301076,1909f56bfc062723c751e8b465ee728b) (PreviewImporter) -> (artifact id: '5f99230e98d6c970858bd836ff0b18f6') in 0.0371891 seconds
Number of updated asset objects reloaded before import = 0Number of asset objects unloaded after import = 2

========================================================================
Received Import Request.
  Time since last request: 0.000044 seconds.
  path: Assets/TextMesh Pro/Examples & Extras/Sprites/DropCap Numbers.psd
  artifactKey: Guid(fd09957580ac4326916010f1f260975b) Importer(815301076,1909f56bfc062723c751e8b465ee728b)
Start importing Assets/TextMesh Pro/Examples & Extras/Sprites/DropCap Numbers.psd using Guid(fd09957580ac4326916010f1f260975b) Importer(815301076,1909f56bfc062723c751e8b465ee728b) (PreviewImporter) -> (artifact id: 'b332a34e3c21067f9a73fe4e92b41b7b') in 0.0335544 seconds
Number of updated asset objects reloaded before import = 0Number of asset objects unloaded after import = 2

========================================================================
Received Import Request.
  Time since last request: 0.000047 seconds.
  path: Assets/TextMesh Pro/Sprites/EmojiOne.png
  artifactKey: Guid(dffef66376be4fa480fb02b19edbe903) Importer(815301076,1909f56bfc062723c751e8b465ee728b)
Start importing Assets/TextMesh Pro/Sprites/EmojiOne.png using Guid(dffef66376be4fa480fb02b19edbe903) Importer(815301076,1909f56bfc062723c751e8b465ee728b) (PreviewImporter) -> (artifact id: '47e6f0135d838181cd060394402f9228') in 0.0337752 seconds
Number of updated asset objects reloaded before import = 0Number of asset objects unloaded after import = 2

========================================================================
Received Import Request.
  Time since last request: 0.000065 seconds.
  path: Assets/TextMesh Pro/Examples & Extras/Textures/Floor Tiles 1 - diffuse.jpg
  artifactKey: Guid(85ac55597b97403c82fc6601a93cf241) Importer(815301076,1909f56bfc062723c751e8b465ee728b)
Start importing Assets/TextMesh Pro/Examples & Extras/Textures/Floor Tiles 1 - diffuse.jpg using Guid(85ac55597b97403c82fc6601a93cf241) Importer(815301076,1909f56bfc062723c751e8b465ee728b) (PreviewImporter) -> (artifact id: 'a3c83e7e5c40cf1d5cad15893424d07a') in 0.0317927 seconds
Number of updated asset objects reloaded before import = 0Number of asset objects unloaded after import = 2

========================================================================
Received Import Request.
  Time since last request: 0.000042 seconds.
  path: Assets/Characters/Armored_Sentinel_fbx/Armored_Sentinel/Armored_Sentinel_0810180433_texture_normal.png
  artifactKey: Guid(2037e80ee6dea3d40a0d4563f939910e) Importer(815301076,1909f56bfc062723c751e8b465ee728b)
Start importing Assets/Characters/Armored_Sentinel_fbx/Armored_Sentinel/Armored_Sentinel_0810180433_texture_normal.png using Guid(2037e80ee6dea3d40a0d4563f939910e) Importer(815301076,1909f56bfc062723c751e8b465ee728b) (PreviewImporter) -> (artifact id: 'ebe88de76f7eab349e01e3c9a1986df9') in 0.0365597 seconds
Number of updated asset objects reloaded before import = 0Number of asset objects unloaded after import = 2

========================================================================
Received Import Request.
  Time since last request: 0.000043 seconds.
  path: Assets/TextMesh Pro/Examples & Extras/Textures/Floor Cement.jpg
  artifactKey: Guid(283f897e4925411ebbaa758b4cb13fc2) Importer(815301076,1909f56bfc062723c751e8b465ee728b)
Start importing Assets/TextMesh Pro/Examples & Extras/Textures/Floor Cement.jpg using Guid(283f897e4925411ebbaa758b4cb13fc2) Importer(815301076,1909f56bfc062723c751e8b465ee728b) (PreviewImporter) -> (artifact id: 'c899b5445a66689c249f0d55d129d752') in 0.0335935 seconds
Number of updated asset objects reloaded before import = 0Number of asset objects unloaded after import = 2

========================================================================
Received Import Request.
  Time since last request: 28.066228 seconds.
  path: Assets/Characters/Pro Melee Axe Pack/untitled.fbx
  artifactKey: Guid(1f93afb6d16660d4084abc239b5eb7fd) Importer(815301076,1909f56bfc062723c751e8b465ee728b)
Start importing Assets/Characters/Pro Melee Axe Pack/untitled.fbx using Guid(1f93afb6d16660d4084abc239b5eb7fd) Importer(815301076,1909f56bfc062723c751e8b465ee728b) (PreviewImporter) -> (artifact id: '9f5eb115e8f0c62ed6a3867cf0a7c523') in 0.1119737 seconds
Number of updated asset objects reloaded before import = 0Number of asset objects unloaded after import = 99

========================================================================
Received Import Request.
  Time since last request: 6.175366 seconds.
  path: Assets/Characters/Pro Melee Axe Pack/New Material.mat
  artifactKey: Guid(44a5ef91ed92d6c4d989084c82ba3858) Importer(815301076,1909f56bfc062723c751e8b465ee728b)
Start importing Assets/Characters/Pro Melee Axe Pack/New Material.mat using Guid(44a5ef91ed92d6c4d989084c82ba3858) Importer(815301076,1909f56bfc062723c751e8b465ee728b) (PreviewImporter) -> (artifact id: 'ca38a32ccb5cccc394cef5ac645d4e5d') in 0.0414505 seconds
Number of updated asset objects reloaded before import = 0Number of asset objects unloaded after import = 1

========================================================================
Received Import Request.
  Time since last request: 21.681594 seconds.
  path: Assets/Characters/Pro Melee Axe Pack/untitled.fbx
  artifactKey: Guid(1f93afb6d16660d4084abc239b5eb7fd) Importer(815301076,1909f56bfc062723c751e8b465ee728b)
Start importing Assets/Characters/Pro Melee Axe Pack/untitled.fbx using Guid(1f93afb6d16660d4084abc239b5eb7fd) Importer(815301076,1909f56bfc062723c751e8b465ee728b) (PreviewImporter) -> (artifact id: '91d75e23e5a86aeac534f2eb6ecd329d') in 0.0957378 seconds
Number of updated asset objects reloaded before import = 0Number of asset objects unloaded after import = 100

========================================================================
Received Import Request.
  Time since last request: 147.658706 seconds.
  path: Assets/Characters/Armored_Sentinel_fbx/Armored_Sentinel/Armored_Sentinel_0810180433_texture.png
  artifactKey: Guid(8b9f57ac0e89e7f41a0ed225e05ff0f1) Importer(815301076,1909f56bfc062723c751e8b465ee728b)
Start importing Assets/Characters/Armored_Sentinel_fbx/Armored_Sentinel/Armored_Sentinel_0810180433_texture.png using Guid(8b9f57ac0e89e7f41a0ed225e05ff0f1) Importer(815301076,1909f56bfc062723c751e8b465ee728b) (PreviewImporter) -> (artifact id: '1983bfaa2c76c23982bc45a25e311f94') in 0.0565306 seconds
Number of updated asset objects reloaded before import = 0Number of asset objects unloaded after import = 2

========================================================================
Received Import Request.
  Time since last request: 11.684129 seconds.
  path: Assets/Characters/Armored_Sentinel_fbx/Shadow_Blade_fbx/Shadow_Blade_0810172315_texture.png
  artifactKey: Guid(2b9e4a311835c104ba2ec1947445c837) Importer(815301076,1909f56bfc062723c751e8b465ee728b)
Start importing Assets/Characters/Armored_Sentinel_fbx/Shadow_Blade_fbx/Shadow_Blade_0810172315_texture.png using Guid(2b9e4a311835c104ba2ec1947445c837) Importer(815301076,1909f56bfc062723c751e8b465ee728b) (PreviewImporter) -> (artifact id: '68c0c899dfa1693bbb7eb172693fbf7b') in 0.0339733 seconds
Number of updated asset objects reloaded before import = 0Number of asset objects unloaded after import = 2

========================================================================
Received Import Request.
  Time since last request: 0.000053 seconds.
  path: Assets/Characters/Armored_Sentinel_fbx/Shadow_Blade_fbx/Shadow_Blade_0810172315_texture_normal.png
  artifactKey: Guid(8050f413345391b4fabc0eebaaa9d53c) Importer(815301076,1909f56bfc062723c751e8b465ee728b)
Start importing Assets/Characters/Armored_Sentinel_fbx/Shadow_Blade_fbx/Shadow_Blade_0810172315_texture_normal.png using Guid(8050f413345391b4fabc0eebaaa9d53c) Importer(815301076,1909f56bfc062723c751e8b465ee728b) (PreviewImporter) -> (artifact id: '13a78e7c9008e2d9d2f624e14f250a82') in 0.0360417 seconds
Number of updated asset objects reloaded before import = 0Number of asset objects unloaded after import = 2

========================================================================
Received Import Request.
  Time since last request: 0.000034 seconds.
  path: Assets/Characters/Armored_Sentinel_fbx/Shadow_Blade_fbx/Shadow_Blade_0810172315_texture_roughness.png
  artifactKey: Guid(fb10744d662a71740a7faeeb9f8d54cd) Importer(815301076,1909f56bfc062723c751e8b465ee728b)
Start importing Assets/Characters/Armored_Sentinel_fbx/Shadow_Blade_fbx/Shadow_Blade_0810172315_texture_roughness.png using Guid(fb10744d662a71740a7faeeb9f8d54cd) Importer(815301076,1909f56bfc062723c751e8b465ee728b) (PreviewImporter) -> (artifact id: '05e075a35e20b373ec190991e3f4e57d') in 0.0339262 seconds
Number of updated asset objects reloaded before import = 0Number of asset objects unloaded after import = 2

========================================================================
Received Import Request.
  Time since last request: 44.021034 seconds.
  path: Assets/Characters/Armored_Sentinel_fbx/Shadow_Blade_fbx
  artifactKey: Guid(62d6e61670808ce4d9baf6ac48fc9fda) Importer(815301076,1909f56bfc062723c751e8b465ee728b)
Start importing Assets/Characters/Armored_Sentinel_fbx/Shadow_Blade_fbx using Guid(62d6e61670808ce4d9baf6ac48fc9fda) Importer(815301076,1909f56bfc062723c751e8b465ee728b) (PreviewImporter) -> (artifact id: 'aa888ff08d124009df843413b9aaff87') in 0.0017263 seconds
Number of updated asset objects reloaded before import = 0Number of asset objects unloaded after import = 0

========================================================================
Received Import Request.
  Time since last request: 61.638107 seconds.
  path: Assets/Characters/Armored_Sentinel_fbx/Shadow_Blade_fbx/New Material.mat
  artifactKey: Guid(3549e71ccce96104fa6b18397112dd3a) Importer(815301076,1909f56bfc062723c751e8b465ee728b)
Start importing Assets/Characters/Armored_Sentinel_fbx/Shadow_Blade_fbx/New Material.mat using Guid(3549e71ccce96104fa6b18397112dd3a) Importer(815301076,1909f56bfc062723c751e8b465ee728b) (PreviewImporter) -> (artifact id: 'da58528c53632e25d0b3303cdae3af82') in 0.0745958 seconds
Number of updated asset objects reloaded before import = 1Number of asset objects unloaded after import = 1

========================================================================
Received Import Request.
  Time since last request: 10.895293 seconds.
  path: Assets/Characters/Armored_Sentinel_fbx/Shadow_Blade_fbx/Shadow_Blade_0810172315_texture.fbx
  artifactKey: Guid(c862f8c756ce8904e9f6d9bbf75e619f) Importer(815301076,1909f56bfc062723c751e8b465ee728b)
Start importing Assets/Characters/Armored_Sentinel_fbx/Shadow_Blade_fbx/Shadow_Blade_0810172315_texture.fbx using Guid(c862f8c756ce8904e9f6d9bbf75e619f) Importer(815301076,1909f56bfc062723c751e8b465ee728b) (PreviewImporter) -> (artifact id: 'e456697d9a7a3ef4e77138bd35d5a26a') in 0.0774474 seconds
Number of updated asset objects reloaded before import = 0Number of asset objects unloaded after import = 8

========================================================================
Received Import Request.
  Time since last request: 182.934492 seconds.
  path: Assets/Characters/Armored_Sentinel_fbx/Armored_Sentinel/Armored_Sentinel_0810180433_texture.png
  artifactKey: Guid(8b9f57ac0e89e7f41a0ed225e05ff0f1) Importer(815301076,1909f56bfc062723c751e8b465ee728b)
Start importing Assets/Characters/Armored_Sentinel_fbx/Armored_Sentinel/Armored_Sentinel_0810180433_texture.png using Guid(8b9f57ac0e89e7f41a0ed225e05ff0f1) Importer(815301076,1909f56bfc062723c751e8b465ee728b) (PreviewImporter) -> (artifact id: '90f491c02e3164898e4b5a65036c7d38') in 0.0315453 seconds
Number of updated asset objects reloaded before import = 0Number of asset objects unloaded after import = 2

========================================================================
Received Import Request.
  Time since last request: 1.764661 seconds.
  path: Assets/Characters/Armored_Sentinel_fbx/Armored_Sentinel
  artifactKey: Guid(3532423a947701f41ad538081304f767) Importer(815301076,1909f56bfc062723c751e8b465ee728b)
Start importing Assets/Characters/Armored_Sentinel_fbx/Armored_Sentinel using Guid(3532423a947701f41ad538081304f767) Importer(815301076,1909f56bfc062723c751e8b465ee728b) (PreviewImporter) -> (artifact id: '9e335a257f0b791e3cfe41d0e5463ec3') in 0.001803 seconds
Number of updated asset objects reloaded before import = 0Number of asset objects unloaded after import = 0

========================================================================
Received Import Request.
  Time since last request: 4.012250 seconds.
  path: Assets/Characters/Armored_Sentinel_fbx/Armored_Sentinel/New Material.mat
  artifactKey: Guid(336876f2949f5bb4292ca6e7f17d68ae) Importer(815301076,1909f56bfc062723c751e8b465ee728b)
Start importing Assets/Characters/Armored_Sentinel_fbx/Armored_Sentinel/New Material.mat using Guid(336876f2949f5bb4292ca6e7f17d68ae) Importer(815301076,1909f56bfc062723c751e8b465ee728b) (PreviewImporter) -> (artifact id: 'a4cd447893a87f3f9e6283bebfba9ac4') in 0.0285016 seconds
Number of updated asset objects reloaded before import = 1Number of asset objects unloaded after import = 1

========================================================================
Received Import Request.
  Time since last request: 11.078081 seconds.
  path: Assets/Characters/Armored_Sentinel_fbx/Armored_Sentinel/Armored_Sentinel_0810180433_texture.fbx
  artifactKey: Guid(2fba1f28a6a2e3147a957be2eee9e164) Importer(815301076,1909f56bfc062723c751e8b465ee728b)
Start importing Assets/Characters/Armored_Sentinel_fbx/Armored_Sentinel/Armored_Sentinel_0810180433_texture.fbx using Guid(2fba1f28a6a2e3147a957be2eee9e164) Importer(815301076,1909f56bfc062723c751e8b465ee728b) (PreviewImporter) -> (artifact id: '366d2a2cb7f2fc0dc9b4c151a95bee38') in 0.0981848 seconds
Number of updated asset objects reloaded before import = 0Number of asset objects unloaded after import = 8

========================================================================
Received Import Request.
  Time since last request: 6.349979 seconds.
  path: Assets/Characters/Pro Melee Axe Pack/New Material.mat
  artifactKey: Guid(44a5ef91ed92d6c4d989084c82ba3858) Importer(815301076,1909f56bfc062723c751e8b465ee728b)
Start importing Assets/Characters/Pro Melee Axe Pack/New Material.mat using Guid(44a5ef91ed92d6c4d989084c82ba3858) Importer(815301076,1909f56bfc062723c751e8b465ee728b) (PreviewImporter) -> (artifact id: '1853736ed21f3ab3f6a5f1b4581ac455') in 0.0263415 seconds
Number of updated asset objects reloaded before import = 0Number of asset objects unloaded after import = 1

========================================================================
Received Import Request.
  Time since last request: 0.002475 seconds.
  path: Assets/Characters/Pro Melee Axe Pack/untitled.fbx
  artifactKey: Guid(1f93afb6d16660d4084abc239b5eb7fd) Importer(815301076,1909f56bfc062723c751e8b465ee728b)
Start importing Assets/Characters/Pro Melee Axe Pack/untitled.fbx using Guid(1f93afb6d16660d4084abc239b5eb7fd) Importer(815301076,1909f56bfc062723c751e8b465ee728b) (PreviewImporter) -> (artifact id: 'ca0347a2e941892eb7ad692c7d4264d4') in 0.1110084 seconds
Number of updated asset objects reloaded before import = 0Number of asset objects unloaded after import = 100

========================================================================
Received Import Request.
  Time since last request: 6.277530 seconds.
  path: Assets/Characters/Shadow_Blade_fbx/New Material.mat
  artifactKey: Guid(3549e71ccce96104fa6b18397112dd3a) Importer(815301076,1909f56bfc062723c751e8b465ee728b)
Start importing Assets/Characters/Shadow_Blade_fbx/New Material.mat using Guid(3549e71ccce96104fa6b18397112dd3a) Importer(815301076,1909f56bfc062723c751e8b465ee728b) (PreviewImporter) -> (artifact id: '9bd13b7c633f8bdf8135726996e6b372') in 11.6080243 seconds
Number of updated asset objects reloaded before import = 0Number of asset objects unloaded after import = 2

========================================================================
Received Import Request.
  Time since last request: 0.000045 seconds.
  path: Assets/Characters/Shadow_Blade_fbx/New Material.mat
  artifactKey: Guid(3549e71ccce96104fa6b18397112dd3a) Importer(815301076,1909f56bfc062723c751e8b465ee728b)
Start importing Assets/Characters/Shadow_Blade_fbx/New Material.mat using Guid(3549e71ccce96104fa6b18397112dd3a) Importer(815301076,1909f56bfc062723c751e8b465ee728b) (PreviewImporter) -> (artifact id: '9bd13b7c633f8bdf8135726996e6b372') in 0.0298077 seconds
Number of updated asset objects reloaded before import = 0Number of asset objects unloaded after import = 2

========================================================================
Received Import Request.
  Time since last request: 0.000054 seconds.
  path: Assets/Characters/Shadow_Blade_fbx/Shadow_Blade_0810172315_texture.fbx
  artifactKey: Guid(c862f8c756ce8904e9f6d9bbf75e619f) Importer(815301076,1909f56bfc062723c751e8b465ee728b)
Start importing Assets/Characters/Shadow_Blade_fbx/Shadow_Blade_0810172315_texture.fbx using Guid(c862f8c756ce8904e9f6d9bbf75e619f) Importer(815301076,1909f56bfc062723c751e8b465ee728b) (PreviewImporter) -> (artifact id: 'e0163ea34483aa604583375dbb35f49e') in 0.0469546 seconds
Number of updated asset objects reloaded before import = 0Number of asset objects unloaded after import = 9

========================================================================
Received Import Request.
  Time since last request: 1.601009 seconds.
  path: Assets/Characters/Pro Melee Axe Pack/untitled.fbx
  artifactKey: Guid(1f93afb6d16660d4084abc239b5eb7fd) Importer(815301076,1909f56bfc062723c751e8b465ee728b)
Start importing Assets/Characters/Pro Melee Axe Pack/untitled.fbx using Guid(1f93afb6d16660d4084abc239b5eb7fd) Importer(815301076,1909f56bfc062723c751e8b465ee728b) (PreviewImporter) -> (artifact id: '198dd6ee2910ec459f6ba1645aad73da') in 0.0907983 seconds
Number of updated asset objects reloaded before import = 0Number of asset objects unloaded after import = 99

========================================================================
Received Import Request.
  Time since last request: 6.258622 seconds.
  path: Assets/Characters/Pro Melee Axe Pack/New Material.mat
  artifactKey: Guid(44a5ef91ed92d6c4d989084c82ba3858) Importer(815301076,1909f56bfc062723c751e8b465ee728b)
Start importing Assets/Characters/Pro Melee Axe Pack/New Material.mat using Guid(44a5ef91ed92d6c4d989084c82ba3858) Importer(815301076,1909f56bfc062723c751e8b465ee728b) (PreviewImporter) -> (artifact id: 'a4ff02e4c49efa50ee909aede0b9ab6a') in 0.0253145 seconds
Number of updated asset objects reloaded before import = 0Number of asset objects unloaded after import = 1

========================================================================
Received Import Request.
  Time since last request: 57.311434 seconds.
  path: Assets/Characters/Pro Melee Axe Pack/New Material.mat
  artifactKey: Guid(44a5ef91ed92d6c4d989084c82ba3858) Importer(815301076,1909f56bfc062723c751e8b465ee728b)
Start importing Assets/Characters/Pro Melee Axe Pack/New Material.mat using Guid(44a5ef91ed92d6c4d989084c82ba3858) Importer(815301076,1909f56bfc062723c751e8b465ee728b) (PreviewImporter) -> (artifact id: '5bb697039b19d931a417f4af4def9f4f') in 0.0299403 seconds
Number of updated asset objects reloaded before import = 0Number of asset objects unloaded after import = 2

========================================================================
Received Import Request.
  Time since last request: 58.021019 seconds.
  path: Assets/Characters/Pro Melee Axe Pack/New Animator Controller.controller
  artifactKey: Guid(87ab3dbb18f4ace4e9254b9d4cf9cc35) Importer(815301076,1909f56bfc062723c751e8b465ee728b)
Start importing Assets/Characters/Pro Melee Axe Pack/New Animator Controller.controller using Guid(87ab3dbb18f4ace4e9254b9d4cf9cc35) Importer(815301076,1909f56bfc062723c751e8b465ee728b) (PreviewImporter) -> (artifact id: '3a5f8a9f84aa588a6b4be4f3c76d7228') in 0.1140256 seconds
Number of updated asset objects reloaded before import = 0Number of asset objects unloaded after import = 1

========================================================================
Received Import Request.
  Time since last request: 16.896187 seconds.
  path: Assets/Characters/Pro Melee Axe Pack/untitled.fbx
  artifactKey: Guid(1f93afb6d16660d4084abc239b5eb7fd) Importer(815301076,1909f56bfc062723c751e8b465ee728b)
Start importing Assets/Characters/Pro Melee Axe Pack/untitled.fbx using Guid(1f93afb6d16660d4084abc239b5eb7fd) Importer(815301076,1909f56bfc062723c751e8b465ee728b) (PreviewImporter) -> (artifact id: '2b19f322ec4bbf04e0b05dd2fc8e218b') in 0.1008584 seconds
Number of updated asset objects reloaded before import = 0Number of asset objects unloaded after import = 103

========================================================================
Received Import Request.
  Time since last request: 48.951662 seconds.
  path: Assets/Characters/Pro Melee Axe Pack/unarmed turn left 90.fbx
  artifactKey: Guid(8d82a63b85c823243bd21361b253ebe6) Importer(815301076,1909f56bfc062723c751e8b465ee728b)
Start importing Assets/Characters/Pro Melee Axe Pack/unarmed turn left 90.fbx using Guid(8d82a63b85c823243bd21361b253ebe6) Importer(815301076,1909f56bfc062723c751e8b465ee728b) (PreviewImporter) -> (artifact id: '93e0b693815a91bd1327c76b832bdca7') in 0.0098308 seconds
Number of updated asset objects reloaded before import = 0Number of asset objects unloaded after import = 85

========================================================================
Received Import Request.
  Time since last request: 0.000038 seconds.
  path: Assets/Characters/Pro Melee Axe Pack/standing idle looking ver. 1.fbx
  artifactKey: Guid(f3430a52b5af9594e8694310ea86eafe) Importer(815301076,1909f56bfc062723c751e8b465ee728b)
Start importing Assets/Characters/Pro Melee Axe Pack/standing idle looking ver. 1.fbx using Guid(f3430a52b5af9594e8694310ea86eafe) Importer(815301076,1909f56bfc062723c751e8b465ee728b) (PreviewImporter) -> (artifact id: '6d7d74e158cd803ce47f47c6fc6f7964') in 0.0201758 seconds
Number of updated asset objects reloaded before import = 0Number of asset objects unloaded after import = 85

========================================================================
Received Import Request.
  Time since last request: 0.000042 seconds.
  path: Assets/Characters/Pro Melee Axe Pack/standing melee attack downward.fbx
  artifactKey: Guid(341e6667d9cddb54e9948cce8bb41423) Importer(815301076,1909f56bfc062723c751e8b465ee728b)
Start importing Assets/Characters/Pro Melee Axe Pack/standing melee attack downward.fbx using Guid(341e6667d9cddb54e9948cce8bb41423) Importer(815301076,1909f56bfc062723c751e8b465ee728b) (PreviewImporter) -> (artifact id: '2b2068331c137d4938086dce14e96697') in 0.0121342 seconds
Number of updated asset objects reloaded before import = 0Number of asset objects unloaded after import = 85

========================================================================
Received Import Request.
  Time since last request: 0.000044 seconds.
  path: Assets/Characters/Pro Melee Axe Pack/unarmed walk forward.fbx
  artifactKey: Guid(dd38faca8a5ba114ba0bd8a0dbdc42e6) Importer(815301076,1909f56bfc062723c751e8b465ee728b)
Start importing Assets/Characters/Pro Melee Axe Pack/unarmed walk forward.fbx using Guid(dd38faca8a5ba114ba0bd8a0dbdc42e6) Importer(815301076,1909f56bfc062723c751e8b465ee728b) (PreviewImporter) -> (artifact id: '63fb633fc5c8a26f9012ef652ba2c46f') in 0.010025 seconds
Number of updated asset objects reloaded before import = 0Number of asset objects unloaded after import = 85

========================================================================
Received Import Request.
  Time since last request: 0.000056 seconds.
  path: Assets/Characters/Pro Melee Axe Pack/standing melee attack kick ver. 1.fbx
  artifactKey: Guid(7766d01d977ee2f47864ac31f0c87b74) Importer(815301076,1909f56bfc062723c751e8b465ee728b)
Start importing Assets/Characters/Pro Melee Axe Pack/standing melee attack kick ver. 1.fbx using Guid(7766d01d977ee2f47864ac31f0c87b74) Importer(815301076,1909f56bfc062723c751e8b465ee728b) (PreviewImporter) -> (artifact id: '5394e433c1fd904662c067f678d269de') in 0.0099783 seconds
Number of updated asset objects reloaded before import = 0Number of asset objects unloaded after import = 85

========================================================================
Received Import Request.
  Time since last request: 0.000039 seconds.
  path: Assets/Characters/Pro Melee Axe Pack/unarmed idle looking ver. 2.fbx
  artifactKey: Guid(377627a491ca41f43afc8272e73625bd) Importer(815301076,1909f56bfc062723c751e8b465ee728b)
Start importing Assets/Characters/Pro Melee Axe Pack/unarmed idle looking ver. 2.fbx using Guid(377627a491ca41f43afc8272e73625bd) Importer(815301076,1909f56bfc062723c751e8b465ee728b) (PreviewImporter) -> (artifact id: '2556594e478005953fe09d2d61e827d3') in 0.0096005 seconds
Number of updated asset objects reloaded before import = 0Number of asset objects unloaded after import = 85

========================================================================
Received Import Request.
  Time since last request: 0.000047 seconds.
  path: Assets/Characters/Pro Melee Axe Pack/standing walk left.fbx
  artifactKey: Guid(78e5d9a506d7fe943897eb1294fe258a) Importer(815301076,1909f56bfc062723c751e8b465ee728b)
Start importing Assets/Characters/Pro Melee Axe Pack/standing walk left.fbx using Guid(78e5d9a506d7fe943897eb1294fe258a) Importer(815301076,1909f56bfc062723c751e8b465ee728b) (PreviewImporter) -> (artifact id: '8bb3ba042b885c1dbd87ad687ebd41d0') in 0.0120321 seconds
Number of updated asset objects reloaded before import = 0Number of asset objects unloaded after import = 85

========================================================================
Received Import Request.
  Time since last request: 0.000040 seconds.
  path: Assets/Characters/Pro Melee Axe Pack/standing react large from left.fbx
  artifactKey: Guid(60bd00f3e2d283c498130e904ca19ac3) Importer(815301076,1909f56bfc062723c751e8b465ee728b)
Start importing Assets/Characters/Pro Melee Axe Pack/standing react large from left.fbx using Guid(60bd00f3e2d283c498130e904ca19ac3) Importer(815301076,1909f56bfc062723c751e8b465ee728b) (PreviewImporter) -> (artifact id: '2b3c6d7b930025e704567d731c1305aa') in 0.0101869 seconds
Number of updated asset objects reloaded before import = 0Number of asset objects unloaded after import = 85

========================================================================
Received Import Request.
  Time since last request: 0.000048 seconds.
  path: Assets/Characters/Pro Melee Axe Pack/unarmed jump running.fbx
  artifactKey: Guid(2987a886d85fe27468ecaf8470ce782a) Importer(815301076,1909f56bfc062723c751e8b465ee728b)
Start importing Assets/Characters/Pro Melee Axe Pack/unarmed jump running.fbx using Guid(2987a886d85fe27468ecaf8470ce782a) Importer(815301076,1909f56bfc062723c751e8b465ee728b) (PreviewImporter) -> (artifact id: 'c9792b93601030b8b8fce29d2e5fed7b') in 0.0091019 seconds
Number of updated asset objects reloaded before import = 0Number of asset objects unloaded after import = 85

========================================================================
Received Import Request.
  Time since last request: 0.000050 seconds.
  path: Assets/Characters/Pro Melee Axe Pack/standing melee combo attack ver. 3.fbx
  artifactKey: Guid(814bb712f8379b847914563ac700e117) Importer(815301076,1909f56bfc062723c751e8b465ee728b)
Start importing Assets/Characters/Pro Melee Axe Pack/standing melee combo attack ver. 3.fbx using Guid(814bb712f8379b847914563ac700e117) Importer(815301076,1909f56bfc062723c751e8b465ee728b) (PreviewImporter) -> (artifact id: '41201b6fe8fe28b4eb12135e477e9502') in 0.01135 seconds
Number of updated asset objects reloaded before import = 0Number of asset objects unloaded after import = 85

========================================================================
Received Import Request.
  Time since last request: 0.000053 seconds.
  path: Assets/Characters/Pro Melee Axe Pack/standing turn right 90.fbx
  artifactKey: Guid(58cf9f80ae3d52941a8f5369bf540f59) Importer(815301076,1909f56bfc062723c751e8b465ee728b)
Start importing Assets/Characters/Pro Melee Axe Pack/standing turn right 90.fbx using Guid(58cf9f80ae3d52941a8f5369bf540f59) Importer(815301076,1909f56bfc062723c751e8b465ee728b) (PreviewImporter) -> (artifact id: 'f07d1270dc3eabbbd8a2425c78eb88ee') in 0.0104807 seconds
Number of updated asset objects reloaded before import = 0Number of asset objects unloaded after import = 85

========================================================================
Received Import Request.
  Time since last request: 0.000099 seconds.
  path: Assets/Characters/Pro Melee Axe Pack/unarmed walk back.fbx
  artifactKey: Guid(15fc5a33973b0964bb5fb90b82b88b9c) Importer(815301076,1909f56bfc062723c751e8b465ee728b)
Start importing Assets/Characters/Pro Melee Axe Pack/unarmed walk back.fbx using Guid(15fc5a33973b0964bb5fb90b82b88b9c) Importer(815301076,1909f56bfc062723c751e8b465ee728b) (PreviewImporter) -> (artifact id: '913a41008b66c20eb48928d24cca82f8') in 0.0104561 seconds
Number of updated asset objects reloaded before import = 0Number of asset objects unloaded after import = 85

========================================================================
Received Import Request.
  Time since last request: 0.000045 seconds.
  path: Assets/Characters/Pro Melee Axe Pack/standing walk right.fbx
  artifactKey: Guid(23cefbd08460dc645ba856eab35f3620) Importer(815301076,1909f56bfc062723c751e8b465ee728b)
Start importing Assets/Characters/Pro Melee Axe Pack/standing walk right.fbx using Guid(23cefbd08460dc645ba856eab35f3620) Importer(815301076,1909f56bfc062723c751e8b465ee728b) (PreviewImporter) -> (artifact id: 'cdb71e021b34b858090f3f66e66794a9') in 0.009925 seconds
Number of updated asset objects reloaded before import = 0Number of asset objects unloaded after import = 85

========================================================================
Received Import Request.
  Time since last request: 0.000045 seconds.
  path: Assets/Characters/Pro Melee Axe Pack/unarmed jump.fbx
  artifactKey: Guid(b51aa1ba92fc2da4da69296648d5d078) Importer(815301076,1909f56bfc062723c751e8b465ee728b)
Start importing Assets/Characters/Pro Melee Axe Pack/unarmed jump.fbx using Guid(b51aa1ba92fc2da4da69296648d5d078) Importer(815301076,1909f56bfc062723c751e8b465ee728b) (PreviewImporter) -> (artifact id: '3ed2b5c562e8bc4f91115de2ef2f2c80') in 0.0095034 seconds
Number of updated asset objects reloaded before import = 0Number of asset objects unloaded after import = 85

========================================================================
Received Import Request.
  Time since last request: 0.000043 seconds.
  path: Assets/Characters/Pro Melee Axe Pack/unarmed run back.fbx
  artifactKey: Guid(a10e610255f0b2d4e9379587547c85da) Importer(815301076,1909f56bfc062723c751e8b465ee728b)
Start importing Assets/Characters/Pro Melee Axe Pack/unarmed run back.fbx using Guid(a10e610255f0b2d4e9379587547c85da) Importer(815301076,1909f56bfc062723c751e8b465ee728b) (PreviewImporter) -> (artifact id: 'a2917326efcf9bbb0137d398a5dcf65d') in 0.009227 seconds
Number of updated asset objects reloaded before import = 0Number of asset objects unloaded after import = 85

========================================================================
Received Import Request.
  Time since last request: 0.000052 seconds.
  path: Assets/Characters/Pro Melee Axe Pack/standing jump.fbx
  artifactKey: Guid(dfd40ec11f50af64b8e707fe41522d42) Importer(815301076,1909f56bfc062723c751e8b465ee728b)
Start importing Assets/Characters/Pro Melee Axe Pack/standing jump.fbx using Guid(dfd40ec11f50af64b8e707fe41522d42) Importer(815301076,1909f56bfc062723c751e8b465ee728b) (PreviewImporter) -> (artifact id: '6b95930c06fa133270fb8011c209619a') in 0.009138 seconds
Number of updated asset objects reloaded before import = 0Number of asset objects unloaded after import = 85

========================================================================
Received Import Request.
  Time since last request: 0.000057 seconds.
  path: Assets/Characters/Pro Melee Axe Pack/standing melee attack backhand.fbx
  artifactKey: Guid(d9c4fac99d637164cae02b5695da8aaf) Importer(815301076,1909f56bfc062723c751e8b465ee728b)
Start importing Assets/Characters/Pro Melee Axe Pack/standing melee attack backhand.fbx using Guid(d9c4fac99d637164cae02b5695da8aaf) Importer(815301076,1909f56bfc062723c751e8b465ee728b) (PreviewImporter) -> (artifact id: 'd9ba414beac2f249b61f5702a143c1bc') in 0.0111198 seconds
Number of updated asset objects reloaded before import = 0Number of asset objects unloaded after import = 85

========================================================================
Received Import Request.
  Time since last request: 0.000044 seconds.
  path: Assets/Characters/Pro Melee Axe Pack/standing melee attack kick ver. 2.fbx
  artifactKey: Guid(479fedd722d0b6b4e95c9ed731ae9395) Importer(815301076,1909f56bfc062723c751e8b465ee728b)
Start importing Assets/Characters/Pro Melee Axe Pack/standing melee attack kick ver. 2.fbx using Guid(479fedd722d0b6b4e95c9ed731ae9395) Importer(815301076,1909f56bfc062723c751e8b465ee728b) (PreviewImporter) -> (artifact id: 'c2a52bde98f6a9c4dfda6e861a8b7eba') in 0.012202 seconds
Number of updated asset objects reloaded before import = 0Number of asset objects unloaded after import = 85

========================================================================
Received Import Request.
  Time since last request: 0.000046 seconds.
  path: Assets/Characters/Pro Melee Axe Pack/standing walk forward.fbx
  artifactKey: Guid(d31f1ad36cf53374bbe69e62a46cb81c) Importer(815301076,1909f56bfc062723c751e8b465ee728b)
Start importing Assets/Characters/Pro Melee Axe Pack/standing walk forward.fbx using Guid(d31f1ad36cf53374bbe69e62a46cb81c) Importer(815301076,1909f56bfc062723c751e8b465ee728b) (PreviewImporter) -> (artifact id: '340215f7184a16be8e93fd4e05ca2512') in 0.0111326 seconds
Number of updated asset objects reloaded before import = 0Number of asset objects unloaded after import = 85

========================================================================
Received Import Request.
  Time since last request: 0.000068 seconds.
  path: Assets/Characters/Pro Melee Axe Pack/unarmed run forward.fbx
  artifactKey: Guid(4c4c8791038dfe344b21dc177f441611) Importer(815301076,1909f56bfc062723c751e8b465ee728b)
Start importing Assets/Characters/Pro Melee Axe Pack/unarmed run forward.fbx using Guid(4c4c8791038dfe344b21dc177f441611) Importer(815301076,1909f56bfc062723c751e8b465ee728b) (PreviewImporter) -> (artifact id: 'e14740bea600677aae111052ae24d738') in 0.0079888 seconds
Number of updated asset objects reloaded before import = 0Number of asset objects unloaded after import = 85

========================================================================
Received Import Request.
  Time since last request: 0.278168 seconds.
  path: Assets/Characters/Pro Melee Axe Pack/standing block idle.fbx
  artifactKey: Guid(08777d2d51caddf41a2bf015afd05638) Importer(815301076,1909f56bfc062723c751e8b465ee728b)
Start importing Assets/Characters/Pro Melee Axe Pack/standing block idle.fbx using Guid(08777d2d51caddf41a2bf015afd05638) Importer(815301076,1909f56bfc062723c751e8b465ee728b) (PreviewImporter) -> (artifact id: 'c12082c5bf99c30819c47a078aa17e39') in 0.0076733 seconds
Number of updated asset objects reloaded before import = 0Number of asset objects unloaded after import = 85

========================================================================
Received Import Request.
  Time since last request: 0.000035 seconds.
  path: Assets/Characters/Pro Melee Axe Pack/standing idle.fbx
  artifactKey: Guid(2b98485260a18ad4dbc114f2b906f4bc) Importer(815301076,1909f56bfc062723c751e8b465ee728b)
Start importing Assets/Characters/Pro Melee Axe Pack/standing idle.fbx using Guid(2b98485260a18ad4dbc114f2b906f4bc) Importer(815301076,1909f56bfc062723c751e8b465ee728b) (PreviewImporter) -> (artifact id: '52b31b1f82f02faf0a546398447d6675') in 0.0097079 seconds
Number of updated asset objects reloaded before import = 0Number of asset objects unloaded after import = 85

========================================================================
Received Import Request.
  Time since last request: 35.447780 seconds.
  path: Assets/Characters/Pro Melee Axe Pack/unarmed turn left 90.fbx
  artifactKey: Guid(8d82a63b85c823243bd21361b253ebe6) Importer(815301076,1909f56bfc062723c751e8b465ee728b)
Start importing Assets/Characters/Pro Melee Axe Pack/unarmed turn left 90.fbx using Guid(8d82a63b85c823243bd21361b253ebe6) Importer(815301076,1909f56bfc062723c751e8b465ee728b) (PreviewImporter) -> (artifact id: '9766429f32c9e45bf572878462f2873e') in 0.0110913 seconds
Number of updated asset objects reloaded before import = 0Number of asset objects unloaded after import = 85

========================================================================
Received Import Request.
  Time since last request: 0.000051 seconds.
  path: Assets/Characters/Pro Melee Axe Pack/standing idle looking ver. 1.fbx
  artifactKey: Guid(f3430a52b5af9594e8694310ea86eafe) Importer(815301076,1909f56bfc062723c751e8b465ee728b)
Start importing Assets/Characters/Pro Melee Axe Pack/standing idle looking ver. 1.fbx using Guid(f3430a52b5af9594e8694310ea86eafe) Importer(815301076,1909f56bfc062723c751e8b465ee728b) (PreviewImporter) -> (artifact id: '1aad70feb9877cd15944195d53516ab6') in 0.0138758 seconds
Number of updated asset objects reloaded before import = 0Number of asset objects unloaded after import = 85

========================================================================
Received Import Request.
  Time since last request: 0.000041 seconds.
  path: Assets/Characters/Pro Melee Axe Pack/unarmed equip underarm.fbx
  artifactKey: Guid(9190e1902ed363c4a81c23d3c2dde20a) Importer(815301076,1909f56bfc062723c751e8b465ee728b)
Start importing Assets/Characters/Pro Melee Axe Pack/unarmed equip underarm.fbx using Guid(9190e1902ed363c4a81c23d3c2dde20a) Importer(815301076,1909f56bfc062723c751e8b465ee728b) (PreviewImporter) -> (artifact id: 'aec0843f367baa44467ef8f47e346b27') in 0.013882 seconds
Number of updated asset objects reloaded before import = 0Number of asset objects unloaded after import = 85

========================================================================
Received Import Request.
  Time since last request: 0.000068 seconds.
  path: Assets/Characters/Pro Melee Axe Pack/standing walk left.fbx
  artifactKey: Guid(78e5d9a506d7fe943897eb1294fe258a) Importer(815301076,1909f56bfc062723c751e8b465ee728b)
Start importing Assets/Characters/Pro Melee Axe Pack/standing walk left.fbx using Guid(78e5d9a506d7fe943897eb1294fe258a) Importer(815301076,1909f56bfc062723c751e8b465ee728b) (PreviewImporter) -> (artifact id: 'cd2fad4da09d91ee21fdaacafc0c3681') in 0.0079474 seconds
Number of updated asset objects reloaded before import = 0Number of asset objects unloaded after import = 85

========================================================================
Received Import Request.
  Time since last request: 0.000040 seconds.
  path: Assets/Characters/Pro Melee Axe Pack/unarmed jump running.fbx
  artifactKey: Guid(2987a886d85fe27468ecaf8470ce782a) Importer(815301076,1909f56bfc062723c751e8b465ee728b)
Start importing Assets/Characters/Pro Melee Axe Pack/unarmed jump running.fbx using Guid(2987a886d85fe27468ecaf8470ce782a) Importer(815301076,1909f56bfc062723c751e8b465ee728b) (PreviewImporter) -> (artifact id: 'b9f0e31b48df474b2e77ea19b2df1829') in 0.0089482 seconds
Number of updated asset objects reloaded before import = 0Number of asset objects unloaded after import = 85

========================================================================
Received Import Request.
  Time since last request: 0.000047 seconds.
  path: Assets/Characters/Pro Melee Axe Pack/standing turn right 90.fbx
  artifactKey: Guid(58cf9f80ae3d52941a8f5369bf540f59) Importer(815301076,1909f56bfc062723c751e8b465ee728b)
Start importing Assets/Characters/Pro Melee Axe Pack/standing turn right 90.fbx using Guid(58cf9f80ae3d52941a8f5369bf540f59) Importer(815301076,1909f56bfc062723c751e8b465ee728b) (PreviewImporter) -> (artifact id: 'a1be8ef30b8dcd108c989ffb1be38b61') in 0.0101351 seconds
Number of updated asset objects reloaded before import = 0Number of asset objects unloaded after import = 85

========================================================================
Received Import Request.
  Time since last request: 0.000053 seconds.
  path: Assets/Characters/Pro Melee Axe Pack/standing taunt battlecry.fbx
  artifactKey: Guid(8eb6ec4027b8f08489aea70b3d3542fc) Importer(815301076,1909f56bfc062723c751e8b465ee728b)
Start importing Assets/Characters/Pro Melee Axe Pack/standing taunt battlecry.fbx using Guid(8eb6ec4027b8f08489aea70b3d3542fc) Importer(815301076,1909f56bfc062723c751e8b465ee728b) (PreviewImporter) -> (artifact id: 'e94cea0d8bdf4094a084abd8f800eb7f') in 0.0076385 seconds
Number of updated asset objects reloaded before import = 0Number of asset objects unloaded after import = 85

========================================================================
Received Import Request.
  Time since last request: 0.000031 seconds.
  path: Assets/Characters/Pro Melee Axe Pack/unarmed run back.fbx
  artifactKey: Guid(a10e610255f0b2d4e9379587547c85da) Importer(815301076,1909f56bfc062723c751e8b465ee728b)
Start importing Assets/Characters/Pro Melee Axe Pack/unarmed run back.fbx using Guid(a10e610255f0b2d4e9379587547c85da) Importer(815301076,1909f56bfc062723c751e8b465ee728b) (PreviewImporter) -> (artifact id: '0b7143b6906a4bb5ae0f182f2c46e591') in 0.0072672 seconds
Number of updated asset objects reloaded before import = 0Number of asset objects unloaded after import = 85

========================================================================
Received Import Request.
  Time since last request: 0.000043 seconds.
  path: Assets/Characters/Pro Melee Axe Pack/standing melee attack backhand.fbx
  artifactKey: Guid(d9c4fac99d637164cae02b5695da8aaf) Importer(815301076,1909f56bfc062723c751e8b465ee728b)
Start importing Assets/Characters/Pro Melee Axe Pack/standing melee attack backhand.fbx using Guid(d9c4fac99d637164cae02b5695da8aaf) Importer(815301076,1909f56bfc062723c751e8b465ee728b) (PreviewImporter) -> (artifact id: '903c366f9e22071318a5bd193befc266') in 0.0074771 seconds
Number of updated asset objects reloaded before import = 0Number of asset objects unloaded after import = 85

========================================================================
Received Import Request.
  Time since last request: 0.000045 seconds.
  path: Assets/Characters/Pro Melee Axe Pack/standing walk forward.fbx
  artifactKey: Guid(d31f1ad36cf53374bbe69e62a46cb81c) Importer(815301076,1909f56bfc062723c751e8b465ee728b)
Start importing Assets/Characters/Pro Melee Axe Pack/standing walk forward.fbx using Guid(d31f1ad36cf53374bbe69e62a46cb81c) Importer(815301076,1909f56bfc062723c751e8b465ee728b) (PreviewImporter) -> (artifact id: '6dcdead995a480d2ca9ae9e29852d7e1') in 0.0081464 seconds
Number of updated asset objects reloaded before import = 0Number of asset objects unloaded after import = 85

========================================================================
Received Import Request.
  Time since last request: 10.065548 seconds.
  path: Assets/Characters/Pro Melee Axe Pack/standing idle looking ver. 1.fbx
  artifactKey: Guid(f3430a52b5af9594e8694310ea86eafe) Importer(815301076,1909f56bfc062723c751e8b465ee728b)
Start importing Assets/Characters/Pro Melee Axe Pack/standing idle looking ver. 1.fbx using Guid(f3430a52b5af9594e8694310ea86eafe) Importer(815301076,1909f56bfc062723c751e8b465ee728b) (PreviewImporter) -> (artifact id: '90d983db73095de2bd532d5ee1f12064') in 0.0106594 seconds
Number of updated asset objects reloaded before import = 0Number of asset objects unloaded after import = 84

========================================================================
Received Import Request.
  Time since last request: 0.000036 seconds.
  path: Assets/Characters/Pro Melee Axe Pack/unarmed turn left 90.fbx
  artifactKey: Guid(8d82a63b85c823243bd21361b253ebe6) Importer(815301076,1909f56bfc062723c751e8b465ee728b)
Start importing Assets/Characters/Pro Melee Axe Pack/unarmed turn left 90.fbx using Guid(8d82a63b85c823243bd21361b253ebe6) Importer(815301076,1909f56bfc062723c751e8b465ee728b) (PreviewImporter) -> (artifact id: '38fdb7471ce904cb1a0add2c7da6a014') in 0.0077985 seconds
Number of updated asset objects reloaded before import = 0Number of asset objects unloaded after import = 84

========================================================================
Received Import Request.
  Time since last request: 0.000038 seconds.
  path: Assets/Characters/Pro Melee Axe Pack/unarmed idle looking ver. 2.fbx
  artifactKey: Guid(377627a491ca41f43afc8272e73625bd) Importer(815301076,1909f56bfc062723c751e8b465ee728b)
Start importing Assets/Characters/Pro Melee Axe Pack/unarmed idle looking ver. 2.fbx using Guid(377627a491ca41f43afc8272e73625bd) Importer(815301076,1909f56bfc062723c751e8b465ee728b) (PreviewImporter) -> (artifact id: 'dbd99c053622ab37beb4e6b1ba8c9501') in 0.007689 seconds
Number of updated asset objects reloaded before import = 0Number of asset objects unloaded after import = 84

========================================================================
Received Import Request.
  Time since last request: 0.000050 seconds.
  path: Assets/Characters/Pro Melee Axe Pack/standing react large from left.fbx
  artifactKey: Guid(60bd00f3e2d283c498130e904ca19ac3) Importer(815301076,1909f56bfc062723c751e8b465ee728b)
Start importing Assets/Characters/Pro Melee Axe Pack/standing react large from left.fbx using Guid(60bd00f3e2d283c498130e904ca19ac3) Importer(815301076,1909f56bfc062723c751e8b465ee728b) (PreviewImporter) -> (artifact id: '5a0c5707423e55b1e2f4086743ff834b') in 0.0064193 seconds
Number of updated asset objects reloaded before import = 0Number of asset objects unloaded after import = 84

========================================================================
Received Import Request.
  Time since last request: 0.000047 seconds.
  path: Assets/Characters/Pro Melee Axe Pack/standing turn left 90.fbx
  artifactKey: Guid(1b2c49742057bad4d96959ce93a0de0f) Importer(815301076,1909f56bfc062723c751e8b465ee728b)
Start importing Assets/Characters/Pro Melee Axe Pack/standing turn left 90.fbx using Guid(1b2c49742057bad4d96959ce93a0de0f) Importer(815301076,1909f56bfc062723c751e8b465ee728b) (PreviewImporter) -> (artifact id: 'f963885806f222faef141b7b15e9b7b9') in 0.0082259 seconds
Number of updated asset objects reloaded before import = 0Number of asset objects unloaded after import = 84

========================================================================
Received Import Request.
  Time since last request: 0.000044 seconds.
  path: Assets/Characters/Pro Melee Axe Pack/unarmed idle.fbx
  artifactKey: Guid(862da5c155b638345ba1954cc113075e) Importer(815301076,1909f56bfc062723c751e8b465ee728b)
Start importing Assets/Characters/Pro Melee Axe Pack/unarmed idle.fbx using Guid(862da5c155b638345ba1954cc113075e) Importer(815301076,1909f56bfc062723c751e8b465ee728b) (PreviewImporter) -> (artifact id: 'e33e42607f157bfd51b5cb6c1a59f024') in 0.0072545 seconds
Number of updated asset objects reloaded before import = 0Number of asset objects unloaded after import = 84

========================================================================
Received Import Request.
  Time since last request: 0.000050 seconds.
  path: Assets/Characters/Pro Melee Axe Pack/standing melee combo attack ver. 1.fbx
  artifactKey: Guid(328a8479bd5de9843b0b03268cff42a1) Importer(815301076,1909f56bfc062723c751e8b465ee728b)
Start importing Assets/Characters/Pro Melee Axe Pack/standing melee combo attack ver. 1.fbx using Guid(328a8479bd5de9843b0b03268cff42a1) Importer(815301076,1909f56bfc062723c751e8b465ee728b) (PreviewImporter) -> (artifact id: 'ab216adae8a5b01d00973a327016b467') in 0.0109676 seconds
Number of updated asset objects reloaded before import = 0Number of asset objects unloaded after import = 84

========================================================================
Received Import Request.
  Time since last request: 0.000038 seconds.
  path: Assets/Characters/Pro Melee Axe Pack/unarmed idle looking ver. 1.fbx
  artifactKey: Guid(b689f5f5ed3d89647bbbc8ac16db8026) Importer(815301076,1909f56bfc062723c751e8b465ee728b)
Start importing Assets/Characters/Pro Melee Axe Pack/unarmed idle looking ver. 1.fbx using Guid(b689f5f5ed3d89647bbbc8ac16db8026) Importer(815301076,1909f56bfc062723c751e8b465ee728b) (PreviewImporter) -> (artifact id: '3e43e4164b35707082fd0af903c8859b') in 0.0058351 seconds
Number of updated asset objects reloaded before import = 0Number of asset objects unloaded after import = 84

========================================================================
Received Import Request.
  Time since last request: 0.000071 seconds.
  path: Assets/Characters/Pro Melee Axe Pack/standing melee attack kick ver. 2.fbx
  artifactKey: Guid(479fedd722d0b6b4e95c9ed731ae9395) Importer(815301076,1909f56bfc062723c751e8b465ee728b)
Start importing Assets/Characters/Pro Melee Axe Pack/standing melee attack kick ver. 2.fbx using Guid(479fedd722d0b6b4e95c9ed731ae9395) Importer(815301076,1909f56bfc062723c751e8b465ee728b) (PreviewImporter) -> (artifact id: 'ff80ca44399d8c4bc0ba6e41567401ae') in 0.0057508 seconds
Number of updated asset objects reloaded before import = 0Number of asset objects unloaded after import = 84

========================================================================
Received Import Request.
  Time since last request: 0.000036 seconds.
  path: Assets/Characters/Pro Melee Axe Pack/unarmed run forward.fbx
  artifactKey: Guid(4c4c8791038dfe344b21dc177f441611) Importer(815301076,1909f56bfc062723c751e8b465ee728b)
Start importing Assets/Characters/Pro Melee Axe Pack/unarmed run forward.fbx using Guid(4c4c8791038dfe344b21dc177f441611) Importer(815301076,1909f56bfc062723c751e8b465ee728b) (PreviewImporter) -> (artifact id: '67b63ce3f6a5248c71d58f23956e6893') in 0.0057214 seconds
Number of updated asset objects reloaded before import = 0Number of asset objects unloaded after import = 84

========================================================================
Received Import Request.
  Time since last request: 9.810886 seconds.
  path: Assets/Characters/Pro Melee Axe Pack/untitled.fbx
  artifactKey: Guid(1f93afb6d16660d4084abc239b5eb7fd) Importer(815301076,1909f56bfc062723c751e8b465ee728b)
Start importing Assets/Characters/Pro Melee Axe Pack/untitled.fbx using Guid(1f93afb6d16660d4084abc239b5eb7fd) Importer(815301076,1909f56bfc062723c751e8b465ee728b) (PreviewImporter) -> (artifact id: 'de3db1cda7ec9614aee08c08a76347db') in 0.1069294 seconds
Number of updated asset objects reloaded before import = 0Number of asset objects unloaded after import = 103

========================================================================
Received Import Request.
  Time since last request: 2.014510 seconds.
  path: Assets/Characters/Pro Melee Axe Pack/standing block idle.fbx
  artifactKey: Guid(08777d2d51caddf41a2bf015afd05638) Importer(815301076,1909f56bfc062723c751e8b465ee728b)
Start importing Assets/Characters/Pro Melee Axe Pack/standing block idle.fbx using Guid(08777d2d51caddf41a2bf015afd05638) Importer(815301076,1909f56bfc062723c751e8b465ee728b) (PreviewImporter) -> (artifact id: '1704f081d32bf37294fb9a6cc4a72b82') in 0.0105882 seconds
Number of updated asset objects reloaded before import = 0Number of asset objects unloaded after import = 84

========================================================================
Received Import Request.
  Time since last request: 10.612941 seconds.
  path: Assets/Characters/Pro Melee Axe Pack/unarmed turn left 90.fbx
  artifactKey: Guid(8d82a63b85c823243bd21361b253ebe6) Importer(815301076,1909f56bfc062723c751e8b465ee728b)
Start importing Assets/Characters/Pro Melee Axe Pack/unarmed turn left 90.fbx using Guid(8d82a63b85c823243bd21361b253ebe6) Importer(815301076,1909f56bfc062723c751e8b465ee728b) (PreviewImporter) -> (artifact id: '78ca9f69cc6ccc1fc77f60ac3757c624') in 0.0058302 seconds
Number of updated asset objects reloaded before import = 0Number of asset objects unloaded after import = 87

========================================================================
Received Import Request.
  Time since last request: 0.068948 seconds.
  path: Assets/Characters/Pro Melee Axe Pack/standing idle looking ver. 1.fbx
  artifactKey: Guid(f3430a52b5af9594e8694310ea86eafe) Importer(815301076,1909f56bfc062723c751e8b465ee728b)
Start importing Assets/Characters/Pro Melee Axe Pack/standing idle looking ver. 1.fbx using Guid(f3430a52b5af9594e8694310ea86eafe) Importer(815301076,1909f56bfc062723c751e8b465ee728b) (PreviewImporter) -> (artifact id: '350627f857b80f8dd4b074382ba0d790') in 0.0061352 seconds
Number of updated asset objects reloaded before import = 0Number of asset objects unloaded after import = 87

========================================================================
Received Import Request.
  Time since last request: 0.000040 seconds.
  path: Assets/Characters/Pro Melee Axe Pack/unarmed walk forward.fbx
  artifactKey: Guid(dd38faca8a5ba114ba0bd8a0dbdc42e6) Importer(815301076,1909f56bfc062723c751e8b465ee728b)
Start importing Assets/Characters/Pro Melee Axe Pack/unarmed walk forward.fbx using Guid(dd38faca8a5ba114ba0bd8a0dbdc42e6) Importer(815301076,1909f56bfc062723c751e8b465ee728b) (PreviewImporter) -> (artifact id: 'c5f76f9ac950047642232dc4496bf422') in 0.0062297 seconds
Number of updated asset objects reloaded before import = 0Number of asset objects unloaded after import = 87

========================================================================
Received Import Request.
  Time since last request: 0.000087 seconds.
  path: Assets/Characters/Pro Melee Axe Pack/unarmed idle looking ver. 2.fbx
  artifactKey: Guid(377627a491ca41f43afc8272e73625bd) Importer(815301076,1909f56bfc062723c751e8b465ee728b)
Start importing Assets/Characters/Pro Melee Axe Pack/unarmed idle looking ver. 2.fbx using Guid(377627a491ca41f43afc8272e73625bd) Importer(815301076,1909f56bfc062723c751e8b465ee728b) (PreviewImporter) -> (artifact id: 'cfb389945f4207f0919de17c6fd9cdf8') in 0.0074906 seconds
Number of updated asset objects reloaded before import = 0Number of asset objects unloaded after import = 87

========================================================================
Received Import Request.
  Time since last request: 0.000043 seconds.
  path: Assets/Characters/Pro Melee Axe Pack/standing walk left.fbx
  artifactKey: Guid(78e5d9a506d7fe943897eb1294fe258a) Importer(815301076,1909f56bfc062723c751e8b465ee728b)
Start importing Assets/Characters/Pro Melee Axe Pack/standing walk left.fbx using Guid(78e5d9a506d7fe943897eb1294fe258a) Importer(815301076,1909f56bfc062723c751e8b465ee728b) (PreviewImporter) -> (artifact id: '905bc8e528267e88881f3366ec917348') in 0.0062634 seconds
Number of updated asset objects reloaded before import = 0Number of asset objects unloaded after import = 87

========================================================================
Received Import Request.
  Time since last request: 0.000044 seconds.
  path: Assets/Characters/Pro Melee Axe Pack/unarmed jump running.fbx
  artifactKey: Guid(2987a886d85fe27468ecaf8470ce782a) Importer(815301076,1909f56bfc062723c751e8b465ee728b)
Start importing Assets/Characters/Pro Melee Axe Pack/unarmed jump running.fbx using Guid(2987a886d85fe27468ecaf8470ce782a) Importer(815301076,1909f56bfc062723c751e8b465ee728b) (PreviewImporter) -> (artifact id: '73e1cc35a40b830d3311f1a043bf9035') in 0.0054227 seconds
Number of updated asset objects reloaded before import = 0Number of asset objects unloaded after import = 87

========================================================================
Received Import Request.
  Time since last request: 0.000048 seconds.
  path: Assets/Characters/Pro Melee Axe Pack/standing turn right 90.fbx
  artifactKey: Guid(58cf9f80ae3d52941a8f5369bf540f59) Importer(815301076,1909f56bfc062723c751e8b465ee728b)
Start importing Assets/Characters/Pro Melee Axe Pack/standing turn right 90.fbx using Guid(58cf9f80ae3d52941a8f5369bf540f59) Importer(815301076,1909f56bfc062723c751e8b465ee728b) (PreviewImporter) -> (artifact id: '9f06115a46c623523573e6597bec9724') in 0.0073654 seconds
Number of updated asset objects reloaded before import = 0Number of asset objects unloaded after import = 87

========================================================================
Received Import Request.
  Time since last request: 0.000041 seconds.
  path: Assets/Characters/Pro Melee Axe Pack/standing walk right.fbx
  artifactKey: Guid(23cefbd08460dc645ba856eab35f3620) Importer(815301076,1909f56bfc062723c751e8b465ee728b)
Start importing Assets/Characters/Pro Melee Axe Pack/standing walk right.fbx using Guid(23cefbd08460dc645ba856eab35f3620) Importer(815301076,1909f56bfc062723c751e8b465ee728b) (PreviewImporter) -> (artifact id: '36ba2f121fd1ff8b6864625efd1431bd') in 0.0056836 seconds
Number of updated asset objects reloaded before import = 0Number of asset objects unloaded after import = 87

========================================================================
Received Import Request.
  Time since last request: 0.000043 seconds.
  path: Assets/Characters/Pro Melee Axe Pack/unarmed run back.fbx
  artifactKey: Guid(a10e610255f0b2d4e9379587547c85da) Importer(815301076,1909f56bfc062723c751e8b465ee728b)
Start importing Assets/Characters/Pro Melee Axe Pack/unarmed run back.fbx using Guid(a10e610255f0b2d4e9379587547c85da) Importer(815301076,1909f56bfc062723c751e8b465ee728b) (PreviewImporter) -> (artifact id: '3e2651fade141fe5d1a35bfd2d1f263c') in 0.0053826 seconds
Number of updated asset objects reloaded before import = 0Number of asset objects unloaded after import = 87

========================================================================
Received Import Request.
  Time since last request: 0.000061 seconds.
  path: Assets/Characters/Pro Melee Axe Pack/standing melee attack backhand.fbx
  artifactKey: Guid(d9c4fac99d637164cae02b5695da8aaf) Importer(815301076,1909f56bfc062723c751e8b465ee728b)
Start importing Assets/Characters/Pro Melee Axe Pack/standing melee attack backhand.fbx using Guid(d9c4fac99d637164cae02b5695da8aaf) Importer(815301076,1909f56bfc062723c751e8b465ee728b) (PreviewImporter) -> (artifact id: '463091fdedd759fd13e075a2e8872a33') in 0.0063451 seconds
Number of updated asset objects reloaded before import = 0Number of asset objects unloaded after import = 87

========================================================================
Received Import Request.
  Time since last request: 0.000039 seconds.
  path: Assets/Characters/Pro Melee Axe Pack/standing walk forward.fbx
  artifactKey: Guid(d31f1ad36cf53374bbe69e62a46cb81c) Importer(815301076,1909f56bfc062723c751e8b465ee728b)
Start importing Assets/Characters/Pro Melee Axe Pack/standing walk forward.fbx using Guid(d31f1ad36cf53374bbe69e62a46cb81c) Importer(815301076,1909f56bfc062723c751e8b465ee728b) (PreviewImporter) -> (artifact id: '9e97716338234c4655cdb7732ea8e1be') in 0.006463 seconds
Number of updated asset objects reloaded before import = 0Number of asset objects unloaded after import = 87

========================================================================
Received Import Request.
  Time since last request: 5.005367 seconds.
  path: Assets/Characters/Pro Melee Axe Pack/standing block idle.fbx
  artifactKey: Guid(08777d2d51caddf41a2bf015afd05638) Importer(815301076,1909f56bfc062723c751e8b465ee728b)
Start importing Assets/Characters/Pro Melee Axe Pack/standing block idle.fbx using Guid(08777d2d51caddf41a2bf015afd05638) Importer(815301076,1909f56bfc062723c751e8b465ee728b) (PreviewImporter) -> (artifact id: '140ff163774d8b52a916244f77fb7d03') in 0.0064756 seconds
Number of updated asset objects reloaded before import = 0Number of asset objects unloaded after import = 87

========================================================================
Received Import Request.
  Time since last request: 50.173546 seconds.
  path: Assets/Characters/Pro Melee Axe Pack/New Animator Controller.controller
  artifactKey: Guid(87ab3dbb18f4ace4e9254b9d4cf9cc35) Importer(815301076,1909f56bfc062723c751e8b465ee728b)
Start importing Assets/Characters/Pro Melee Axe Pack/New Animator Controller.controller using Guid(87ab3dbb18f4ace4e9254b9d4cf9cc35) Importer(815301076,1909f56bfc062723c751e8b465ee728b) (PreviewImporter) -> (artifact id: '77b8ae5799b4ae1c55666a53d62b9968') in 0.0018873 seconds
Number of updated asset objects reloaded before import = 0Number of asset objects unloaded after import = 2

