Using pre-set license
Built from '6000.0/staging' branch; Version is '6000.0.42f1 (feb9a7235030) revision 16693671'; Using compiler version '193933523'; Build Type 'Release'
OS: 'Windows 10  (10.0.19045) 64bit ProfessionalWorkstation' Language: 'ru' Physical Memory: 15483 MB
BatchMode: 1, IsHumanControllingUs: 0, StartBugReporterOnCrash: 0, Is64bit: 1, IsPro: 1

COMMAND LINE ARGUMENTS:
C:\Program Files\Unity\Hub\Editor\6000.0.42f1-x86_64\Editor\Unity.exe
-adb2
-batchMode
-noUpm
-name
AssetImportWorker9
-projectPath
C:/Users/User794/Documents/My Games/A3DSlesher/URP3DSlesher
-logFile
Logs/AssetImportWorker9.log
-srvPort
49443
-job-worker-count
7
-background-job-worker-count
8
-gc-helper-count
1
Successfully changed project path to: C:/Users/User794/Documents/My Games/A3DSlesher/URP3DSlesher
C:/Users/User794/Documents/My Games/A3DSlesher/URP3DSlesher
[UnityMemory] Configuration Parameters - Can be set up in boot.config
    "memorysetup-bucket-allocator-granularity=16"
    "memorysetup-bucket-allocator-bucket-count=8"
    "memorysetup-bucket-allocator-block-size=33554432"
    "memorysetup-bucket-allocator-block-count=8"
    "memorysetup-main-allocator-block-size=16777216"
    "memorysetup-thread-allocator-block-size=16777216"
    "memorysetup-gfx-main-allocator-block-size=16777216"
    "memorysetup-gfx-thread-allocator-block-size=16777216"
    "memorysetup-cache-allocator-block-size=4194304"
    "memorysetup-typetree-allocator-block-size=2097152"
    "memorysetup-profiler-bucket-allocator-granularity=16"
    "memorysetup-profiler-bucket-allocator-bucket-count=8"
    "memorysetup-profiler-bucket-allocator-block-size=33554432"
    "memorysetup-profiler-bucket-allocator-block-count=8"
    "memorysetup-profiler-allocator-block-size=16777216"
    "memorysetup-profiler-editor-allocator-block-size=1048576"
    "memorysetup-temp-allocator-size-main=16777216"
    "memorysetup-job-temp-allocator-block-size=2097152"
    "memorysetup-job-temp-allocator-block-size-background=1048576"
    "memorysetup-job-temp-allocator-reduction-small-platforms=262144"
    "memorysetup-allocator-temp-initial-block-size-main=262144"
    "memorysetup-allocator-temp-initial-block-size-worker=262144"
    "memorysetup-temp-allocator-size-background-worker=32768"
    "memorysetup-temp-allocator-size-job-worker=262144"
    "memorysetup-temp-allocator-size-preload-manager=33554432"
    "memorysetup-temp-allocator-size-nav-mesh-worker=65536"
    "memorysetup-temp-allocator-size-audio-worker=65536"
    "memorysetup-temp-allocator-size-cloud-worker=32768"
    "memorysetup-temp-allocator-size-gi-baking-worker=262144"
    "memorysetup-temp-allocator-size-gi-baking-worker=262144"
    "memorysetup-temp-allocator-size-gi-baking-worker=262144"
    "memorysetup-temp-allocator-size-gi-baking-worker=262144"
    "memorysetup-temp-allocator-size-gi-baking-worker=262144"
    "memorysetup-temp-allocator-size-gfx=262144"
Player connection [11528]  Target information:

Player connection [11528]  * "[IP] 192.168.200.232 [Port] 0 [Flags] 2 [Guid] 2322393846 [EditorId] 2322393846 [Version] 1048832 [Id] WindowsEditor(7,DESKTOP-FPB70SL) [Debug] 1 [PackageName] WindowsEditor [ProjectName] Editor" 

Player connection [11528] Host joined multi-casting on [225.0.0.222:54997]...
Player connection [11528] Host joined alternative multi-casting on [225.0.0.222:34997]...
JobSystem: Creating JobQueue using job-worker-count value 7
Input System module state changed to: Initialized.
[Physics::Module] Initialized fallback backend.
[Physics::Module] Id: 0xdecafbad
Library Redirect Path: Library/
[Physics::Module] Selected backend.
[Physics::Module] Name: PhysX
[Physics::Module] Id: 0xf2b8ea05
[Physics::Module] SDK Version: 4.1.2
[Physics::Module] Integration Version: 1.0.0
[Physics::Module] Threading Mode: Multi-Threaded
Refreshing native plugins compatible for Editor in 2.16 ms, found 3 plugins.
Preloading 0 native plugins for Editor in 0.00 ms.
Initialize engine version: 6000.0.42f1 (feb9a7235030)
[Subsystems] Discovering subsystems at path C:/Program Files/Unity/Hub/Editor/6000.0.42f1-x86_64/Editor/Data/Resources/UnitySubsystems
[Subsystems] Discovering subsystems at path C:/Users/User794/Documents/My Games/A3DSlesher/URP3DSlesher/Assets
GfxDevice: creating device client; kGfxThreadingModeNonThreaded
Direct3D:
    Version:  Direct3D 11.0 [level 11.1]
    Renderer: AMD Radeon 780M Graphics (ID=0x15bf)
    Vendor:   ATI
    VRAM:     7741 MB
    Driver:   32.0.11029.1008
Initialize mono
Mono path[0] = 'C:/Program Files/Unity/Hub/Editor/6000.0.42f1-x86_64/Editor/Data/Managed'
Mono path[1] = 'C:/Program Files/Unity/Hub/Editor/6000.0.42f1-x86_64/Editor/Data/MonoBleedingEdge/lib/mono/unityjit-win32'
Mono config path = 'C:/Program Files/Unity/Hub/Editor/6000.0.42f1-x86_64/Editor/Data/MonoBleedingEdge/etc'
Using monoOptions --debugger-agent=transport=dt_socket,embedding=1,server=y,suspend=n,address=127.0.0.1:56256
Begin MonoManager ReloadAssembly
Registering precompiled unity dll's ...
Register platform support module: C:/Program Files/Unity/Hub/Editor/6000.0.42f1-x86_64/Editor/Data/PlaybackEngines/WindowsStandaloneSupport/UnityEditor.WindowsStandalone.Extensions.dll
Trying to register platform support module: C:/Program Files/Unity/Hub/Editor/6000.0.42f1-x86_64/Editor/Data/PlaybackEngines/AndroidPlayer/UnityEditor.Android.Extensions.dll (that doesn't exist). Retrying without overrides.
Platform support module is not available: C:/Program Files/Unity/Hub/Editor/6000.0.42f1-x86_64/Editor/Data/PlaybackEngines/AndroidPlayer/UnityEditor.Android.Extensions.dll
Registered in 0.004408 seconds.
- Loaded All Assemblies, in  0.929 seconds
Native extension for WindowsStandalone target not found
Mono: successfully reloaded assembly
- Finished resetting the current domain, in  0.430 seconds
Domain Reload Profiling: 1358ms
	BeginReloadAssembly (215ms)
		ExecutionOrderSort (0ms)
		DisableScriptedObjects (0ms)
		BackupInstance (0ms)
		ReleaseScriptingObjects (0ms)
		CreateAndSetChildDomain (1ms)
	RebuildCommonClasses (51ms)
	RebuildNativeTypeToScriptingClass (15ms)
	initialDomainReloadingComplete (72ms)
	LoadAllAssembliesAndSetupDomain (574ms)
		LoadAssemblies (212ms)
		RebuildTransferFunctionScriptingTraits (0ms)
		AnalyzeDomain (569ms)
			TypeCache.Refresh (568ms)
				TypeCache.ScanAssembly (527ms)
			BuildScriptInfoCaches (0ms)
			ResolveRequiredComponents (0ms)
	FinalizeReload (431ms)
		ReleaseScriptCaches (0ms)
		RebuildScriptCaches (0ms)
		SetupLoadedEditorAssemblies (364ms)
			LogAssemblyErrors (0ms)
			InitializePlatformSupportModulesInManaged (28ms)
			SetLoadedEditorAssemblies (5ms)
			BeforeProcessingInitializeOnLoad (70ms)
			ProcessInitializeOnLoadAttributes (192ms)
			ProcessInitializeOnLoadMethodAttributes (68ms)
			AfterProcessingInitializeOnLoad (0ms)
			EditorAssembliesLoaded (0ms)
		ExecutionOrderSort2 (0ms)
		AwakeInstancesAfterBackupRestoration (0ms)
========================================================================
Worker process is ready to serve import requests
Import Worker Mode flag is 0x00
Begin MonoManager ReloadAssembly
Symbol file LoadedFromMemory is not a mono symbol file
- Loaded All Assemblies, in  1.279 seconds
Refreshing native plugins compatible for Editor in 1.43 ms, found 3 plugins.
Native extension for WindowsStandalone target not found
Mono: successfully reloaded assembly
- Finished resetting the current domain, in  1.147 seconds
Domain Reload Profiling: 2420ms
	BeginReloadAssembly (232ms)
		ExecutionOrderSort (0ms)
		DisableScriptedObjects (7ms)
		BackupInstance (0ms)
		ReleaseScriptingObjects (0ms)
		CreateAndSetChildDomain (56ms)
	RebuildCommonClasses (52ms)
	RebuildNativeTypeToScriptingClass (15ms)
	initialDomainReloadingComplete (54ms)
	LoadAllAssembliesAndSetupDomain (921ms)
		LoadAssemblies (565ms)
		RebuildTransferFunctionScriptingTraits (0ms)
		AnalyzeDomain (486ms)
			TypeCache.Refresh (377ms)
				TypeCache.ScanAssembly (302ms)
			BuildScriptInfoCaches (88ms)
			ResolveRequiredComponents (16ms)
	FinalizeReload (1147ms)
		ReleaseScriptCaches (0ms)
		RebuildScriptCaches (0ms)
		SetupLoadedEditorAssemblies (921ms)
			LogAssemblyErrors (0ms)
			InitializePlatformSupportModulesInManaged (3ms)
			SetLoadedEditorAssemblies (9ms)
			BeforeProcessingInitializeOnLoad (179ms)
			ProcessInitializeOnLoadAttributes (575ms)
			ProcessInitializeOnLoadMethodAttributes (147ms)
			AfterProcessingInitializeOnLoad (8ms)
			EditorAssembliesLoaded (1ms)
		ExecutionOrderSort2 (0ms)
		AwakeInstancesAfterBackupRestoration (7ms)
Launched and connected shader compiler UnityShaderCompiler.exe after 0.01 seconds
Refreshing native plugins compatible for Editor in 1.49 ms, found 3 plugins.
Preloading 0 native plugins for Editor in 0.00 ms.
Unloading 243 Unused Serialized files (Serialized files now loaded: 0)
Unloading 7512 unused Assets / (5.7 MB). Loaded Objects now: 8245.
Memory consumption went from 181.1 MB to 175.4 MB.
Total: 19.404400 ms (FindLiveObjects: 2.700600 ms CreateObjectMapping: 1.011800 ms MarkObjects: 9.796500 ms  DeleteObjects: 5.893800 ms)

========================================================================
Received Import Request.
  Time since last request: 372580.630824 seconds.
  path: Assets/Characters/Pro Melee Axe Pack/standing jump.fbx
  artifactKey: Guid(dfd40ec11f50af64b8e707fe41522d42) Importer(815301076,1909f56bfc062723c751e8b465ee728b)
Start importing Assets/Characters/Pro Melee Axe Pack/standing jump.fbx using Guid(dfd40ec11f50af64b8e707fe41522d42) Importer(815301076,1909f56bfc062723c751e8b465ee728b) (PreviewImporter) -> (artifact id: '79a3407f7304b95a1592a080abc57d5a') in 0.0666656 seconds
Number of updated asset objects reloaded before import = 0Number of asset objects unloaded after import = 85

========================================================================
Received Import Request.
  Time since last request: 0.000036 seconds.
  path: Assets/Characters/Pro Melee Axe Pack/standing melee attack kick ver. 1.fbx
  artifactKey: Guid(7766d01d977ee2f47864ac31f0c87b74) Importer(815301076,1909f56bfc062723c751e8b465ee728b)
Start importing Assets/Characters/Pro Melee Axe Pack/standing melee attack kick ver. 1.fbx using Guid(7766d01d977ee2f47864ac31f0c87b74) Importer(815301076,1909f56bfc062723c751e8b465ee728b) (PreviewImporter) -> (artifact id: 'fe8e91218728afb1df4a92b343d1669d') in 0.0053227 seconds
Number of updated asset objects reloaded before import = 0Number of asset objects unloaded after import = 85

========================================================================
Received Import Request.
  Time since last request: 0.000035 seconds.
  path: Assets/Characters/Pro Melee Axe Pack/standing melee run jump attack.fbx
  artifactKey: Guid(3b5daaca52789ba49ae6a260d54d6a80) Importer(815301076,1909f56bfc062723c751e8b465ee728b)
Start importing Assets/Characters/Pro Melee Axe Pack/standing melee run jump attack.fbx using Guid(3b5daaca52789ba49ae6a260d54d6a80) Importer(815301076,1909f56bfc062723c751e8b465ee728b) (PreviewImporter) -> (artifact id: 'cc576687cff06904f886f6f0128fe7de') in 0.0063013 seconds
Number of updated asset objects reloaded before import = 0Number of asset objects unloaded after import = 85

========================================================================
Received Import Request.
  Time since last request: 0.000030 seconds.
  path: Assets/Characters/Pro Melee Axe Pack/standing run forward.fbx
  artifactKey: Guid(b5bf9084bfe526747bdac1e771691acd) Importer(815301076,1909f56bfc062723c751e8b465ee728b)
Start importing Assets/Characters/Pro Melee Axe Pack/standing run forward.fbx using Guid(b5bf9084bfe526747bdac1e771691acd) Importer(815301076,1909f56bfc062723c751e8b465ee728b) (PreviewImporter) -> (artifact id: 'd40f2b048e2353fbb3b0b0fe19061cf3') in 0.00635 seconds
Number of updated asset objects reloaded before import = 0Number of asset objects unloaded after import = 85

========================================================================
Received Import Request.
  Time since last request: 0.000019 seconds.
  path: Assets/Characters/Pro Melee Axe Pack/standing react large from right.fbx
  artifactKey: Guid(d1caa122d53973a43a8327aefef634ac) Importer(815301076,1909f56bfc062723c751e8b465ee728b)
Start importing Assets/Characters/Pro Melee Axe Pack/standing react large from right.fbx using Guid(d1caa122d53973a43a8327aefef634ac) Importer(815301076,1909f56bfc062723c751e8b465ee728b) (PreviewImporter) -> (artifact id: '8f1f1d609d65f5dfe707276d04488932') in 0.0101902 seconds
Number of updated asset objects reloaded before import = 0Number of asset objects unloaded after import = 85

========================================================================
Received Import Request.
  Time since last request: 0.000018 seconds.
  path: Assets/Characters/Pro Melee Axe Pack/standing walk right.fbx
  artifactKey: Guid(23cefbd08460dc645ba856eab35f3620) Importer(815301076,1909f56bfc062723c751e8b465ee728b)
Start importing Assets/Characters/Pro Melee Axe Pack/standing walk right.fbx using Guid(23cefbd08460dc645ba856eab35f3620) Importer(815301076,1909f56bfc062723c751e8b465ee728b) (PreviewImporter) -> (artifact id: 'dab5cc094862f8e055cbe16cec7531c6') in 0.005736 seconds
Number of updated asset objects reloaded before import = 0Number of asset objects unloaded after import = 85

========================================================================
Received Import Request.
  Time since last request: 0.000020 seconds.
  path: Assets/Characters/Pro Melee Axe Pack/standing react large gut.fbx
  artifactKey: Guid(e829f8999fc271a40969ed4c6bcb08c6) Importer(815301076,1909f56bfc062723c751e8b465ee728b)
Start importing Assets/Characters/Pro Melee Axe Pack/standing react large gut.fbx using Guid(e829f8999fc271a40969ed4c6bcb08c6) Importer(815301076,1909f56bfc062723c751e8b465ee728b) (PreviewImporter) -> (artifact id: 'e9995cb43f76359b029dfee7bfc27031') in 0.0054589 seconds
Number of updated asset objects reloaded before import = 0Number of asset objects unloaded after import = 85

========================================================================
Received Import Request.
  Time since last request: 0.000032 seconds.
  path: Assets/Characters/Pro Melee Axe Pack/standing taunt chest thump.fbx
  artifactKey: Guid(15988d7f9083c2f4c974e133951aaf9d) Importer(815301076,1909f56bfc062723c751e8b465ee728b)
Start importing Assets/Characters/Pro Melee Axe Pack/standing taunt chest thump.fbx using Guid(15988d7f9083c2f4c974e133951aaf9d) Importer(815301076,1909f56bfc062723c751e8b465ee728b) (PreviewImporter) -> (artifact id: '95d1140d2b3d9a04c2ba2e110bad7374') in 0.0056186 seconds
Number of updated asset objects reloaded before import = 0Number of asset objects unloaded after import = 85

========================================================================
Received Import Request.
  Time since last request: 0.000040 seconds.
  path: Assets/Characters/Pro Melee Axe Pack/standing melee attack kick ver. 2.fbx
  artifactKey: Guid(479fedd722d0b6b4e95c9ed731ae9395) Importer(815301076,1909f56bfc062723c751e8b465ee728b)
Start importing Assets/Characters/Pro Melee Axe Pack/standing melee attack kick ver. 2.fbx using Guid(479fedd722d0b6b4e95c9ed731ae9395) Importer(815301076,1909f56bfc062723c751e8b465ee728b) (PreviewImporter) -> (artifact id: '41acc89643b7208a81e72493d9c03c69') in 0.0048126 seconds
Number of updated asset objects reloaded before import = 0Number of asset objects unloaded after import = 85

========================================================================
Received Import Request.
  Time since last request: 0.000029 seconds.
  path: Assets/Characters/Pro Melee Axe Pack/unarmed run forward.fbx
  artifactKey: Guid(4c4c8791038dfe344b21dc177f441611) Importer(815301076,1909f56bfc062723c751e8b465ee728b)
Start importing Assets/Characters/Pro Melee Axe Pack/unarmed run forward.fbx using Guid(4c4c8791038dfe344b21dc177f441611) Importer(815301076,1909f56bfc062723c751e8b465ee728b) (PreviewImporter) -> (artifact id: '46834e6d5aff021ade1a26276750582a') in 0.0057307 seconds
Number of updated asset objects reloaded before import = 0Number of asset objects unloaded after import = 85

========================================================================
Received Import Request.
  Time since last request: 10.030736 seconds.
  path: Assets/Characters/Pro Melee Axe Pack/standing jump.fbx
  artifactKey: Guid(dfd40ec11f50af64b8e707fe41522d42) Importer(815301076,1909f56bfc062723c751e8b465ee728b)
Start importing Assets/Characters/Pro Melee Axe Pack/standing jump.fbx using Guid(dfd40ec11f50af64b8e707fe41522d42) Importer(815301076,1909f56bfc062723c751e8b465ee728b) (PreviewImporter) -> (artifact id: '55620610a3d8da203f151e7a3b14c8c8') in 0.0053422 seconds
Number of updated asset objects reloaded before import = 0Number of asset objects unloaded after import = 84

========================================================================
Received Import Request.
  Time since last request: 0.000028 seconds.
  path: Assets/Characters/Pro Melee Axe Pack/standing melee attack downward.fbx
  artifactKey: Guid(341e6667d9cddb54e9948cce8bb41423) Importer(815301076,1909f56bfc062723c751e8b465ee728b)
Start importing Assets/Characters/Pro Melee Axe Pack/standing melee attack downward.fbx using Guid(341e6667d9cddb54e9948cce8bb41423) Importer(815301076,1909f56bfc062723c751e8b465ee728b) (PreviewImporter) -> (artifact id: '03442333195f888608cfc6f73beab343') in 0.005521 seconds
Number of updated asset objects reloaded before import = 0Number of asset objects unloaded after import = 84

========================================================================
Received Import Request.
  Time since last request: 0.000034 seconds.
  path: Assets/Characters/Pro Melee Axe Pack/unarmed equip underarm.fbx
  artifactKey: Guid(9190e1902ed363c4a81c23d3c2dde20a) Importer(815301076,1909f56bfc062723c751e8b465ee728b)
Start importing Assets/Characters/Pro Melee Axe Pack/unarmed equip underarm.fbx using Guid(9190e1902ed363c4a81c23d3c2dde20a) Importer(815301076,1909f56bfc062723c751e8b465ee728b) (PreviewImporter) -> (artifact id: 'a058f4fc833f922736aa8ce44af2611d') in 0.0052146 seconds
Number of updated asset objects reloaded before import = 0Number of asset objects unloaded after import = 84

========================================================================
Received Import Request.
  Time since last request: 0.000032 seconds.
  path: Assets/Characters/Pro Melee Axe Pack/standing walk left.fbx
  artifactKey: Guid(78e5d9a506d7fe943897eb1294fe258a) Importer(815301076,1909f56bfc062723c751e8b465ee728b)
Start importing Assets/Characters/Pro Melee Axe Pack/standing walk left.fbx using Guid(78e5d9a506d7fe943897eb1294fe258a) Importer(815301076,1909f56bfc062723c751e8b465ee728b) (PreviewImporter) -> (artifact id: 'efcdf93851f568e9abd7a67ed8886a1d') in 0.0050831 seconds
Number of updated asset objects reloaded before import = 0Number of asset objects unloaded after import = 84

========================================================================
Received Import Request.
  Time since last request: 0.000024 seconds.
  path: Assets/Characters/Pro Melee Axe Pack/standing run forward.fbx
  artifactKey: Guid(b5bf9084bfe526747bdac1e771691acd) Importer(815301076,1909f56bfc062723c751e8b465ee728b)
Start importing Assets/Characters/Pro Melee Axe Pack/standing run forward.fbx using Guid(b5bf9084bfe526747bdac1e771691acd) Importer(815301076,1909f56bfc062723c751e8b465ee728b) (PreviewImporter) -> (artifact id: '101395f7e1c89dc9bf552e8e04e898a5') in 0.0059625 seconds
Number of updated asset objects reloaded before import = 0Number of asset objects unloaded after import = 84

========================================================================
Received Import Request.
  Time since last request: 0.000073 seconds.
  path: Assets/Characters/Pro Melee Axe Pack/unarmed walk back.fbx
  artifactKey: Guid(15fc5a33973b0964bb5fb90b82b88b9c) Importer(815301076,1909f56bfc062723c751e8b465ee728b)
Start importing Assets/Characters/Pro Melee Axe Pack/unarmed walk back.fbx using Guid(15fc5a33973b0964bb5fb90b82b88b9c) Importer(815301076,1909f56bfc062723c751e8b465ee728b) (PreviewImporter) -> (artifact id: '241ec1a072ab2cb63c32607b105dacbf') in 0.0053711 seconds
Number of updated asset objects reloaded before import = 0Number of asset objects unloaded after import = 84

========================================================================
Received Import Request.
  Time since last request: 0.000025 seconds.
  path: Assets/Characters/Pro Melee Axe Pack/unarmed jump.fbx
  artifactKey: Guid(b51aa1ba92fc2da4da69296648d5d078) Importer(815301076,1909f56bfc062723c751e8b465ee728b)
Start importing Assets/Characters/Pro Melee Axe Pack/unarmed jump.fbx using Guid(b51aa1ba92fc2da4da69296648d5d078) Importer(815301076,1909f56bfc062723c751e8b465ee728b) (PreviewImporter) -> (artifact id: 'b699aebe572eed08e69cdd67bf2a3204') in 0.0057256 seconds
Number of updated asset objects reloaded before import = 0Number of asset objects unloaded after import = 84

========================================================================
Received Import Request.
  Time since last request: 0.000025 seconds.
  path: Assets/Characters/Pro Melee Axe Pack/standing taunt chest thump.fbx
  artifactKey: Guid(15988d7f9083c2f4c974e133951aaf9d) Importer(815301076,1909f56bfc062723c751e8b465ee728b)
Start importing Assets/Characters/Pro Melee Axe Pack/standing taunt chest thump.fbx using Guid(15988d7f9083c2f4c974e133951aaf9d) Importer(815301076,1909f56bfc062723c751e8b465ee728b) (PreviewImporter) -> (artifact id: '7056bdfe95aa11430ce0ade9880eee22') in 0.0047996 seconds
Number of updated asset objects reloaded before import = 0Number of asset objects unloaded after import = 84

========================================================================
Received Import Request.
  Time since last request: 0.000091 seconds.
  path: Assets/Characters/Pro Melee Axe Pack/standing melee attack horizontal.fbx
  artifactKey: Guid(449f19fe54d337b46982b5fe72d77c72) Importer(815301076,1909f56bfc062723c751e8b465ee728b)
Start importing Assets/Characters/Pro Melee Axe Pack/standing melee attack horizontal.fbx using Guid(449f19fe54d337b46982b5fe72d77c72) Importer(815301076,1909f56bfc062723c751e8b465ee728b) (PreviewImporter) -> (artifact id: '1108d9187b2066a903fd458e285b64b9') in 0.0055171 seconds
Number of updated asset objects reloaded before import = 0Number of asset objects unloaded after import = 84

========================================================================
Received Import Request.
  Time since last request: 0.000023 seconds.
  path: Assets/Characters/Pro Melee Axe Pack/unarmed equip over shoulder.fbx
  artifactKey: Guid(eecf43e2ec8cb4842ad4c4b7c55c6db4) Importer(815301076,1909f56bfc062723c751e8b465ee728b)
Start importing Assets/Characters/Pro Melee Axe Pack/unarmed equip over shoulder.fbx using Guid(eecf43e2ec8cb4842ad4c4b7c55c6db4) Importer(815301076,1909f56bfc062723c751e8b465ee728b) (PreviewImporter) -> (artifact id: 'af42a1a8e7c49766dc8d86f9340e882a') in 0.0051717 seconds
Number of updated asset objects reloaded before import = 0Number of asset objects unloaded after import = 84

========================================================================
Received Import Request.
  Time since last request: 11.981701 seconds.
  path: Assets/Characters/Pro Melee Axe Pack/standing disarm over shoulder.fbx
  artifactKey: Guid(2263936c4ed51114d8895a9a05504c1e) Importer(815301076,1909f56bfc062723c751e8b465ee728b)
Start importing Assets/Characters/Pro Melee Axe Pack/standing disarm over shoulder.fbx using Guid(2263936c4ed51114d8895a9a05504c1e) Importer(815301076,1909f56bfc062723c751e8b465ee728b) (PreviewImporter) -> (artifact id: 'cbcab01683fa4b9156f3dd460bdb95f3') in 0.0062395 seconds
Number of updated asset objects reloaded before import = 0Number of asset objects unloaded after import = 84

========================================================================
Received Import Request.
  Time since last request: 0.000029 seconds.
  path: Assets/Characters/Pro Melee Axe Pack/standing idle.fbx
  artifactKey: Guid(2b98485260a18ad4dbc114f2b906f4bc) Importer(815301076,1909f56bfc062723c751e8b465ee728b)
Start importing Assets/Characters/Pro Melee Axe Pack/standing idle.fbx using Guid(2b98485260a18ad4dbc114f2b906f4bc) Importer(815301076,1909f56bfc062723c751e8b465ee728b) (PreviewImporter) -> (artifact id: '96ef8961800bf79b9e3450b332371de7') in 0.0049586 seconds
Number of updated asset objects reloaded before import = 0Number of asset objects unloaded after import = 84

========================================================================
Received Import Request.
  Time since last request: 10.683670 seconds.
  path: Assets/Characters/Pro Melee Axe Pack/standing jump.fbx
  artifactKey: Guid(dfd40ec11f50af64b8e707fe41522d42) Importer(815301076,1909f56bfc062723c751e8b465ee728b)
Start importing Assets/Characters/Pro Melee Axe Pack/standing jump.fbx using Guid(dfd40ec11f50af64b8e707fe41522d42) Importer(815301076,1909f56bfc062723c751e8b465ee728b) (PreviewImporter) -> (artifact id: '422985258323387bf43b23a0855feb5f') in 0.0056676 seconds
Number of updated asset objects reloaded before import = 0Number of asset objects unloaded after import = 87

========================================================================
Received Import Request.
  Time since last request: 0.000020 seconds.
  path: Assets/Characters/Pro Melee Axe Pack/standing melee attack downward.fbx
  artifactKey: Guid(341e6667d9cddb54e9948cce8bb41423) Importer(815301076,1909f56bfc062723c751e8b465ee728b)
Start importing Assets/Characters/Pro Melee Axe Pack/standing melee attack downward.fbx using Guid(341e6667d9cddb54e9948cce8bb41423) Importer(815301076,1909f56bfc062723c751e8b465ee728b) (PreviewImporter) -> (artifact id: '4fbb8ab52e525781660a7ede46e2a4d5') in 0.0057483 seconds
Number of updated asset objects reloaded before import = 0Number of asset objects unloaded after import = 87

========================================================================
Received Import Request.
  Time since last request: 0.000048 seconds.
  path: Assets/Characters/Pro Melee Axe Pack/standing melee attack 360 low.fbx
  artifactKey: Guid(a245fd52f04851048b57a5b0b9495da6) Importer(815301076,1909f56bfc062723c751e8b465ee728b)
Start importing Assets/Characters/Pro Melee Axe Pack/standing melee attack 360 low.fbx using Guid(a245fd52f04851048b57a5b0b9495da6) Importer(815301076,1909f56bfc062723c751e8b465ee728b) (PreviewImporter) -> (artifact id: '18d08ac1d8b91a90e671d553ec4b7afa') in 0.0068025 seconds
Number of updated asset objects reloaded before import = 0Number of asset objects unloaded after import = 87

========================================================================
Received Import Request.
  Time since last request: 0.000022 seconds.
  path: Assets/Characters/Pro Melee Axe Pack/standing react large from left.fbx
  artifactKey: Guid(60bd00f3e2d283c498130e904ca19ac3) Importer(815301076,1909f56bfc062723c751e8b465ee728b)
Start importing Assets/Characters/Pro Melee Axe Pack/standing react large from left.fbx using Guid(60bd00f3e2d283c498130e904ca19ac3) Importer(815301076,1909f56bfc062723c751e8b465ee728b) (PreviewImporter) -> (artifact id: 'c70d9bb15f7f5fdea1d20279f0279f18') in 0.0059992 seconds
Number of updated asset objects reloaded before import = 0Number of asset objects unloaded after import = 87

========================================================================
Received Import Request.
  Time since last request: 0.000028 seconds.
  path: Assets/Characters/Pro Melee Axe Pack/standing turn left 90.fbx
  artifactKey: Guid(1b2c49742057bad4d96959ce93a0de0f) Importer(815301076,1909f56bfc062723c751e8b465ee728b)
Start importing Assets/Characters/Pro Melee Axe Pack/standing turn left 90.fbx using Guid(1b2c49742057bad4d96959ce93a0de0f) Importer(815301076,1909f56bfc062723c751e8b465ee728b) (PreviewImporter) -> (artifact id: 'a01e5016ac96f39b7a8c5e30a714f5eb') in 0.0054478 seconds
Number of updated asset objects reloaded before import = 0Number of asset objects unloaded after import = 87

========================================================================
Received Import Request.
  Time since last request: 0.000022 seconds.
  path: Assets/Characters/Pro Melee Axe Pack/unarmed walk back.fbx
  artifactKey: Guid(15fc5a33973b0964bb5fb90b82b88b9c) Importer(815301076,1909f56bfc062723c751e8b465ee728b)
Start importing Assets/Characters/Pro Melee Axe Pack/unarmed walk back.fbx using Guid(15fc5a33973b0964bb5fb90b82b88b9c) Importer(815301076,1909f56bfc062723c751e8b465ee728b) (PreviewImporter) -> (artifact id: '6ae731553fc53512a82334c83a6f6704') in 0.0063691 seconds
Number of updated asset objects reloaded before import = 0Number of asset objects unloaded after import = 87

========================================================================
Received Import Request.
  Time since last request: 0.000024 seconds.
  path: Assets/Characters/Pro Melee Axe Pack/unarmed jump.fbx
  artifactKey: Guid(b51aa1ba92fc2da4da69296648d5d078) Importer(815301076,1909f56bfc062723c751e8b465ee728b)
Start importing Assets/Characters/Pro Melee Axe Pack/unarmed jump.fbx using Guid(b51aa1ba92fc2da4da69296648d5d078) Importer(815301076,1909f56bfc062723c751e8b465ee728b) (PreviewImporter) -> (artifact id: '8e63c0d3f345985b476a9f54e8a84293') in 0.0071677 seconds
Number of updated asset objects reloaded before import = 0Number of asset objects unloaded after import = 87

========================================================================
Received Import Request.
  Time since last request: 0.000025 seconds.
  path: Assets/Characters/Pro Melee Axe Pack/unarmed idle looking ver. 1.fbx
  artifactKey: Guid(b689f5f5ed3d89647bbbc8ac16db8026) Importer(815301076,1909f56bfc062723c751e8b465ee728b)
Start importing Assets/Characters/Pro Melee Axe Pack/unarmed idle looking ver. 1.fbx using Guid(b689f5f5ed3d89647bbbc8ac16db8026) Importer(815301076,1909f56bfc062723c751e8b465ee728b) (PreviewImporter) -> (artifact id: '9f66c7f4fb6f1eacd927059bedf5e4ae') in 0.0070148 seconds
Number of updated asset objects reloaded before import = 0Number of asset objects unloaded after import = 87

========================================================================
Received Import Request.
  Time since last request: 0.000024 seconds.
  path: Assets/Characters/Pro Melee Axe Pack/standing melee attack kick ver. 2.fbx
  artifactKey: Guid(479fedd722d0b6b4e95c9ed731ae9395) Importer(815301076,1909f56bfc062723c751e8b465ee728b)
Start importing Assets/Characters/Pro Melee Axe Pack/standing melee attack kick ver. 2.fbx using Guid(479fedd722d0b6b4e95c9ed731ae9395) Importer(815301076,1909f56bfc062723c751e8b465ee728b) (PreviewImporter) -> (artifact id: '05bba846d04327c2929386e30c41a80a') in 0.0063178 seconds
Number of updated asset objects reloaded before import = 0Number of asset objects unloaded after import = 87

========================================================================
Received Import Request.
  Time since last request: 0.000024 seconds.
  path: Assets/Characters/Pro Melee Axe Pack/unarmed run forward.fbx
  artifactKey: Guid(4c4c8791038dfe344b21dc177f441611) Importer(815301076,1909f56bfc062723c751e8b465ee728b)
Start importing Assets/Characters/Pro Melee Axe Pack/unarmed run forward.fbx using Guid(4c4c8791038dfe344b21dc177f441611) Importer(815301076,1909f56bfc062723c751e8b465ee728b) (PreviewImporter) -> (artifact id: '59b41daca808b5089291af8878869872') in 0.0056285 seconds
Number of updated asset objects reloaded before import = 0Number of asset objects unloaded after import = 87

========================================================================
Received Import Request.
  Time since last request: 4.984756 seconds.
  path: Assets/Characters/Pro Melee Axe Pack/standing disarm over shoulder.fbx
  artifactKey: Guid(2263936c4ed51114d8895a9a05504c1e) Importer(815301076,1909f56bfc062723c751e8b465ee728b)
Start importing Assets/Characters/Pro Melee Axe Pack/standing disarm over shoulder.fbx using Guid(2263936c4ed51114d8895a9a05504c1e) Importer(815301076,1909f56bfc062723c751e8b465ee728b) (PreviewImporter) -> (artifact id: '5897f892bc386d6ced7638aa20d696a0') in 0.0063964 seconds
Number of updated asset objects reloaded before import = 0Number of asset objects unloaded after import = 87

